<?xml version="1.0" encoding="UTF-8" standalone="no"?>
<!DOCTYPE log SYSTEM "logger.dtd">
<log>
<record>
  <date>2019-07-30T09:12:51</date>
  <millis>1564458171595</millis>
  <sequence>0</sequence>
  <level>START</level>
  <class>com.kms.katalon.core.logging.XmlKeywordLogger</class>
  <method>startSuite</method>
  <thread>1</thread>
  <message>Start Test Suite : Test Suites/REALratings/FCLP</message>
  <nestedLevel>0</nestedLevel>
  <property name="name">FCLP</property>
  <property name="description"></property>
  <property name="id">Test Suites/REALratings/FCLP</property>
</record>
<record>
  <date>2019-07-30T09:12:51</date>
  <millis>1564458171609</millis>
  <sequence>1</sequence>
  <level>RUN_DATA</level>
  <class>com.kms.katalon.core.logging.XmlKeywordLogger</class>
  <method>logMessage</method>
  <thread>1</thread>
  <message>hostName = sambhavi - sambhavi.jmandigital.in</message>
  <nestedLevel>0</nestedLevel>
  <property name="hostName">sambhavi - sambhavi.jmandigital.in</property>
</record>
<record>
  <date>2019-07-30T09:12:51</date>
  <millis>1564458171611</millis>
  <sequence>2</sequence>
  <level>RUN_DATA</level>
  <class>com.kms.katalon.core.logging.XmlKeywordLogger</class>
  <method>logMessage</method>
  <thread>1</thread>
  <message>os = Windows 10 64bit</message>
  <nestedLevel>0</nestedLevel>
  <property name="os">Windows 10 64bit</property>
</record>
<record>
  <date>2019-07-30T09:12:51</date>
  <millis>1564458171611</millis>
  <sequence>3</sequence>
  <level>RUN_DATA</level>
  <class>com.kms.katalon.core.logging.XmlKeywordLogger</class>
  <method>logMessage</method>
  <thread>1</thread>
  <message>hostAddress = 192.168.0.185</message>
  <nestedLevel>0</nestedLevel>
  <property name="hostAddress">192.168.0.185</property>
</record>
<record>
  <date>2019-07-30T09:12:51</date>
  <millis>1564458171612</millis>
  <sequence>4</sequence>
  <level>RUN_DATA</level>
  <class>com.kms.katalon.core.logging.XmlKeywordLogger</class>
  <method>logMessage</method>
  <thread>1</thread>
  <message>katalonVersion = 6.0.5.10</message>
  <nestedLevel>0</nestedLevel>
  <property name="katalonVersion">6.0.5.10</property>
</record>
<record>
  <date>2019-07-30T09:12:51</date>
  <millis>1564458171857</millis>
  <sequence>5</sequence>
  <level>START</level>
  <class>com.kms.katalon.core.logging.XmlKeywordLogger</class>
  <method>startTest</method>
  <thread>1</thread>
  <message>Start Test Case : Test Cases/REALratings/FCLP/formSubmission</message>
  <nestedLevel>1</nestedLevel>
  <property name="name">Test Cases/REALratings/FCLP/formSubmission</property>
  <property name="description"></property>
  <property name="id">Test Cases/REALratings/FCLP/formSubmission</property>
  <property name="source">C:\\Users\\sambhavi\\git\\didactic-octo-spork\\Test Cases\\REALratings\\FCLP\\formSubmission.tc</property>
  <property name="isOptional">false</property>
</record>
<record>
  <date>2019-07-30T09:12:52</date>
  <millis>1564458172010</millis>
  <sequence>7</sequence>
  <level>INFO</level>
  <class>com.kms.katalon.core.logging.XmlKeywordLogger</class>
  <method>logMessage</method>
  <thread>1</thread>
  <message>(Default) randomString = </message>
  <nestedLevel>1</nestedLevel>
</record>
<record>
  <date>2019-07-30T09:12:53</date>
  <millis>1564458173374</millis>
  <sequence>8</sequence>
  <level>START</level>
  <class>com.kms.katalon.core.logging.XmlKeywordLogger</class>
  <method>startKeyword</method>
  <thread>1</thread>
  <message>Start action : comment(\&amp;quot;FCLP - Form Submission\&amp;quot;)</message>
  <nestedLevel>1</nestedLevel>
  <property name="startLine">18</property>
  <property name="stepIndex">1</property>
</record>
<record>
  <date>2019-07-30T09:12:53</date>
  <millis>1564458173459</millis>
  <sequence>9</sequence>
  <level>INFO</level>
  <class>com.kms.katalon.core.logging.XmlKeywordLogger</class>
  <method>logMessage</method>
  <thread>1</thread>
  <message>FCLP - Form Submission</message>
  <nestedLevel>1</nestedLevel>
</record>
<record>
  <date>2019-07-30T09:12:53</date>
  <millis>1564458173478</millis>
  <sequence>10</sequence>
  <level>END</level>
  <class>com.kms.katalon.core.logging.XmlKeywordLogger</class>
  <method>endKeyword</method>
  <thread>1</thread>
  <message>End action : comment(\&amp;quot;FCLP - Form Submission\&amp;quot;)</message>
  <nestedLevel>1</nestedLevel>
</record>
<record>
  <date>2019-07-30T09:12:53</date>
  <millis>1564458173478</millis>
  <sequence>11</sequence>
  <level>START</level>
  <class>com.kms.katalon.core.logging.XmlKeywordLogger</class>
  <method>startKeyword</method>
  <thread>1</thread>
  <message>Start action : openBrowser(\&amp;quot;\&amp;quot;)</message>
  <nestedLevel>1</nestedLevel>
  <property name="startLine">21</property>
  <property name="stepIndex">2</property>
  <property name="description">Open Browser</property>
</record>
<record>
  <date>2019-07-30T09:12:53</date>
  <millis>1564458173710</millis>
  <sequence>13</sequence>
  <level>INFO</level>
  <class>com.kms.katalon.core.logging.XmlKeywordLogger</class>
  <method>logMessage</method>
  <thread>1</thread>
  <message>Starting &amp;apos;Chrome&amp;apos; driver</message>
  <nestedLevel>1</nestedLevel>
</record>
<record>
  <date>2019-07-30T09:12:53</date>
  <millis>1564458173744</millis>
  <sequence>14</sequence>
  <level>INFO</level>
  <class>com.kms.katalon.core.logging.XmlKeywordLogger</class>
  <method>logMessage</method>
  <thread>1</thread>
  <message>Action delay is set to 0 seconds</message>
  <nestedLevel>1</nestedLevel>
</record>
<record>
  <date>2019-07-30T09:12:57</date>
  <millis>1564458177720</millis>
  <sequence>16</sequence>
  <level>RUN_DATA</level>
  <class>com.kms.katalon.core.logging.XmlKeywordLogger</class>
  <method>logMessage</method>
  <thread>1</thread>
  <message>sessionId = 78c99d82af36d9fed0c5d401f174b049</message>
  <nestedLevel>1</nestedLevel>
  <property name="sessionId">78c99d82af36d9fed0c5d401f174b049</property>
</record>
<record>
  <date>2019-07-30T09:12:57</date>
  <millis>1564458177747</millis>
  <sequence>17</sequence>
  <level>RUN_DATA</level>
  <class>com.kms.katalon.core.logging.XmlKeywordLogger</class>
  <method>logMessage</method>
  <thread>1</thread>
  <message>browser = Chrome 75.0.3770.142</message>
  <nestedLevel>1</nestedLevel>
  <property name="browser">Chrome 75.0.3770.142</property>
</record>
<record>
  <date>2019-07-30T09:12:57</date>
  <millis>1564458177748</millis>
  <sequence>18</sequence>
  <level>RUN_DATA</level>
  <class>com.kms.katalon.core.logging.XmlKeywordLogger</class>
  <method>logMessage</method>
  <thread>1</thread>
  <message>platform = Windows 10</message>
  <nestedLevel>1</nestedLevel>
  <property name="platform">Windows 10</property>
</record>
<record>
  <date>2019-07-30T09:12:57</date>
  <millis>1564458177750</millis>
  <sequence>19</sequence>
  <level>RUN_DATA</level>
  <class>com.kms.katalon.core.logging.XmlKeywordLogger</class>
  <method>logMessage</method>
  <thread>1</thread>
  <message>seleniumVersion = 3.7.1</message>
  <nestedLevel>1</nestedLevel>
  <property name="seleniumVersion">3.7.1</property>
</record>
<record>
  <date>2019-07-30T09:12:57</date>
  <millis>1564458177754</millis>
  <sequence>20</sequence>
  <level>RUN_DATA</level>
  <class>com.kms.katalon.core.logging.XmlKeywordLogger</class>
  <method>logMessage</method>
  <thread>1</thread>
  <message>proxyInformation = ProxyInformation{proxyOption=NO_PROXY, proxyServerType=HTTP, password=, proxyServerAddress=, proxyServerPort=0}</message>
  <nestedLevel>1</nestedLevel>
  <property name="proxyInformation">ProxyInformation{proxyOption=NO_PROXY, proxyServerType=HTTP, password=, proxyServerAddress=, proxyServerPort=0}</property>
</record>
<record>
  <date>2019-07-30T09:12:57</date>
  <millis>1564458177755</millis>
  <sequence>21</sequence>
  <level>PASSED</level>
  <class>com.kms.katalon.core.logging.XmlKeywordLogger</class>
  <method>logMessage</method>
  <thread>1</thread>
  <message>Browser is opened with url: &amp;apos;&amp;apos;</message>
  <nestedLevel>1</nestedLevel>
</record>
<record>
  <date>2019-07-30T09:12:57</date>
  <millis>1564458177755</millis>
  <sequence>22</sequence>
  <level>END</level>
  <class>com.kms.katalon.core.logging.XmlKeywordLogger</class>
  <method>endKeyword</method>
  <thread>1</thread>
  <message>End action : openBrowser(\&amp;quot;\&amp;quot;)</message>
  <nestedLevel>1</nestedLevel>
</record>
<record>
  <date>2019-07-30T09:12:57</date>
  <millis>1564458177756</millis>
  <sequence>23</sequence>
  <level>START</level>
  <class>com.kms.katalon.core.logging.XmlKeywordLogger</class>
  <method>startKeyword</method>
  <thread>1</thread>
  <message>Start action : myDriver = getWebDriver()</message>
  <nestedLevel>1</nestedLevel>
  <property name="startLine">23</property>
  <property name="stepIndex">3</property>
</record>
<record>
  <date>2019-07-30T09:12:57</date>
  <millis>1564458177766</millis>
  <sequence>24</sequence>
  <level>END</level>
  <class>com.kms.katalon.core.logging.XmlKeywordLogger</class>
  <method>endKeyword</method>
  <thread>1</thread>
  <message>End action : myDriver = getWebDriver()</message>
  <nestedLevel>1</nestedLevel>
</record>
<record>
  <date>2019-07-30T09:12:57</date>
  <millis>1564458177766</millis>
  <sequence>25</sequence>
  <level>START</level>
  <class>com.kms.katalon.core.logging.XmlKeywordLogger</class>
  <method>startKeyword</method>
  <thread>1</thread>
  <message>Start action : navigateToUrl(\&amp;quot;https://fclp-uat.realrating.co.uk/\&amp;quot;)</message>
  <nestedLevel>1</nestedLevel>
  <property name="startLine">26</property>
  <property name="stepIndex">4</property>
  <property name="description">Launch FCLP Applications</property>
</record>
<record>
  <date>2019-07-30T09:13:02</date>
  <millis>1564458182519</millis>
  <sequence>28</sequence>
  <level>PASSED</level>
  <class>com.kms.katalon.core.logging.XmlKeywordLogger</class>
  <method>logMessage</method>
  <thread>1</thread>
  <message>Navigate to &amp;apos;https://fclp-uat.realrating.co.uk/&amp;apos; successfully</message>
  <nestedLevel>1</nestedLevel>
</record>
<record>
  <date>2019-07-30T09:13:02</date>
  <millis>1564458182520</millis>
  <sequence>29</sequence>
  <level>END</level>
  <class>com.kms.katalon.core.logging.XmlKeywordLogger</class>
  <method>endKeyword</method>
  <thread>1</thread>
  <message>End action : navigateToUrl(\&amp;quot;https://fclp-uat.realrating.co.uk/\&amp;quot;)</message>
  <nestedLevel>1</nestedLevel>
</record>
<record>
  <date>2019-07-30T09:13:02</date>
  <millis>1564458182520</millis>
  <sequence>30</sequence>
  <level>START</level>
  <class>com.kms.katalon.core.logging.XmlKeywordLogger</class>
  <method>startKeyword</method>
  <thread>1</thread>
  <message>Start action : maximizeWindow()</message>
  <nestedLevel>1</nestedLevel>
  <property name="startLine">28</property>
  <property name="stepIndex">5</property>
</record>
<record>
  <date>2019-07-30T09:13:03</date>
  <millis>1564458183709</millis>
  <sequence>32</sequence>
  <level>PASSED</level>
  <class>com.kms.katalon.core.logging.XmlKeywordLogger</class>
  <method>logMessage</method>
  <thread>1</thread>
  <message>Current window maximized</message>
  <nestedLevel>1</nestedLevel>
</record>
<record>
  <date>2019-07-30T09:13:03</date>
  <millis>1564458183710</millis>
  <sequence>33</sequence>
  <level>END</level>
  <class>com.kms.katalon.core.logging.XmlKeywordLogger</class>
  <method>endKeyword</method>
  <thread>1</thread>
  <message>End action : maximizeWindow()</message>
  <nestedLevel>1</nestedLevel>
</record>
<record>
  <date>2019-07-30T09:13:03</date>
  <millis>1564458183710</millis>
  <sequence>34</sequence>
  <level>START</level>
  <class>com.kms.katalon.core.logging.XmlKeywordLogger</class>
  <method>startKeyword</method>
  <thread>1</thread>
  <message>Start action : rad = new java.util.Random()</message>
  <nestedLevel>1</nestedLevel>
  <property name="startLine">30</property>
  <property name="stepIndex">6</property>
</record>
<record>
  <date>2019-07-30T09:13:03</date>
  <millis>1564458183714</millis>
  <sequence>35</sequence>
  <level>END</level>
  <class>com.kms.katalon.core.logging.XmlKeywordLogger</class>
  <method>endKeyword</method>
  <thread>1</thread>
  <message>End action : rad = new java.util.Random()</message>
  <nestedLevel>1</nestedLevel>
</record>
<record>
  <date>2019-07-30T09:13:03</date>
  <millis>1564458183714</millis>
  <sequence>36</sequence>
  <level>START</level>
  <class>com.kms.katalon.core.logging.XmlKeywordLogger</class>
  <method>startKeyword</method>
  <thread>1</thread>
  <message>Start action : comment(\&amp;quot;Basic and University  Information\&amp;quot;)</message>
  <nestedLevel>1</nestedLevel>
  <property name="startLine">32</property>
  <property name="stepIndex">7</property>
</record>
<record>
  <date>2019-07-30T09:13:03</date>
  <millis>1564458183717</millis>
  <sequence>37</sequence>
  <level>INFO</level>
  <class>com.kms.katalon.core.logging.XmlKeywordLogger</class>
  <method>logMessage</method>
  <thread>1</thread>
  <message>Basic and University  Information</message>
  <nestedLevel>1</nestedLevel>
</record>
<record>
  <date>2019-07-30T09:13:03</date>
  <millis>1564458183719</millis>
  <sequence>38</sequence>
  <level>END</level>
  <class>com.kms.katalon.core.logging.XmlKeywordLogger</class>
  <method>endKeyword</method>
  <thread>1</thread>
  <message>End action : comment(\&amp;quot;Basic and University  Information\&amp;quot;)</message>
  <nestedLevel>1</nestedLevel>
</record>
<record>
  <date>2019-07-30T09:13:03</date>
  <millis>1564458183721</millis>
  <sequence>39</sequence>
  <level>START</level>
  <class>com.kms.katalon.core.logging.XmlKeywordLogger</class>
  <method>startKeyword</method>
  <thread>1</thread>
  <message>Start action : setText(findTestObject(\&amp;quot;REALRatings/FCLP/Page_REALrating/First Name\&amp;quot;), \&amp;quot;asha\&amp;quot;)</message>
  <nestedLevel>1</nestedLevel>
  <property name="startLine">35</property>
  <property name="stepIndex">8</property>
  <property name="description">Enter First Name</property>
</record>
<record>
  <date>2019-07-30T09:13:03</date>
  <millis>1564458183924</millis>
  <sequence>51</sequence>
  <level>PASSED</level>
  <class>com.kms.katalon.core.logging.XmlKeywordLogger</class>
  <method>logMessage</method>
  <thread>1</thread>
  <message>Text &amp;apos;asha&amp;apos; is set on object &amp;apos;Object Repository/REALRatings/FCLP/Page_REALrating/First Name&amp;apos;</message>
  <nestedLevel>1</nestedLevel>
</record>
<record>
  <date>2019-07-30T09:13:03</date>
  <millis>1564458183925</millis>
  <sequence>52</sequence>
  <level>END</level>
  <class>com.kms.katalon.core.logging.XmlKeywordLogger</class>
  <method>endKeyword</method>
  <thread>1</thread>
  <message>End action : setText(findTestObject(\&amp;quot;REALRatings/FCLP/Page_REALrating/First Name\&amp;quot;), \&amp;quot;asha\&amp;quot;)</message>
  <nestedLevel>1</nestedLevel>
</record>
<record>
  <date>2019-07-30T09:13:03</date>
  <millis>1564458183925</millis>
  <sequence>53</sequence>
  <level>START</level>
  <class>com.kms.katalon.core.logging.XmlKeywordLogger</class>
  <method>startKeyword</method>
  <thread>1</thread>
  <message>Start action : setText(findTestObject(\&amp;quot;REALRatings/FCLP/Page_REALrating/Last Name\&amp;quot;), \&amp;quot;rajednran\&amp;quot;)</message>
  <nestedLevel>1</nestedLevel>
  <property name="startLine">38</property>
  <property name="stepIndex">9</property>
  <property name="description">Enter Last Name</property>
</record>
<record>
  <date>2019-07-30T09:13:04</date>
  <millis>1564458184159</millis>
  <sequence>65</sequence>
  <level>PASSED</level>
  <class>com.kms.katalon.core.logging.XmlKeywordLogger</class>
  <method>logMessage</method>
  <thread>1</thread>
  <message>Text &amp;apos;rajednran&amp;apos; is set on object &amp;apos;Object Repository/REALRatings/FCLP/Page_REALrating/Last Name&amp;apos;</message>
  <nestedLevel>1</nestedLevel>
</record>
<record>
  <date>2019-07-30T09:13:04</date>
  <millis>1564458184160</millis>
  <sequence>66</sequence>
  <level>END</level>
  <class>com.kms.katalon.core.logging.XmlKeywordLogger</class>
  <method>endKeyword</method>
  <thread>1</thread>
  <message>End action : setText(findTestObject(\&amp;quot;REALRatings/FCLP/Page_REALrating/Last Name\&amp;quot;), \&amp;quot;rajednran\&amp;quot;)</message>
  <nestedLevel>1</nestedLevel>
</record>
<record>
  <date>2019-07-30T09:13:04</date>
  <millis>1564458184160</millis>
  <sequence>67</sequence>
  <level>START</level>
  <class>com.kms.katalon.core.logging.XmlKeywordLogger</class>
  <method>startKeyword</method>
  <thread>1</thread>
  <message>Start action : emailid = rad.nextInt(2000)</message>
  <nestedLevel>1</nestedLevel>
  <property name="startLine">41</property>
  <property name="stepIndex">10</property>
  <property name="description">Enter University Email</property>
</record>
<record>
  <date>2019-07-30T09:13:04</date>
  <millis>1564458184162</millis>
  <sequence>68</sequence>
  <level>END</level>
  <class>com.kms.katalon.core.logging.XmlKeywordLogger</class>
  <method>endKeyword</method>
  <thread>1</thread>
  <message>End action : emailid = rad.nextInt(2000)</message>
  <nestedLevel>1</nestedLevel>
</record>
<record>
  <date>2019-07-30T09:13:04</date>
  <millis>1564458184163</millis>
  <sequence>69</sequence>
  <level>START</level>
  <class>com.kms.katalon.core.logging.XmlKeywordLogger</class>
  <method>startKeyword</method>
  <thread>1</thread>
  <message>Start action : setText(findTestObject(\&amp;quot;REALRatings/FCLP/Page_REALrating/Univrsity Emaid\&amp;quot;), \&amp;quot;fclp\&amp;quot; + emailid + \&amp;quot;@test.com\&amp;quot;)</message>
  <nestedLevel>1</nestedLevel>
  <property name="startLine">43</property>
  <property name="stepIndex">11</property>
</record>
<record>
  <date>2019-07-30T09:13:04</date>
  <millis>1564458184484</millis>
  <sequence>81</sequence>
  <level>PASSED</level>
  <class>com.kms.katalon.core.logging.XmlKeywordLogger</class>
  <method>logMessage</method>
  <thread>1</thread>
  <message>Text &amp;apos;fclp1524@test.com&amp;apos; is set on object &amp;apos;Object Repository/REALRatings/FCLP/Page_REALrating/Univrsity Emaid&amp;apos;</message>
  <nestedLevel>1</nestedLevel>
</record>
<record>
  <date>2019-07-30T09:13:04</date>
  <millis>1564458184485</millis>
  <sequence>82</sequence>
  <level>END</level>
  <class>com.kms.katalon.core.logging.XmlKeywordLogger</class>
  <method>endKeyword</method>
  <thread>1</thread>
  <message>End action : setText(findTestObject(\&amp;quot;REALRatings/FCLP/Page_REALrating/Univrsity Emaid\&amp;quot;), \&amp;quot;fclp\&amp;quot; + emailid + \&amp;quot;@test.com\&amp;quot;)</message>
  <nestedLevel>1</nestedLevel>
</record>
<record>
  <date>2019-07-30T09:13:04</date>
  <millis>1564458184485</millis>
  <sequence>83</sequence>
  <level>START</level>
  <class>com.kms.katalon.core.logging.XmlKeywordLogger</class>
  <method>startKeyword</method>
  <thread>1</thread>
  <message>Start action : UniversityTotalOption = getNumberOfTotalOption(findTestObject(\&amp;quot;REALRatings/FCLP/Page_REALrating/University\&amp;quot;))</message>
  <nestedLevel>1</nestedLevel>
  <property name="startLine">46</property>
  <property name="stepIndex">12</property>
  <property name="description">University</property>
</record>
<record>
  <date>2019-07-30T09:13:04</date>
  <millis>1564458184572</millis>
  <sequence>90</sequence>
  <level>PASSED</level>
  <class>com.kms.katalon.core.logging.XmlKeywordLogger</class>
  <method>logMessage</method>
  <thread>1</thread>
  <message>154 options of object &amp;apos;Object Repository/REALRatings/FCLP/Page_REALrating/University&amp;apos; counted</message>
  <nestedLevel>1</nestedLevel>
</record>
<record>
  <date>2019-07-30T09:13:04</date>
  <millis>1564458184573</millis>
  <sequence>91</sequence>
  <level>END</level>
  <class>com.kms.katalon.core.logging.XmlKeywordLogger</class>
  <method>endKeyword</method>
  <thread>1</thread>
  <message>End action : UniversityTotalOption = getNumberOfTotalOption(findTestObject(\&amp;quot;REALRatings/FCLP/Page_REALrating/University\&amp;quot;))</message>
  <nestedLevel>1</nestedLevel>
</record>
<record>
  <date>2019-07-30T09:13:04</date>
  <millis>1564458184573</millis>
  <sequence>92</sequence>
  <level>START</level>
  <class>com.kms.katalon.core.logging.XmlKeywordLogger</class>
  <method>startKeyword</method>
  <thread>1</thread>
  <message>Start action : UniversityCount = 1 + rad.nextInt(UniversityTotalOption - 1)</message>
  <nestedLevel>1</nestedLevel>
  <property name="startLine">48</property>
  <property name="stepIndex">13</property>
</record>
<record>
  <date>2019-07-30T09:13:04</date>
  <millis>1564458184575</millis>
  <sequence>93</sequence>
  <level>END</level>
  <class>com.kms.katalon.core.logging.XmlKeywordLogger</class>
  <method>endKeyword</method>
  <thread>1</thread>
  <message>End action : UniversityCount = 1 + rad.nextInt(UniversityTotalOption - 1)</message>
  <nestedLevel>1</nestedLevel>
</record>
<record>
  <date>2019-07-30T09:13:04</date>
  <millis>1564458184576</millis>
  <sequence>94</sequence>
  <level>START</level>
  <class>com.kms.katalon.core.logging.XmlKeywordLogger</class>
  <method>startKeyword</method>
  <thread>1</thread>
  <message>Start action : selectOptionByIndex(findTestObject(\&amp;quot;REALRatings/FCLP/Page_REALrating/University\&amp;quot;), UniversityCount)</message>
  <nestedLevel>1</nestedLevel>
  <property name="startLine">50</property>
  <property name="stepIndex">14</property>
</record>
<record>
  <date>2019-07-30T09:13:05</date>
  <millis>1564458185380</millis>
  <sequence>106</sequence>
  <level>PASSED</level>
  <class>com.kms.katalon.core.logging.XmlKeywordLogger</class>
  <method>logMessage</method>
  <thread>1</thread>
  <message>All options with index in [93] are selected on object &amp;apos;Object Repository/REALRatings/FCLP/Page_REALrating/University&amp;apos;</message>
  <nestedLevel>1</nestedLevel>
</record>
<record>
  <date>2019-07-30T09:13:05</date>
  <millis>1564458185381</millis>
  <sequence>107</sequence>
  <level>END</level>
  <class>com.kms.katalon.core.logging.XmlKeywordLogger</class>
  <method>endKeyword</method>
  <thread>1</thread>
  <message>End action : selectOptionByIndex(findTestObject(\&amp;quot;REALRatings/FCLP/Page_REALrating/University\&amp;quot;), UniversityCount)</message>
  <nestedLevel>1</nestedLevel>
</record>
<record>
  <date>2019-07-30T09:13:05</date>
  <millis>1564458185381</millis>
  <sequence>108</sequence>
  <level>START</level>
  <class>com.kms.katalon.core.logging.XmlKeywordLogger</class>
  <method>startKeyword</method>
  <thread>1</thread>
  <message>Start action : if (UniversityCount == 98)</message>
  <nestedLevel>1</nestedLevel>
  <property name="startLine">53</property>
  <property name="stepIndex">15</property>
  <property name="description">Other University</property>
</record>
<record>
  <date>2019-07-30T09:13:05</date>
  <millis>1564458185383</millis>
  <sequence>109</sequence>
  <level>END</level>
  <class>com.kms.katalon.core.logging.XmlKeywordLogger</class>
  <method>endKeyword</method>
  <thread>1</thread>
  <message>End action : if (UniversityCount == 98)</message>
  <nestedLevel>1</nestedLevel>
</record>
<record>
  <date>2019-07-30T09:13:05</date>
  <millis>1564458185383</millis>
  <sequence>110</sequence>
  <level>START</level>
  <class>com.kms.katalon.core.logging.XmlKeywordLogger</class>
  <method>startKeyword</method>
  <thread>1</thread>
  <message>Start action : UniversityCourseTotalOption = getNumberOfTotalOption(findTestObject(\&amp;quot;REALRatings/FCLP/Page_REALrating/University Course\&amp;quot;))</message>
  <nestedLevel>1</nestedLevel>
  <property name="startLine">58</property>
  <property name="stepIndex">16</property>
  <property name="description">University Course</property>
</record>
<record>
  <date>2019-07-30T09:13:05</date>
  <millis>1564458185484</millis>
  <sequence>117</sequence>
  <level>PASSED</level>
  <class>com.kms.katalon.core.logging.XmlKeywordLogger</class>
  <method>logMessage</method>
  <thread>1</thread>
  <message>96 options of object &amp;apos;Object Repository/REALRatings/FCLP/Page_REALrating/University Course&amp;apos; counted</message>
  <nestedLevel>1</nestedLevel>
</record>
<record>
  <date>2019-07-30T09:13:05</date>
  <millis>1564458185484</millis>
  <sequence>118</sequence>
  <level>END</level>
  <class>com.kms.katalon.core.logging.XmlKeywordLogger</class>
  <method>endKeyword</method>
  <thread>1</thread>
  <message>End action : UniversityCourseTotalOption = getNumberOfTotalOption(findTestObject(\&amp;quot;REALRatings/FCLP/Page_REALrating/University Course\&amp;quot;))</message>
  <nestedLevel>1</nestedLevel>
</record>
<record>
  <date>2019-07-30T09:13:05</date>
  <millis>1564458185485</millis>
  <sequence>119</sequence>
  <level>START</level>
  <class>com.kms.katalon.core.logging.XmlKeywordLogger</class>
  <method>startKeyword</method>
  <thread>1</thread>
  <message>Start action : UniveristyCourseCount = 1 + rad.nextInt(UniversityCourseTotalOption - 1)</message>
  <nestedLevel>1</nestedLevel>
  <property name="startLine">60</property>
  <property name="stepIndex">17</property>
</record>
<record>
  <date>2019-07-30T09:13:05</date>
  <millis>1564458185485</millis>
  <sequence>120</sequence>
  <level>END</level>
  <class>com.kms.katalon.core.logging.XmlKeywordLogger</class>
  <method>endKeyword</method>
  <thread>1</thread>
  <message>End action : UniveristyCourseCount = 1 + rad.nextInt(UniversityCourseTotalOption - 1)</message>
  <nestedLevel>1</nestedLevel>
</record>
<record>
  <date>2019-07-30T09:13:05</date>
  <millis>1564458185486</millis>
  <sequence>121</sequence>
  <level>START</level>
  <class>com.kms.katalon.core.logging.XmlKeywordLogger</class>
  <method>startKeyword</method>
  <thread>1</thread>
  <message>Start action : selectOptionByIndex(findTestObject(\&amp;quot;REALRatings/FCLP/Page_REALrating/University Course\&amp;quot;), UniveristyCourseCount)</message>
  <nestedLevel>1</nestedLevel>
  <property name="startLine">62</property>
  <property name="stepIndex">18</property>
</record>
<record>
  <date>2019-07-30T09:13:06</date>
  <millis>1564458186190</millis>
  <sequence>133</sequence>
  <level>PASSED</level>
  <class>com.kms.katalon.core.logging.XmlKeywordLogger</class>
  <method>logMessage</method>
  <thread>1</thread>
  <message>All options with index in [85] are selected on object &amp;apos;Object Repository/REALRatings/FCLP/Page_REALrating/University Course&amp;apos;</message>
  <nestedLevel>1</nestedLevel>
</record>
<record>
  <date>2019-07-30T09:13:06</date>
  <millis>1564458186191</millis>
  <sequence>134</sequence>
  <level>END</level>
  <class>com.kms.katalon.core.logging.XmlKeywordLogger</class>
  <method>endKeyword</method>
  <thread>1</thread>
  <message>End action : selectOptionByIndex(findTestObject(\&amp;quot;REALRatings/FCLP/Page_REALrating/University Course\&amp;quot;), UniveristyCourseCount)</message>
  <nestedLevel>1</nestedLevel>
</record>
<record>
  <date>2019-07-30T09:13:06</date>
  <millis>1564458186191</millis>
  <sequence>135</sequence>
  <level>START</level>
  <class>com.kms.katalon.core.logging.XmlKeywordLogger</class>
  <method>startKeyword</method>
  <thread>1</thread>
  <message>Start action : if (UniveristyCourseCount == 95)</message>
  <nestedLevel>1</nestedLevel>
  <property name="startLine">65</property>
  <property name="stepIndex">19</property>
  <property name="description">University Other Course </property>
</record>
<record>
  <date>2019-07-30T09:13:06</date>
  <millis>1564458186192</millis>
  <sequence>136</sequence>
  <level>END</level>
  <class>com.kms.katalon.core.logging.XmlKeywordLogger</class>
  <method>endKeyword</method>
  <thread>1</thread>
  <message>End action : if (UniveristyCourseCount == 95)</message>
  <nestedLevel>1</nestedLevel>
</record>
<record>
  <date>2019-07-30T09:13:06</date>
  <millis>1564458186192</millis>
  <sequence>137</sequence>
  <level>START</level>
  <class>com.kms.katalon.core.logging.XmlKeywordLogger</class>
  <method>startKeyword</method>
  <thread>1</thread>
  <message>Start action : GraduationYearTotalOptions = getNumberOfTotalOption(findTestObject(\&amp;quot;REALRatings/FCLP/Page_REALrating/Graduation Year\&amp;quot;))</message>
  <nestedLevel>1</nestedLevel>
  <property name="startLine">70</property>
  <property name="stepIndex">20</property>
  <property name="description">Graduation Year</property>
</record>
<record>
  <date>2019-07-30T09:13:06</date>
  <millis>1564458186247</millis>
  <sequence>144</sequence>
  <level>PASSED</level>
  <class>com.kms.katalon.core.logging.XmlKeywordLogger</class>
  <method>logMessage</method>
  <thread>1</thread>
  <message>17 options of object &amp;apos;Object Repository/REALRatings/FCLP/Page_REALrating/Graduation Year&amp;apos; counted</message>
  <nestedLevel>1</nestedLevel>
</record>
<record>
  <date>2019-07-30T09:13:06</date>
  <millis>1564458186248</millis>
  <sequence>145</sequence>
  <level>END</level>
  <class>com.kms.katalon.core.logging.XmlKeywordLogger</class>
  <method>endKeyword</method>
  <thread>1</thread>
  <message>End action : GraduationYearTotalOptions = getNumberOfTotalOption(findTestObject(\&amp;quot;REALRatings/FCLP/Page_REALrating/Graduation Year\&amp;quot;))</message>
  <nestedLevel>1</nestedLevel>
</record>
<record>
  <date>2019-07-30T09:13:06</date>
  <millis>1564458186248</millis>
  <sequence>146</sequence>
  <level>START</level>
  <class>com.kms.katalon.core.logging.XmlKeywordLogger</class>
  <method>startKeyword</method>
  <thread>1</thread>
  <message>Start action : GraduationYearcount = 1 + rad.nextInt(GraduationYearTotalOptions - 1)</message>
  <nestedLevel>1</nestedLevel>
  <property name="startLine">72</property>
  <property name="stepIndex">21</property>
</record>
<record>
  <date>2019-07-30T09:13:06</date>
  <millis>1564458186248</millis>
  <sequence>147</sequence>
  <level>END</level>
  <class>com.kms.katalon.core.logging.XmlKeywordLogger</class>
  <method>endKeyword</method>
  <thread>1</thread>
  <message>End action : GraduationYearcount = 1 + rad.nextInt(GraduationYearTotalOptions - 1)</message>
  <nestedLevel>1</nestedLevel>
</record>
<record>
  <date>2019-07-30T09:13:06</date>
  <millis>1564458186249</millis>
  <sequence>148</sequence>
  <level>START</level>
  <class>com.kms.katalon.core.logging.XmlKeywordLogger</class>
  <method>startKeyword</method>
  <thread>1</thread>
  <message>Start action : selectOptionByIndex(findTestObject(\&amp;quot;REALRatings/FCLP/Page_REALrating/Graduation Year\&amp;quot;), GraduationYearcount)</message>
  <nestedLevel>1</nestedLevel>
  <property name="startLine">74</property>
  <property name="stepIndex">22</property>
</record>
<record>
  <date>2019-07-30T09:13:06</date>
  <millis>1564458186410</millis>
  <sequence>160</sequence>
  <level>PASSED</level>
  <class>com.kms.katalon.core.logging.XmlKeywordLogger</class>
  <method>logMessage</method>
  <thread>1</thread>
  <message>All options with index in [7] are selected on object &amp;apos;Object Repository/REALRatings/FCLP/Page_REALrating/Graduation Year&amp;apos;</message>
  <nestedLevel>1</nestedLevel>
</record>
<record>
  <date>2019-07-30T09:13:06</date>
  <millis>1564458186410</millis>
  <sequence>161</sequence>
  <level>END</level>
  <class>com.kms.katalon.core.logging.XmlKeywordLogger</class>
  <method>endKeyword</method>
  <thread>1</thread>
  <message>End action : selectOptionByIndex(findTestObject(\&amp;quot;REALRatings/FCLP/Page_REALrating/Graduation Year\&amp;quot;), GraduationYearcount)</message>
  <nestedLevel>1</nestedLevel>
</record>
<record>
  <date>2019-07-30T09:13:06</date>
  <millis>1564458186411</millis>
  <sequence>162</sequence>
  <level>START</level>
  <class>com.kms.katalon.core.logging.XmlKeywordLogger</class>
  <method>startKeyword</method>
  <thread>1</thread>
  <message>Start action : GradeYearTotalOptions = getNumberOfTotalOption(findTestObject(\&amp;quot;REALRatings/FCLP/Page_REALrating/Grade 21\&amp;quot;))</message>
  <nestedLevel>1</nestedLevel>
  <property name="startLine">77</property>
  <property name="stepIndex">23</property>
  <property name="description">Do you have a university degree at grade 2:1 or higher (or equivalent)?</property>
</record>
<record>
  <date>2019-07-30T09:13:06</date>
  <millis>1564458186461</millis>
  <sequence>169</sequence>
  <level>PASSED</level>
  <class>com.kms.katalon.core.logging.XmlKeywordLogger</class>
  <method>logMessage</method>
  <thread>1</thread>
  <message>3 options of object &amp;apos;Object Repository/REALRatings/FCLP/Page_REALrating/Grade 21&amp;apos; counted</message>
  <nestedLevel>1</nestedLevel>
</record>
<record>
  <date>2019-07-30T09:13:06</date>
  <millis>1564458186461</millis>
  <sequence>170</sequence>
  <level>END</level>
  <class>com.kms.katalon.core.logging.XmlKeywordLogger</class>
  <method>endKeyword</method>
  <thread>1</thread>
  <message>End action : GradeYearTotalOptions = getNumberOfTotalOption(findTestObject(\&amp;quot;REALRatings/FCLP/Page_REALrating/Grade 21\&amp;quot;))</message>
  <nestedLevel>1</nestedLevel>
</record>
<record>
  <date>2019-07-30T09:13:06</date>
  <millis>1564458186461</millis>
  <sequence>171</sequence>
  <level>START</level>
  <class>com.kms.katalon.core.logging.XmlKeywordLogger</class>
  <method>startKeyword</method>
  <thread>1</thread>
  <message>Start action : GradeYearcount = 1 + rad.nextInt(GradeYearTotalOptions - 1)</message>
  <nestedLevel>1</nestedLevel>
  <property name="startLine">79</property>
  <property name="stepIndex">24</property>
</record>
<record>
  <date>2019-07-30T09:13:06</date>
  <millis>1564458186462</millis>
  <sequence>172</sequence>
  <level>END</level>
  <class>com.kms.katalon.core.logging.XmlKeywordLogger</class>
  <method>endKeyword</method>
  <thread>1</thread>
  <message>End action : GradeYearcount = 1 + rad.nextInt(GradeYearTotalOptions - 1)</message>
  <nestedLevel>1</nestedLevel>
</record>
<record>
  <date>2019-07-30T09:13:06</date>
  <millis>1564458186462</millis>
  <sequence>173</sequence>
  <level>START</level>
  <class>com.kms.katalon.core.logging.XmlKeywordLogger</class>
  <method>startKeyword</method>
  <thread>1</thread>
  <message>Start action : selectOptionByIndex(findTestObject(\&amp;quot;REALRatings/FCLP/Page_REALrating/Grade 21\&amp;quot;), GradeYearcount)</message>
  <nestedLevel>1</nestedLevel>
  <property name="startLine">81</property>
  <property name="stepIndex">25</property>
</record>
<record>
  <date>2019-07-30T09:13:06</date>
  <millis>1564458186566</millis>
  <sequence>185</sequence>
  <level>PASSED</level>
  <class>com.kms.katalon.core.logging.XmlKeywordLogger</class>
  <method>logMessage</method>
  <thread>1</thread>
  <message>All options with index in [2] are selected on object &amp;apos;Object Repository/REALRatings/FCLP/Page_REALrating/Grade 21&amp;apos;</message>
  <nestedLevel>1</nestedLevel>
</record>
<record>
  <date>2019-07-30T09:13:06</date>
  <millis>1564458186567</millis>
  <sequence>186</sequence>
  <level>END</level>
  <class>com.kms.katalon.core.logging.XmlKeywordLogger</class>
  <method>endKeyword</method>
  <thread>1</thread>
  <message>End action : selectOptionByIndex(findTestObject(\&amp;quot;REALRatings/FCLP/Page_REALrating/Grade 21\&amp;quot;), GradeYearcount)</message>
  <nestedLevel>1</nestedLevel>
</record>
<record>
  <date>2019-07-30T09:13:06</date>
  <millis>1564458186567</millis>
  <sequence>187</sequence>
  <level>START</level>
  <class>com.kms.katalon.core.logging.XmlKeywordLogger</class>
  <method>startKeyword</method>
  <thread>1</thread>
  <message>Start action : GradeEnglishYearTotalOptions = getNumberOfTotalOption(findTestObject(\&amp;quot;REALRatings/FCLP/Page_REALrating/Grade B English\&amp;quot;))</message>
  <nestedLevel>1</nestedLevel>
  <property name="startLine">84</property>
  <property name="stepIndex">26</property>
  <property name="description">Do you have at least a grade B in GCSE English?</property>
</record>
<record>
  <date>2019-07-30T09:13:06</date>
  <millis>1564458186617</millis>
  <sequence>194</sequence>
  <level>PASSED</level>
  <class>com.kms.katalon.core.logging.XmlKeywordLogger</class>
  <method>logMessage</method>
  <thread>1</thread>
  <message>3 options of object &amp;apos;Object Repository/REALRatings/FCLP/Page_REALrating/Grade B English&amp;apos; counted</message>
  <nestedLevel>1</nestedLevel>
</record>
<record>
  <date>2019-07-30T09:13:06</date>
  <millis>1564458186617</millis>
  <sequence>195</sequence>
  <level>END</level>
  <class>com.kms.katalon.core.logging.XmlKeywordLogger</class>
  <method>endKeyword</method>
  <thread>1</thread>
  <message>End action : GradeEnglishYearTotalOptions = getNumberOfTotalOption(findTestObject(\&amp;quot;REALRatings/FCLP/Page_REALrating/Grade B English\&amp;quot;))</message>
  <nestedLevel>1</nestedLevel>
</record>
<record>
  <date>2019-07-30T09:13:06</date>
  <millis>1564458186618</millis>
  <sequence>196</sequence>
  <level>START</level>
  <class>com.kms.katalon.core.logging.XmlKeywordLogger</class>
  <method>startKeyword</method>
  <thread>1</thread>
  <message>Start action : GradeEnglishYearcount = 1 + rad.nextInt(GradeEnglishYearTotalOptions - 1)</message>
  <nestedLevel>1</nestedLevel>
  <property name="startLine">86</property>
  <property name="stepIndex">27</property>
</record>
<record>
  <date>2019-07-30T09:13:06</date>
  <millis>1564458186618</millis>
  <sequence>197</sequence>
  <level>END</level>
  <class>com.kms.katalon.core.logging.XmlKeywordLogger</class>
  <method>endKeyword</method>
  <thread>1</thread>
  <message>End action : GradeEnglishYearcount = 1 + rad.nextInt(GradeEnglishYearTotalOptions - 1)</message>
  <nestedLevel>1</nestedLevel>
</record>
<record>
  <date>2019-07-30T09:13:06</date>
  <millis>1564458186619</millis>
  <sequence>198</sequence>
  <level>START</level>
  <class>com.kms.katalon.core.logging.XmlKeywordLogger</class>
  <method>startKeyword</method>
  <thread>1</thread>
  <message>Start action : selectOptionByIndex(findTestObject(\&amp;quot;REALRatings/FCLP/Page_REALrating/Grade B English\&amp;quot;), GradeEnglishYearcount)</message>
  <nestedLevel>1</nestedLevel>
  <property name="startLine">88</property>
  <property name="stepIndex">28</property>
</record>
<record>
  <date>2019-07-30T09:13:06</date>
  <millis>1564458186718</millis>
  <sequence>210</sequence>
  <level>PASSED</level>
  <class>com.kms.katalon.core.logging.XmlKeywordLogger</class>
  <method>logMessage</method>
  <thread>1</thread>
  <message>All options with index in [1] are selected on object &amp;apos;Object Repository/REALRatings/FCLP/Page_REALrating/Grade B English&amp;apos;</message>
  <nestedLevel>1</nestedLevel>
</record>
<record>
  <date>2019-07-30T09:13:06</date>
  <millis>1564458186718</millis>
  <sequence>211</sequence>
  <level>END</level>
  <class>com.kms.katalon.core.logging.XmlKeywordLogger</class>
  <method>endKeyword</method>
  <thread>1</thread>
  <message>End action : selectOptionByIndex(findTestObject(\&amp;quot;REALRatings/FCLP/Page_REALrating/Grade B English\&amp;quot;), GradeEnglishYearcount)</message>
  <nestedLevel>1</nestedLevel>
</record>
<record>
  <date>2019-07-30T09:13:06</date>
  <millis>1564458186719</millis>
  <sequence>212</sequence>
  <level>START</level>
  <class>com.kms.katalon.core.logging.XmlKeywordLogger</class>
  <method>startKeyword</method>
  <thread>1</thread>
  <message>Start action : delay(2)</message>
  <nestedLevel>1</nestedLevel>
  <property name="startLine">90</property>
  <property name="stepIndex">29</property>
</record>
<record>
  <date>2019-07-30T09:13:08</date>
  <millis>1564458188726</millis>
  <sequence>214</sequence>
  <level>PASSED</level>
  <class>com.kms.katalon.core.logging.XmlKeywordLogger</class>
  <method>logMessage</method>
  <thread>1</thread>
  <message>Delayed 2 second(s)</message>
  <nestedLevel>1</nestedLevel>
</record>
<record>
  <date>2019-07-30T09:13:08</date>
  <millis>1564458188726</millis>
  <sequence>215</sequence>
  <level>END</level>
  <class>com.kms.katalon.core.logging.XmlKeywordLogger</class>
  <method>endKeyword</method>
  <thread>1</thread>
  <message>End action : delay(2)</message>
  <nestedLevel>1</nestedLevel>
</record>
<record>
  <date>2019-07-30T09:13:08</date>
  <millis>1564458188727</millis>
  <sequence>216</sequence>
  <level>START</level>
  <class>com.kms.katalon.core.logging.XmlKeywordLogger</class>
  <method>startKeyword</method>
  <thread>1</thread>
  <message>Start action : selectOptionByIndex(findTestObject(\&amp;quot;REALRatings/FCLP/Page_REALrating/Grade B Maths\&amp;quot;), GradeEnglishYearcount)</message>
  <nestedLevel>1</nestedLevel>
  <property name="startLine">95</property>
  <property name="stepIndex">30</property>
  <property name="description">Do you have at least a grade B in GCSE Maths?</property>
</record>
<record>
  <date>2019-07-30T09:13:09</date>
  <millis>1564458189063</millis>
  <sequence>228</sequence>
  <level>PASSED</level>
  <class>com.kms.katalon.core.logging.XmlKeywordLogger</class>
  <method>logMessage</method>
  <thread>1</thread>
  <message>All options with index in [1] are selected on object &amp;apos;Object Repository/REALRatings/FCLP/Page_REALrating/Grade B Maths&amp;apos;</message>
  <nestedLevel>1</nestedLevel>
</record>
<record>
  <date>2019-07-30T09:13:09</date>
  <millis>1564458189064</millis>
  <sequence>229</sequence>
  <level>END</level>
  <class>com.kms.katalon.core.logging.XmlKeywordLogger</class>
  <method>endKeyword</method>
  <thread>1</thread>
  <message>End action : selectOptionByIndex(findTestObject(\&amp;quot;REALRatings/FCLP/Page_REALrating/Grade B Maths\&amp;quot;), GradeEnglishYearcount)</message>
  <nestedLevel>1</nestedLevel>
</record>
<record>
  <date>2019-07-30T09:13:09</date>
  <millis>1564458189064</millis>
  <sequence>230</sequence>
  <level>START</level>
  <class>com.kms.katalon.core.logging.XmlKeywordLogger</class>
  <method>startKeyword</method>
  <thread>1</thread>
  <message>Start action : click(findTestObject(\&amp;quot;REALRatings/FCLP/Page_REALrating/a_Next\&amp;quot;))</message>
  <nestedLevel>1</nestedLevel>
  <property name="startLine">97</property>
  <property name="stepIndex">31</property>
</record>
<record>
  <date>2019-07-30T09:13:09</date>
  <millis>1564458189178</millis>
  <sequence>237</sequence>
  <level>PASSED</level>
  <class>com.kms.katalon.core.logging.XmlKeywordLogger</class>
  <method>logMessage</method>
  <thread>1</thread>
  <message>Object: &amp;apos;Object Repository/REALRatings/FCLP/Page_REALrating/a_Next&amp;apos; is clicked on</message>
  <nestedLevel>1</nestedLevel>
</record>
<record>
  <date>2019-07-30T09:13:09</date>
  <millis>1564458189179</millis>
  <sequence>238</sequence>
  <level>END</level>
  <class>com.kms.katalon.core.logging.XmlKeywordLogger</class>
  <method>endKeyword</method>
  <thread>1</thread>
  <message>End action : click(findTestObject(\&amp;quot;REALRatings/FCLP/Page_REALrating/a_Next\&amp;quot;))</message>
  <nestedLevel>1</nestedLevel>
</record>
<record>
  <date>2019-07-30T09:13:09</date>
  <millis>1564458189179</millis>
  <sequence>239</sequence>
  <level>START</level>
  <class>com.kms.katalon.core.logging.XmlKeywordLogger</class>
  <method>startKeyword</method>
  <thread>1</thread>
  <message>Start action : delay(2)</message>
  <nestedLevel>1</nestedLevel>
  <property name="startLine">99</property>
  <property name="stepIndex">32</property>
</record>
<record>
  <date>2019-07-30T09:13:11</date>
  <millis>1564458191181</millis>
  <sequence>241</sequence>
  <level>PASSED</level>
  <class>com.kms.katalon.core.logging.XmlKeywordLogger</class>
  <method>logMessage</method>
  <thread>1</thread>
  <message>Delayed 2 second(s)</message>
  <nestedLevel>1</nestedLevel>
</record>
<record>
  <date>2019-07-30T09:13:11</date>
  <millis>1564458191183</millis>
  <sequence>242</sequence>
  <level>END</level>
  <class>com.kms.katalon.core.logging.XmlKeywordLogger</class>
  <method>endKeyword</method>
  <thread>1</thread>
  <message>End action : delay(2)</message>
  <nestedLevel>1</nestedLevel>
</record>
<record>
  <date>2019-07-30T09:13:11</date>
  <millis>1564458191184</millis>
  <sequence>243</sequence>
  <level>START</level>
  <class>com.kms.katalon.core.logging.XmlKeywordLogger</class>
  <method>startKeyword</method>
  <thread>1</thread>
  <message>Start action : comment(\&amp;quot;Main Qualification Information\&amp;quot;)</message>
  <nestedLevel>1</nestedLevel>
  <property name="startLine">101</property>
  <property name="stepIndex">33</property>
</record>
<record>
  <date>2019-07-30T09:13:11</date>
  <millis>1564458191190</millis>
  <sequence>244</sequence>
  <level>INFO</level>
  <class>com.kms.katalon.core.logging.XmlKeywordLogger</class>
  <method>logMessage</method>
  <thread>1</thread>
  <message>Main Qualification Information</message>
  <nestedLevel>1</nestedLevel>
</record>
<record>
  <date>2019-07-30T09:13:11</date>
  <millis>1564458191192</millis>
  <sequence>245</sequence>
  <level>END</level>
  <class>com.kms.katalon.core.logging.XmlKeywordLogger</class>
  <method>endKeyword</method>
  <thread>1</thread>
  <message>End action : comment(\&amp;quot;Main Qualification Information\&amp;quot;)</message>
  <nestedLevel>1</nestedLevel>
</record>
<record>
  <date>2019-07-30T09:13:11</date>
  <millis>1564458191193</millis>
  <sequence>246</sequence>
  <level>START</level>
  <class>com.kms.katalon.core.logging.XmlKeywordLogger</class>
  <method>startKeyword</method>
  <thread>1</thread>
  <message>Start action : ALevelYearTotalOptions = getNumberOfTotalOption(findTestObject(\&amp;quot;REALRatings/FCLP/Page_REALrating/A Level Year\&amp;quot;))</message>
  <nestedLevel>1</nestedLevel>
  <property name="startLine">104</property>
  <property name="stepIndex">34</property>
  <property name="description">A-Level year</property>
</record>
<record>
  <date>2019-07-30T09:13:11</date>
  <millis>1564458191299</millis>
  <sequence>253</sequence>
  <level>PASSED</level>
  <class>com.kms.katalon.core.logging.XmlKeywordLogger</class>
  <method>logMessage</method>
  <thread>1</thread>
  <message>71 options of object &amp;apos;Object Repository/REALRatings/FCLP/Page_REALrating/A Level Year&amp;apos; counted</message>
  <nestedLevel>1</nestedLevel>
</record>
<record>
  <date>2019-07-30T09:13:11</date>
  <millis>1564458191299</millis>
  <sequence>254</sequence>
  <level>END</level>
  <class>com.kms.katalon.core.logging.XmlKeywordLogger</class>
  <method>endKeyword</method>
  <thread>1</thread>
  <message>End action : ALevelYearTotalOptions = getNumberOfTotalOption(findTestObject(\&amp;quot;REALRatings/FCLP/Page_REALrating/A Level Year\&amp;quot;))</message>
  <nestedLevel>1</nestedLevel>
</record>
<record>
  <date>2019-07-30T09:13:11</date>
  <millis>1564458191299</millis>
  <sequence>255</sequence>
  <level>START</level>
  <class>com.kms.katalon.core.logging.XmlKeywordLogger</class>
  <method>startKeyword</method>
  <thread>1</thread>
  <message>Start action : ALevelYearcount = 1 + rad.nextInt(ALevelYearTotalOptions - 1)</message>
  <nestedLevel>1</nestedLevel>
  <property name="startLine">106</property>
  <property name="stepIndex">35</property>
</record>
<record>
  <date>2019-07-30T09:13:11</date>
  <millis>1564458191300</millis>
  <sequence>256</sequence>
  <level>END</level>
  <class>com.kms.katalon.core.logging.XmlKeywordLogger</class>
  <method>endKeyword</method>
  <thread>1</thread>
  <message>End action : ALevelYearcount = 1 + rad.nextInt(ALevelYearTotalOptions - 1)</message>
  <nestedLevel>1</nestedLevel>
</record>
<record>
  <date>2019-07-30T09:13:11</date>
  <millis>1564458191300</millis>
  <sequence>257</sequence>
  <level>START</level>
  <class>com.kms.katalon.core.logging.XmlKeywordLogger</class>
  <method>startKeyword</method>
  <thread>1</thread>
  <message>Start action : selectOptionByIndex(findTestObject(\&amp;quot;REALRatings/FCLP/Page_REALrating/A Level Year\&amp;quot;), ALevelYearcount)</message>
  <nestedLevel>1</nestedLevel>
  <property name="startLine">108</property>
  <property name="stepIndex">36</property>
</record>
<record>
  <date>2019-07-30T09:13:11</date>
  <millis>1564458191793</millis>
  <sequence>269</sequence>
  <level>PASSED</level>
  <class>com.kms.katalon.core.logging.XmlKeywordLogger</class>
  <method>logMessage</method>
  <thread>1</thread>
  <message>All options with index in [58] are selected on object &amp;apos;Object Repository/REALRatings/FCLP/Page_REALrating/A Level Year&amp;apos;</message>
  <nestedLevel>1</nestedLevel>
</record>
<record>
  <date>2019-07-30T09:13:11</date>
  <millis>1564458191794</millis>
  <sequence>270</sequence>
  <level>END</level>
  <class>com.kms.katalon.core.logging.XmlKeywordLogger</class>
  <method>endKeyword</method>
  <thread>1</thread>
  <message>End action : selectOptionByIndex(findTestObject(\&amp;quot;REALRatings/FCLP/Page_REALrating/A Level Year\&amp;quot;), ALevelYearcount)</message>
  <nestedLevel>1</nestedLevel>
</record>
<record>
  <date>2019-07-30T09:13:11</date>
  <millis>1564458191794</millis>
  <sequence>271</sequence>
  <level>START</level>
  <class>com.kms.katalon.core.logging.XmlKeywordLogger</class>
  <method>startKeyword</method>
  <thread>1</thread>
  <message>Start action : GCSEYearTotalOptions = getNumberOfTotalOption(findTestObject(\&amp;quot;REALRatings/FCLP/Page_REALrating/GCSE Year\&amp;quot;))</message>
  <nestedLevel>1</nestedLevel>
  <property name="startLine">111</property>
  <property name="stepIndex">37</property>
  <property name="description">GCSE Year</property>
</record>
<record>
  <date>2019-07-30T09:13:11</date>
  <millis>1564458191851</millis>
  <sequence>278</sequence>
  <level>PASSED</level>
  <class>com.kms.katalon.core.logging.XmlKeywordLogger</class>
  <method>logMessage</method>
  <thread>1</thread>
  <message>71 options of object &amp;apos;Object Repository/REALRatings/FCLP/Page_REALrating/GCSE Year&amp;apos; counted</message>
  <nestedLevel>1</nestedLevel>
</record>
<record>
  <date>2019-07-30T09:13:11</date>
  <millis>1564458191851</millis>
  <sequence>279</sequence>
  <level>END</level>
  <class>com.kms.katalon.core.logging.XmlKeywordLogger</class>
  <method>endKeyword</method>
  <thread>1</thread>
  <message>End action : GCSEYearTotalOptions = getNumberOfTotalOption(findTestObject(\&amp;quot;REALRatings/FCLP/Page_REALrating/GCSE Year\&amp;quot;))</message>
  <nestedLevel>1</nestedLevel>
</record>
<record>
  <date>2019-07-30T09:13:11</date>
  <millis>1564458191852</millis>
  <sequence>280</sequence>
  <level>START</level>
  <class>com.kms.katalon.core.logging.XmlKeywordLogger</class>
  <method>startKeyword</method>
  <thread>1</thread>
  <message>Start action : GCSEYearCount = 1 + rad.nextInt(GCSEYearTotalOptions - 1)</message>
  <nestedLevel>1</nestedLevel>
  <property name="startLine">113</property>
  <property name="stepIndex">38</property>
</record>
<record>
  <date>2019-07-30T09:13:11</date>
  <millis>1564458191852</millis>
  <sequence>281</sequence>
  <level>END</level>
  <class>com.kms.katalon.core.logging.XmlKeywordLogger</class>
  <method>endKeyword</method>
  <thread>1</thread>
  <message>End action : GCSEYearCount = 1 + rad.nextInt(GCSEYearTotalOptions - 1)</message>
  <nestedLevel>1</nestedLevel>
</record>
<record>
  <date>2019-07-30T09:13:11</date>
  <millis>1564458191853</millis>
  <sequence>282</sequence>
  <level>START</level>
  <class>com.kms.katalon.core.logging.XmlKeywordLogger</class>
  <method>startKeyword</method>
  <thread>1</thread>
  <message>Start action : selectOptionByIndex(findTestObject(\&amp;quot;REALRatings/FCLP/Page_REALrating/GCSE Year\&amp;quot;), GCSEYearCount)</message>
  <nestedLevel>1</nestedLevel>
  <property name="startLine">115</property>
  <property name="stepIndex">39</property>
</record>
<record>
  <date>2019-07-30T09:13:12</date>
  <millis>1564458192229</millis>
  <sequence>294</sequence>
  <level>PASSED</level>
  <class>com.kms.katalon.core.logging.XmlKeywordLogger</class>
  <method>logMessage</method>
  <thread>1</thread>
  <message>All options with index in [34] are selected on object &amp;apos;Object Repository/REALRatings/FCLP/Page_REALrating/GCSE Year&amp;apos;</message>
  <nestedLevel>1</nestedLevel>
</record>
<record>
  <date>2019-07-30T09:13:12</date>
  <millis>1564458192230</millis>
  <sequence>295</sequence>
  <level>END</level>
  <class>com.kms.katalon.core.logging.XmlKeywordLogger</class>
  <method>endKeyword</method>
  <thread>1</thread>
  <message>End action : selectOptionByIndex(findTestObject(\&amp;quot;REALRatings/FCLP/Page_REALrating/GCSE Year\&amp;quot;), GCSEYearCount)</message>
  <nestedLevel>1</nestedLevel>
</record>
<record>
  <date>2019-07-30T09:13:12</date>
  <millis>1564458192230</millis>
  <sequence>296</sequence>
  <level>START</level>
  <class>com.kms.katalon.core.logging.XmlKeywordLogger</class>
  <method>startKeyword</method>
  <thread>1</thread>
  <message>Start action : MainQualificationTotaloptions = getNumberOfTotalOption(findTestObject(\&amp;quot;REALRatings/Greensill/Page_REALrating/Main Qualification\&amp;quot;))</message>
  <nestedLevel>1</nestedLevel>
  <property name="startLine">118</property>
  <property name="stepIndex">40</property>
  <property name="description">Select Main Qualification</property>
</record>
<record>
  <date>2019-07-30T09:13:12</date>
  <millis>1564458192338</millis>
  <sequence>303</sequence>
  <level>PASSED</level>
  <class>com.kms.katalon.core.logging.XmlKeywordLogger</class>
  <method>logMessage</method>
  <thread>1</thread>
  <message>6 options of object &amp;apos;Object Repository/REALRatings/Greensill/Page_REALrating/Main Qualification&amp;apos; counted</message>
  <nestedLevel>1</nestedLevel>
</record>
<record>
  <date>2019-07-30T09:13:12</date>
  <millis>1564458192339</millis>
  <sequence>304</sequence>
  <level>END</level>
  <class>com.kms.katalon.core.logging.XmlKeywordLogger</class>
  <method>endKeyword</method>
  <thread>1</thread>
  <message>End action : MainQualificationTotaloptions = getNumberOfTotalOption(findTestObject(\&amp;quot;REALRatings/Greensill/Page_REALrating/Main Qualification\&amp;quot;))</message>
  <nestedLevel>1</nestedLevel>
</record>
<record>
  <date>2019-07-30T09:13:12</date>
  <millis>1564458192339</millis>
  <sequence>305</sequence>
  <level>START</level>
  <class>com.kms.katalon.core.logging.XmlKeywordLogger</class>
  <method>startKeyword</method>
  <thread>1</thread>
  <message>Start action : MainQualificationCount = 1 + rad.nextInt(MainQualificationTotaloptions - 1)</message>
  <nestedLevel>1</nestedLevel>
  <property name="startLine">120</property>
  <property name="stepIndex">41</property>
</record>
<record>
  <date>2019-07-30T09:13:12</date>
  <millis>1564458192340</millis>
  <sequence>306</sequence>
  <level>END</level>
  <class>com.kms.katalon.core.logging.XmlKeywordLogger</class>
  <method>endKeyword</method>
  <thread>1</thread>
  <message>End action : MainQualificationCount = 1 + rad.nextInt(MainQualificationTotaloptions - 1)</message>
  <nestedLevel>1</nestedLevel>
</record>
<record>
  <date>2019-07-30T09:13:12</date>
  <millis>1564458192340</millis>
  <sequence>307</sequence>
  <level>START</level>
  <class>com.kms.katalon.core.logging.XmlKeywordLogger</class>
  <method>startKeyword</method>
  <thread>1</thread>
  <message>Start action : selectOptionByIndex(findTestObject(\&amp;quot;REALRatings/Greensill/Page_REALrating/Main Qualification\&amp;quot;), MainQualificationCount)</message>
  <nestedLevel>1</nestedLevel>
  <property name="startLine">122</property>
  <property name="stepIndex">42</property>
</record>
<record>
  <date>2019-07-30T09:13:12</date>
  <millis>1564458192518</millis>
  <sequence>319</sequence>
  <level>PASSED</level>
  <class>com.kms.katalon.core.logging.XmlKeywordLogger</class>
  <method>logMessage</method>
  <thread>1</thread>
  <message>All options with index in [2] are selected on object &amp;apos;Object Repository/REALRatings/Greensill/Page_REALrating/Main Qualification&amp;apos;</message>
  <nestedLevel>1</nestedLevel>
</record>
<record>
  <date>2019-07-30T09:13:12</date>
  <millis>1564458192520</millis>
  <sequence>320</sequence>
  <level>END</level>
  <class>com.kms.katalon.core.logging.XmlKeywordLogger</class>
  <method>endKeyword</method>
  <thread>1</thread>
  <message>End action : selectOptionByIndex(findTestObject(\&amp;quot;REALRatings/Greensill/Page_REALrating/Main Qualification\&amp;quot;), MainQualificationCount)</message>
  <nestedLevel>1</nestedLevel>
</record>
<record>
  <date>2019-07-30T09:13:12</date>
  <millis>1564458192520</millis>
  <sequence>321</sequence>
  <level>START</level>
  <class>com.kms.katalon.core.logging.XmlKeywordLogger</class>
  <method>startKeyword</method>
  <thread>1</thread>
  <message>Start action : if (MainQualificationCount == 1)</message>
  <nestedLevel>1</nestedLevel>
  <property name="startLine">125</property>
  <property name="stepIndex">43</property>
  <property name="description">A-Level</property>
</record>
<record>
  <date>2019-07-30T09:13:12</date>
  <millis>1564458192521</millis>
  <sequence>322</sequence>
  <level>END</level>
  <class>com.kms.katalon.core.logging.XmlKeywordLogger</class>
  <method>endKeyword</method>
  <thread>1</thread>
  <message>End action : if (MainQualificationCount == 1)</message>
  <nestedLevel>1</nestedLevel>
</record>
<record>
  <date>2019-07-30T09:13:12</date>
  <millis>1564458192521</millis>
  <sequence>323</sequence>
  <level>START</level>
  <class>com.kms.katalon.core.logging.XmlKeywordLogger</class>
  <method>startKeyword</method>
  <thread>1</thread>
  <message>Start action : else if (MainQualificationCount == 2)</message>
  <nestedLevel>1</nestedLevel>
  <property name="startLine">170</property>
  <property name="stepIndex">44</property>
</record>
<record>
  <date>2019-07-30T09:13:12</date>
  <millis>1564458192522</millis>
  <sequence>324</sequence>
  <level>START</level>
  <class>com.kms.katalon.core.logging.XmlKeywordLogger</class>
  <method>startKeyword</method>
  <thread>1</thread>
  <message>Start action : setText(findTestObject(\&amp;quot;REALRatings/REALrating/Page_REALrating/BTechTitle\&amp;quot;), \&amp;quot;maths\&amp;quot;)</message>
  <nestedLevel>2</nestedLevel>
  <property name="startLine">172</property>
  <property name="stepIndex">1</property>
  <property name="description">B-Tech Subject Line</property>
</record>
<record>
  <date>2019-07-30T09:13:12</date>
  <millis>1564458192691</millis>
  <sequence>336</sequence>
  <level>PASSED</level>
  <class>com.kms.katalon.core.logging.XmlKeywordLogger</class>
  <method>logMessage</method>
  <thread>1</thread>
  <message>Text &amp;apos;maths&amp;apos; is set on object &amp;apos;Object Repository/REALRatings/REALrating/Page_REALrating/BTechTitle&amp;apos;</message>
  <nestedLevel>1</nestedLevel>
</record>
<record>
  <date>2019-07-30T09:13:12</date>
  <millis>1564458192691</millis>
  <sequence>337</sequence>
  <level>END</level>
  <class>com.kms.katalon.core.logging.XmlKeywordLogger</class>
  <method>endKeyword</method>
  <thread>1</thread>
  <message>End action : setText(findTestObject(\&amp;quot;REALRatings/REALrating/Page_REALrating/BTechTitle\&amp;quot;), \&amp;quot;maths\&amp;quot;)</message>
  <nestedLevel>2</nestedLevel>
</record>
<record>
  <date>2019-07-30T09:13:12</date>
  <millis>1564458192692</millis>
  <sequence>338</sequence>
  <level>START</level>
  <class>com.kms.katalon.core.logging.XmlKeywordLogger</class>
  <method>startKeyword</method>
  <thread>1</thread>
  <message>Start action : BtechGradeTotalOptions = getNumberOfTotalOption(findTestObject(\&amp;quot;REALRatings/REALrating/Page_REALrating/BTechGrade\&amp;quot;))</message>
  <nestedLevel>2</nestedLevel>
  <property name="startLine">174</property>
  <property name="stepIndex">2</property>
</record>
<record>
  <date>2019-07-30T09:13:44</date>
  <millis>1564458224055</millis>
  <sequence>343</sequence>
  <level>INFO</level>
  <class>com.kms.katalon.core.logging.XmlKeywordLogger</class>
  <method>logMessage</method>
  <thread>1</thread>
  <message>Unable to find the element located by &amp;apos;By.xpath: id(\&amp;quot;btech.grade\&amp;quot;)[count(. | //select[@id = &amp;apos;btech.grade&amp;apos; and (text() = &amp;apos;\n                                                                    DD*DD*DD*D*DDDDDDDMDMMMMMMMPMPPPPP\n                                                                &amp;apos; or . = &amp;apos;\n                                                                    DD*DD*DD*D*DDDDDDDMDMMMMMMMPMPPPPP\n                                                                &amp;apos;)]) = count(//select[@id = &amp;apos;btech.grade&amp;apos; and (text() = &amp;apos;\n                                                                    DD*DD*DD*D*DDDDDDDMDMMMMMMMPMPPPPP\n                                                                &amp;apos; or . = &amp;apos;\n                                                                    DD*DD*DD*D*DDDDDDDMDMMMMMMMPMPPPPP\n                                                                &amp;apos;)])]&amp;apos;. Please recheck the objects properties to make sure the desired element is located. </message>
  <nestedLevel>1</nestedLevel>
</record>
<record>
  <date>2019-07-30T09:13:44</date>
  <millis>1564458224392</millis>
  <sequence>344</sequence>
  <level>FAILED</level>
  <class>com.kms.katalon.core.logging.XmlKeywordLogger</class>
  <method>logMessage</method>
  <thread>1</thread>
  <message>Unable to get total options of object &amp;apos;Object Repository/REALRatings/REALrating/Page_REALrating/BTechGrade&amp;apos;</message>
  <nestedLevel>1</nestedLevel>
  <property name="attachment">1564458224062.png</property>
</record>
<record>
  <date>2019-07-30T09:13:44</date>
  <millis>1564458224397</millis>
  <sequence>346</sequence>
  <logger>com.kms.katalon.core.logging.XmlKeywordLogger</logger>
  <level>FAILED</level>
  <class>com.kms.katalon.core.logging.XmlKeywordLogger</class>
  <method>logMessage</method>
  <thread>1</thread>
  <message>else if (MainQualificationCount == 2) FAILED.\nReason:\ncom.kms.katalon.core.exception.StepFailedException: Unable to get total options of object &amp;apos;Object Repository/REALRatings/REALrating/Page_REALrating/BTechGrade&amp;apos;\r\n\tat com.kms.katalon.core.keyword.internal.KeywordMain.stepFailed(KeywordMain.groovy:48)\r\n\tat com.kms.katalon.core.webui.keyword.internal.WebUIKeywordMain.stepFailed(WebUIKeywordMain.groovy:65)\r\n\tat com.kms.katalon.core.webui.keyword.internal.WebUIKeywordMain.runKeywordAndReturnInt(WebUIKeywordMain.groovy:57)\r\n\tat com.kms.katalon.core.webui.keyword.builtin.GetNumberOfTotalOptionKeyword.getNumberOfTotalOption(GetNumberOfTotalOptionKeyword.groovy:89)\r\n\tat com.kms.katalon.core.webui.keyword.builtin.GetNumberOfTotalOptionKeyword.execute(GetNumberOfTotalOptionKeyword.groovy:67)\r\n\tat com.kms.katalon.core.keyword.internal.KeywordExecutor.executeKeywordForPlatform(KeywordExecutor.groovy:56)\r\n\tat com.kms.katalon.core.webui.keyword.WebUiBuiltInKeywords.getNumberOfTotalOption(WebUiBuiltInKeywords.groovy:1917)\r\n\tat com.kms.katalon.core.webui.keyword.WebUiBuiltInKeywords$getNumberOfTotalOption$3.call(Unknown Source)\r\n\tat formSubmission.run(formSubmission:174)\r\n\tat com.kms.katalon.core.main.ScriptEngine.run(ScriptEngine.java:194)\r\n\tat com.kms.katalon.core.main.ScriptEngine.runScriptAsRawText(ScriptEngine.java:119)\r\n\tat com.kms.katalon.core.main.TestCaseExecutor.runScript(TestCaseExecutor.java:331)\r\n\tat com.kms.katalon.core.main.TestCaseExecutor.doExecute(TestCaseExecutor.java:322)\r\n\tat com.kms.katalon.core.main.TestCaseExecutor.processExecutionPhase(TestCaseExecutor.java:301)\r\n\tat com.kms.katalon.core.main.TestCaseExecutor.accessMainPhase(TestCaseExecutor.java:293)\r\n\tat com.kms.katalon.core.main.TestCaseExecutor.execute(TestCaseExecutor.java:227)\r\n\tat com.kms.katalon.core.main.TestSuiteExecutor.accessTestCaseMainPhase(TestSuiteExecutor.java:129)\r\n\tat com.kms.katalon.core.main.TestSuiteExecutor.accessTestSuiteMainPhase(TestSuiteExecutor.java:112)\r\n\tat com.kms.katalon.core.main.TestSuiteExecutor.execute(TestSuiteExecutor.java:81)\r\n\tat com.kms.katalon.core.main.TestCaseMain.startTestSuite(TestCaseMain.java:157)\r\n\tat com.kms.katalon.core.main.TestCaseMain$startTestSuite$0.call(Unknown Source)\r\n\tat TempTestSuite1564458169764.run(TempTestSuite1564458169764.groovy:35)\r\n</message>
  <exception>
    <message>com.kms.katalon.core.exception.StepFailedException: Unable to get total options of object 'Object Repository/REALRatings/REALrating/Page_REALrating/BTechGrade'</message>
    <frame>
      <class>com.kms.katalon.core.keyword.internal.KeywordMain</class>
      <method>stepFailed</method>
      <line>48</line>
    </frame>
    <frame>
      <class>com.kms.katalon.core.webui.keyword.internal.WebUIKeywordMain</class>
      <method>stepFailed</method>
      <line>65</line>
    </frame>
    <frame>
      <class>com.kms.katalon.core.webui.keyword.internal.WebUIKeywordMain</class>
      <method>runKeywordAndReturnInt</method>
      <line>57</line>
    </frame>
    <frame>
      <class>com.kms.katalon.core.webui.keyword.builtin.GetNumberOfTotalOptionKeyword</class>
      <method>getNumberOfTotalOption</method>
      <line>89</line>
    </frame>
    <frame>
      <class>com.kms.katalon.core.webui.keyword.builtin.GetNumberOfTotalOptionKeyword</class>
      <method>execute</method>
      <line>67</line>
    </frame>
    <frame>
      <class>com.kms.katalon.core.keyword.internal.KeywordExecutor</class>
      <method>executeKeywordForPlatform</method>
      <line>56</line>
    </frame>
    <frame>
      <class>com.kms.katalon.core.webui.keyword.WebUiBuiltInKeywords</class>
      <method>getNumberOfTotalOption</method>
      <line>1917</line>
    </frame>
    <frame>
      <class>com.kms.katalon.core.webui.keyword.WebUiBuiltInKeywords$getNumberOfTotalOption$3</class>
      <method>call</method>
    </frame>
    <frame>
      <class>formSubmission</class>
      <method>run</method>
      <line>174</line>
    </frame>
    <frame>
      <class>com.kms.katalon.core.main.ScriptEngine</class>
      <method>run</method>
      <line>194</line>
    </frame>
    <frame>
      <class>com.kms.katalon.core.main.ScriptEngine</class>
      <method>runScriptAsRawText</method>
      <line>119</line>
    </frame>
    <frame>
      <class>com.kms.katalon.core.main.TestCaseExecutor</class>
      <method>runScript</method>
      <line>331</line>
    </frame>
    <frame>
      <class>com.kms.katalon.core.main.TestCaseExecutor</class>
      <method>doExecute</method>
      <line>322</line>
    </frame>
    <frame>
      <class>com.kms.katalon.core.main.TestCaseExecutor</class>
      <method>processExecutionPhase</method>
      <line>301</line>
    </frame>
    <frame>
      <class>com.kms.katalon.core.main.TestCaseExecutor</class>
      <method>accessMainPhase</method>
      <line>293</line>
    </frame>
    <frame>
      <class>com.kms.katalon.core.main.TestCaseExecutor</class>
      <method>execute</method>
      <line>227</line>
    </frame>
    <frame>
      <class>com.kms.katalon.core.main.TestSuiteExecutor</class>
      <method>accessTestCaseMainPhase</method>
      <line>129</line>
    </frame>
    <frame>
      <class>com.kms.katalon.core.main.TestSuiteExecutor</class>
      <method>accessTestSuiteMainPhase</method>
      <line>112</line>
    </frame>
    <frame>
      <class>com.kms.katalon.core.main.TestSuiteExecutor</class>
      <method>execute</method>
      <line>81</line>
    </frame>
    <frame>
      <class>com.kms.katalon.core.main.TestCaseMain</class>
      <method>startTestSuite</method>
      <line>157</line>
    </frame>
    <frame>
      <class>com.kms.katalon.core.main.TestCaseMain$startTestSuite$0</class>
      <method>call</method>
    </frame>
    <frame>
      <class>TempTestSuite1564458169764</class>
      <method>run</method>
      <line>35</line>
    </frame>
  </exception>
  <nestedLevel>0</nestedLevel>
</record>
<record>
  <date>2019-07-30T09:13:44</date>
  <millis>1564458224397</millis>
  <sequence>347</sequence>
  <level>END</level>
  <class>com.kms.katalon.core.logging.XmlKeywordLogger</class>
  <method>endKeyword</method>
  <thread>1</thread>
  <message>End action : BtechGradeTotalOptions = getNumberOfTotalOption(findTestObject(\&amp;quot;REALRatings/REALrating/Page_REALrating/BTechGrade\&amp;quot;))</message>
  <nestedLevel>2</nestedLevel>
</record>
<record>
  <date>2019-07-30T09:13:44</date>
  <millis>1564458224398</millis>
  <sequence>348</sequence>
  <level>END</level>
  <class>com.kms.katalon.core.logging.XmlKeywordLogger</class>
  <method>endKeyword</method>
  <thread>1</thread>
  <message>End action : else if (MainQualificationCount == 2)</message>
  <nestedLevel>1</nestedLevel>
</record>
<record>
  <date>2019-07-30T09:13:44</date>
  <millis>1564458224398</millis>
  <sequence>350</sequence>
  <logger>com.kms.katalon.core.logging.XmlKeywordLogger</logger>
  <level>FAILED</level>
  <class>com.kms.katalon.core.logging.XmlKeywordLogger</class>
  <method>logMessage</method>
  <thread>1</thread>
  <message>Test Cases/REALratings/FCLP/formSubmission FAILED.\nReason:\ncom.kms.katalon.core.exception.StepFailedException: Unable to get total options of object &amp;apos;Object Repository/REALRatings/REALrating/Page_REALrating/BTechGrade&amp;apos;\r\n\tat com.kms.katalon.core.keyword.internal.KeywordMain.stepFailed(KeywordMain.groovy:48)\r\n\tat com.kms.katalon.core.webui.keyword.internal.WebUIKeywordMain.stepFailed(WebUIKeywordMain.groovy:65)\r\n\tat com.kms.katalon.core.webui.keyword.internal.WebUIKeywordMain.runKeywordAndReturnInt(WebUIKeywordMain.groovy:57)\r\n\tat com.kms.katalon.core.webui.keyword.builtin.GetNumberOfTotalOptionKeyword.getNumberOfTotalOption(GetNumberOfTotalOptionKeyword.groovy:89)\r\n\tat com.kms.katalon.core.webui.keyword.builtin.GetNumberOfTotalOptionKeyword.execute(GetNumberOfTotalOptionKeyword.groovy:67)\r\n\tat com.kms.katalon.core.keyword.internal.KeywordExecutor.executeKeywordForPlatform(KeywordExecutor.groovy:56)\r\n\tat com.kms.katalon.core.webui.keyword.WebUiBuiltInKeywords.getNumberOfTotalOption(WebUiBuiltInKeywords.groovy:1917)\r\n\tat com.kms.katalon.core.webui.keyword.WebUiBuiltInKeywords$getNumberOfTotalOption$3.call(Unknown Source)\r\n\tat formSubmission.run(formSubmission:174)\r\n\tat com.kms.katalon.core.main.ScriptEngine.run(ScriptEngine.java:194)\r\n\tat com.kms.katalon.core.main.ScriptEngine.runScriptAsRawText(ScriptEngine.java:119)\r\n\tat com.kms.katalon.core.main.TestCaseExecutor.runScript(TestCaseExecutor.java:331)\r\n\tat com.kms.katalon.core.main.TestCaseExecutor.doExecute(TestCaseExecutor.java:322)\r\n\tat com.kms.katalon.core.main.TestCaseExecutor.processExecutionPhase(TestCaseExecutor.java:301)\r\n\tat com.kms.katalon.core.main.TestCaseExecutor.accessMainPhase(TestCaseExecutor.java:293)\r\n\tat com.kms.katalon.core.main.TestCaseExecutor.execute(TestCaseExecutor.java:227)\r\n\tat com.kms.katalon.core.main.TestSuiteExecutor.accessTestCaseMainPhase(TestSuiteExecutor.java:129)\r\n\tat com.kms.katalon.core.main.TestSuiteExecutor.accessTestSuiteMainPhase(TestSuiteExecutor.java:112)\r\n\tat com.kms.katalon.core.main.TestSuiteExecutor.execute(TestSuiteExecutor.java:81)\r\n\tat com.kms.katalon.core.main.TestCaseMain.startTestSuite(TestCaseMain.java:157)\r\n\tat com.kms.katalon.core.main.TestCaseMain$startTestSuite$0.call(Unknown Source)\r\n\tat TempTestSuite1564458169764.run(TempTestSuite1564458169764.groovy:35)\r\n</message>
  <exception>
    <message>com.kms.katalon.core.exception.StepFailedException: Unable to get total options of object 'Object Repository/REALRatings/REALrating/Page_REALrating/BTechGrade'</message>
    <frame>
      <class>com.kms.katalon.core.keyword.internal.KeywordMain</class>
      <method>stepFailed</method>
      <line>48</line>
    </frame>
    <frame>
      <class>com.kms.katalon.core.webui.keyword.internal.WebUIKeywordMain</class>
      <method>stepFailed</method>
      <line>65</line>
    </frame>
    <frame>
      <class>com.kms.katalon.core.webui.keyword.internal.WebUIKeywordMain</class>
      <method>runKeywordAndReturnInt</method>
      <line>57</line>
    </frame>
    <frame>
      <class>com.kms.katalon.core.webui.keyword.builtin.GetNumberOfTotalOptionKeyword</class>
      <method>getNumberOfTotalOption</method>
      <line>89</line>
    </frame>
    <frame>
      <class>com.kms.katalon.core.webui.keyword.builtin.GetNumberOfTotalOptionKeyword</class>
      <method>execute</method>
      <line>67</line>
    </frame>
    <frame>
      <class>com.kms.katalon.core.keyword.internal.KeywordExecutor</class>
      <method>executeKeywordForPlatform</method>
      <line>56</line>
    </frame>
    <frame>
      <class>com.kms.katalon.core.webui.keyword.WebUiBuiltInKeywords</class>
      <method>getNumberOfTotalOption</method>
      <line>1917</line>
    </frame>
    <frame>
      <class>com.kms.katalon.core.webui.keyword.WebUiBuiltInKeywords$getNumberOfTotalOption$3</class>
      <method>call</method>
    </frame>
    <frame>
      <class>formSubmission</class>
      <method>run</method>
      <line>174</line>
    </frame>
    <frame>
      <class>com.kms.katalon.core.main.ScriptEngine</class>
      <method>run</method>
      <line>194</line>
    </frame>
    <frame>
      <class>com.kms.katalon.core.main.ScriptEngine</class>
      <method>runScriptAsRawText</method>
      <line>119</line>
    </frame>
    <frame>
      <class>com.kms.katalon.core.main.TestCaseExecutor</class>
      <method>runScript</method>
      <line>331</line>
    </frame>
    <frame>
      <class>com.kms.katalon.core.main.TestCaseExecutor</class>
      <method>doExecute</method>
      <line>322</line>
    </frame>
    <frame>
      <class>com.kms.katalon.core.main.TestCaseExecutor</class>
      <method>processExecutionPhase</method>
      <line>301</line>
    </frame>
    <frame>
      <class>com.kms.katalon.core.main.TestCaseExecutor</class>
      <method>accessMainPhase</method>
      <line>293</line>
    </frame>
    <frame>
      <class>com.kms.katalon.core.main.TestCaseExecutor</class>
      <method>execute</method>
      <line>227</line>
    </frame>
    <frame>
      <class>com.kms.katalon.core.main.TestSuiteExecutor</class>
      <method>accessTestCaseMainPhase</method>
      <line>129</line>
    </frame>
    <frame>
      <class>com.kms.katalon.core.main.TestSuiteExecutor</class>
      <method>accessTestSuiteMainPhase</method>
      <line>112</line>
    </frame>
    <frame>
      <class>com.kms.katalon.core.main.TestSuiteExecutor</class>
      <method>execute</method>
      <line>81</line>
    </frame>
    <frame>
      <class>com.kms.katalon.core.main.TestCaseMain</class>
      <method>startTestSuite</method>
      <line>157</line>
    </frame>
    <frame>
      <class>com.kms.katalon.core.main.TestCaseMain$startTestSuite$0</class>
      <method>call</method>
    </frame>
    <frame>
      <class>TempTestSuite1564458169764</class>
      <method>run</method>
      <line>35</line>
    </frame>
  </exception>
  <nestedLevel>0</nestedLevel>
</record>
<record>
  <date>2019-07-30T09:13:44</date>
  <millis>1564458224400</millis>
  <sequence>351</sequence>
  <level>END</level>
  <class>com.kms.katalon.core.logging.XmlKeywordLogger</class>
  <method>endTest</method>
  <thread>1</thread>
  <message>End Test Case : Test Cases/REALratings/FCLP/formSubmission</message>
  <nestedLevel>0</nestedLevel>
</record>
<record>
  <date>2019-07-30T09:13:44</date>
  <millis>1564458224405</millis>
  <sequence>352</sequence>
  <level>START</level>
  <class>com.kms.katalon.core.logging.XmlKeywordLogger</class>
  <method>startTest</method>
  <thread>1</thread>
  <message>Start Test Case : Test Cases/REALratings/FCLP/login</message>
  <nestedLevel>1</nestedLevel>
  <property name="name">Test Cases/REALratings/FCLP/login</property>
  <property name="description"></property>
  <property name="id">Test Cases/REALratings/FCLP/login</property>
  <property name="source">C:\\Users\\sambhavi\\git\\didactic-octo-spork\\Test Cases\\REALratings\\FCLP\\login.tc</property>
  <property name="isOptional">false</property>
</record>
<record>
  <date>2019-07-30T09:13:44</date>
  <millis>1564458224724</millis>
  <sequence>354</sequence>
  <level>START</level>
  <class>com.kms.katalon.core.logging.XmlKeywordLogger</class>
  <method>startKeyword</method>
  <thread>1</thread>
  <message>Start action : comment(\&amp;quot;FCLP - Login\&amp;quot;)</message>
  <nestedLevel>1</nestedLevel>
  <property name="startLine">18</property>
  <property name="stepIndex">1</property>
</record>
<record>
  <date>2019-07-30T09:13:44</date>
  <millis>1564458224727</millis>
  <sequence>355</sequence>
  <level>INFO</level>
  <class>com.kms.katalon.core.logging.XmlKeywordLogger</class>
  <method>logMessage</method>
  <thread>1</thread>
  <message>FCLP - Login</message>
  <nestedLevel>1</nestedLevel>
</record>
<record>
  <date>2019-07-30T09:13:44</date>
  <millis>1564458224728</millis>
  <sequence>356</sequence>
  <level>END</level>
  <class>com.kms.katalon.core.logging.XmlKeywordLogger</class>
  <method>endKeyword</method>
  <thread>1</thread>
  <message>End action : comment(\&amp;quot;FCLP - Login\&amp;quot;)</message>
  <nestedLevel>1</nestedLevel>
</record>
<record>
  <date>2019-07-30T09:13:44</date>
  <millis>1564458224728</millis>
  <sequence>357</sequence>
  <level>START</level>
  <class>com.kms.katalon.core.logging.XmlKeywordLogger</class>
  <method>startKeyword</method>
  <thread>1</thread>
  <message>Start action : openBrowser(\&amp;quot;\&amp;quot;)</message>
  <nestedLevel>1</nestedLevel>
  <property name="startLine">21</property>
  <property name="stepIndex">2</property>
  <property name="description">Open Browser</property>
</record>
<record>
  <date>2019-07-30T09:13:44</date>
  <millis>1564458224733</millis>
  <sequence>359</sequence>
  <level>WARNING</level>
  <class>com.kms.katalon.core.logging.XmlKeywordLogger</class>
  <method>logMessage</method>
  <thread>1</thread>
  <message>A browser is already opened. Closing browser and opening a new one</message>
  <nestedLevel>1</nestedLevel>
</record>
<record>
  <date>2019-07-30T09:13:45</date>
  <millis>1564458225441</millis>
  <sequence>360</sequence>
  <level>INFO</level>
  <class>com.kms.katalon.core.logging.XmlKeywordLogger</class>
  <method>logMessage</method>
  <thread>1</thread>
  <message>Starting &amp;apos;Chrome&amp;apos; driver</message>
  <nestedLevel>1</nestedLevel>
</record>
<record>
  <date>2019-07-30T09:13:47</date>
  <millis>1564458227986</millis>
  <sequence>362</sequence>
  <level>RUN_DATA</level>
  <class>com.kms.katalon.core.logging.XmlKeywordLogger</class>
  <method>logMessage</method>
  <thread>1</thread>
  <message>sessionId = f0a7f36c6f770db0ecc51deb51faebe0</message>
  <nestedLevel>1</nestedLevel>
  <property name="sessionId">f0a7f36c6f770db0ecc51deb51faebe0</property>
</record>
<record>
  <date>2019-07-30T09:13:48</date>
  <millis>1564458228012</millis>
  <sequence>363</sequence>
  <level>RUN_DATA</level>
  <class>com.kms.katalon.core.logging.XmlKeywordLogger</class>
  <method>logMessage</method>
  <thread>1</thread>
  <message>browser = Chrome 75.0.3770.142</message>
  <nestedLevel>1</nestedLevel>
  <property name="browser">Chrome 75.0.3770.142</property>
</record>
<record>
  <date>2019-07-30T09:13:48</date>
  <millis>1564458228012</millis>
  <sequence>364</sequence>
  <level>RUN_DATA</level>
  <class>com.kms.katalon.core.logging.XmlKeywordLogger</class>
  <method>logMessage</method>
  <thread>1</thread>
  <message>platform = Windows 10</message>
  <nestedLevel>1</nestedLevel>
  <property name="platform">Windows 10</property>
</record>
<record>
  <date>2019-07-30T09:13:48</date>
  <millis>1564458228014</millis>
  <sequence>365</sequence>
  <level>RUN_DATA</level>
  <class>com.kms.katalon.core.logging.XmlKeywordLogger</class>
  <method>logMessage</method>
  <thread>1</thread>
  <message>seleniumVersion = 3.7.1</message>
  <nestedLevel>1</nestedLevel>
  <property name="seleniumVersion">3.7.1</property>
</record>
<record>
  <date>2019-07-30T09:13:48</date>
  <millis>1564458228014</millis>
  <sequence>366</sequence>
  <level>RUN_DATA</level>
  <class>com.kms.katalon.core.logging.XmlKeywordLogger</class>
  <method>logMessage</method>
  <thread>1</thread>
  <message>proxyInformation = ProxyInformation{proxyOption=NO_PROXY, proxyServerType=HTTP, password=, proxyServerAddress=, proxyServerPort=0}</message>
  <nestedLevel>1</nestedLevel>
  <property name="proxyInformation">ProxyInformation{proxyOption=NO_PROXY, proxyServerType=HTTP, password=, proxyServerAddress=, proxyServerPort=0}</property>
</record>
<record>
  <date>2019-07-30T09:13:48</date>
  <millis>1564458228015</millis>
  <sequence>367</sequence>
  <level>PASSED</level>
  <class>com.kms.katalon.core.logging.XmlKeywordLogger</class>
  <method>logMessage</method>
  <thread>1</thread>
  <message>Browser is opened with url: &amp;apos;&amp;apos;</message>
  <nestedLevel>1</nestedLevel>
</record>
<record>
  <date>2019-07-30T09:13:48</date>
  <millis>1564458228015</millis>
  <sequence>368</sequence>
  <level>END</level>
  <class>com.kms.katalon.core.logging.XmlKeywordLogger</class>
  <method>endKeyword</method>
  <thread>1</thread>
  <message>End action : openBrowser(\&amp;quot;\&amp;quot;)</message>
  <nestedLevel>1</nestedLevel>
</record>
<record>
  <date>2019-07-30T09:13:48</date>
  <millis>1564458228016</millis>
  <sequence>369</sequence>
  <level>START</level>
  <class>com.kms.katalon.core.logging.XmlKeywordLogger</class>
  <method>startKeyword</method>
  <thread>1</thread>
  <message>Start action : navigateToUrl(\&amp;quot;https://fclp-uat.realrating.co.uk/login\&amp;quot;)</message>
  <nestedLevel>1</nestedLevel>
  <property name="startLine">24</property>
  <property name="stepIndex">3</property>
  <property name="description">Login to FCLP Application</property>
</record>
