<?xml version="1.0" encoding="UTF-8" standalone="no"?>
<!DOCTYPE log SYSTEM "logger.dtd">
<log>
<record>
  <date>2019-05-28T13:40:03</date>
  <millis>1559031003044</millis>
  <sequence>0</sequence>
  <level>START</level>
  <class>com.kms.katalon.core.logging.XmlKeywordLogger</class>
  <method>startSuite</method>
  <thread>1</thread>
  <message>Start Test Suite : Test Suites/REALratings/NorthHighland</message>
  <nestedLevel>0</nestedLevel>
  <property name="name">NorthHighland</property>
  <property name="description"></property>
  <property name="id">Test Suites/REALratings/NorthHighland</property>
</record>
<record>
  <date>2019-05-28T13:40:03</date>
  <millis>1559031003062</millis>
  <sequence>1</sequence>
  <level>RUN_DATA</level>
  <class>com.kms.katalon.core.logging.XmlKeywordLogger</class>
  <method>logMessage</method>
  <thread>1</thread>
  <message>hostName = sambhavi - sambhavi.jmandigital.in</message>
  <nestedLevel>0</nestedLevel>
  <property name="hostName">sambhavi - sambhavi.jmandigital.in</property>
</record>
<record>
  <date>2019-05-28T13:40:03</date>
  <millis>1559031003064</millis>
  <sequence>2</sequence>
  <level>RUN_DATA</level>
  <class>com.kms.katalon.core.logging.XmlKeywordLogger</class>
  <method>logMessage</method>
  <thread>1</thread>
  <message>os = Windows 10 64bit</message>
  <nestedLevel>0</nestedLevel>
  <property name="os">Windows 10 64bit</property>
</record>
<record>
  <date>2019-05-28T13:40:03</date>
  <millis>1559031003065</millis>
  <sequence>3</sequence>
  <level>RUN_DATA</level>
  <class>com.kms.katalon.core.logging.XmlKeywordLogger</class>
  <method>logMessage</method>
  <thread>1</thread>
  <message>hostAddress = 192.168.0.185</message>
  <nestedLevel>0</nestedLevel>
  <property name="hostAddress">192.168.0.185</property>
</record>
<record>
  <date>2019-05-28T13:40:03</date>
  <millis>1559031003066</millis>
  <sequence>4</sequence>
  <level>RUN_DATA</level>
  <class>com.kms.katalon.core.logging.XmlKeywordLogger</class>
  <method>logMessage</method>
  <thread>1</thread>
  <message>katalonVersion = 6.1.0.1</message>
  <nestedLevel>0</nestedLevel>
  <property name="katalonVersion">6.1.0.1</property>
</record>
<record>
  <date>2019-05-28T13:40:03</date>
  <millis>1559031003312</millis>
  <sequence>5</sequence>
  <level>START</level>
  <class>com.kms.katalon.core.logging.XmlKeywordLogger</class>
  <method>startTest</method>
  <thread>1</thread>
  <message>Start Test Case : Test Cases/REALratings/NorthHighland/formSubmission</message>
  <nestedLevel>1</nestedLevel>
  <property name="name">Test Cases/REALratings/NorthHighland/formSubmission</property>
  <property name="description"></property>
  <property name="id">Test Cases/REALratings/NorthHighland/formSubmission</property>
  <property name="source">C:\\Users\\sambhavi\\git\\didactic-octo-spork\\Test Cases\\REALratings\\NorthHighland\\formSubmission.tc</property>
  <property name="isOptional">false</property>
</record>
<record>
  <date>2019-05-28T13:40:04</date>
  <millis>1559031004362</millis>
  <sequence>7</sequence>
  <level>START</level>
  <class>com.kms.katalon.core.logging.XmlKeywordLogger</class>
  <method>startKeyword</method>
  <thread>1</thread>
  <message>Start action : openBrowser(\&amp;quot;\&amp;quot;)</message>
  <nestedLevel>1</nestedLevel>
  <property name="startLine">17</property>
  <property name="stepIndex">1</property>
  <property name="description">Open Browser</property>
</record>
<record>
  <date>2019-05-28T13:40:04</date>
  <millis>1559031004534</millis>
  <sequence>9</sequence>
  <level>INFO</level>
  <class>com.kms.katalon.core.logging.XmlKeywordLogger</class>
  <method>logMessage</method>
  <thread>1</thread>
  <message>Starting &amp;apos;Chrome&amp;apos; driver</message>
  <nestedLevel>1</nestedLevel>
</record>
<record>
  <date>2019-05-28T13:40:04</date>
  <millis>1559031004566</millis>
  <sequence>10</sequence>
  <level>INFO</level>
  <class>com.kms.katalon.core.logging.XmlKeywordLogger</class>
  <method>logMessage</method>
  <thread>1</thread>
  <message>Action delay is set to 0 seconds</message>
  <nestedLevel>1</nestedLevel>
</record>
<record>
  <date>2019-05-28T13:40:08</date>
  <millis>1559031008398</millis>
  <sequence>12</sequence>
  <level>RUN_DATA</level>
  <class>com.kms.katalon.core.logging.XmlKeywordLogger</class>
  <method>logMessage</method>
  <thread>1</thread>
  <message>sessionId = 36d91a4cf5d5782788fed46335e5163f</message>
  <nestedLevel>1</nestedLevel>
  <property name="sessionId">36d91a4cf5d5782788fed46335e5163f</property>
</record>
<record>
  <date>2019-05-28T13:40:08</date>
  <millis>1559031008413</millis>
  <sequence>13</sequence>
  <level>RUN_DATA</level>
  <class>com.kms.katalon.core.logging.XmlKeywordLogger</class>
  <method>logMessage</method>
  <thread>1</thread>
  <message>browser = Chrome 74.0.3729.169</message>
  <nestedLevel>1</nestedLevel>
  <property name="browser">Chrome 74.0.3729.169</property>
</record>
<record>
  <date>2019-05-28T13:40:08</date>
  <millis>1559031008413</millis>
  <sequence>14</sequence>
  <level>RUN_DATA</level>
  <class>com.kms.katalon.core.logging.XmlKeywordLogger</class>
  <method>logMessage</method>
  <thread>1</thread>
  <message>platform = Windows 10</message>
  <nestedLevel>1</nestedLevel>
  <property name="platform">Windows 10</property>
</record>
<record>
  <date>2019-05-28T13:40:08</date>
  <millis>1559031008415</millis>
  <sequence>15</sequence>
  <level>RUN_DATA</level>
  <class>com.kms.katalon.core.logging.XmlKeywordLogger</class>
  <method>logMessage</method>
  <thread>1</thread>
  <message>seleniumVersion = 3.7.1</message>
  <nestedLevel>1</nestedLevel>
  <property name="seleniumVersion">3.7.1</property>
</record>
<record>
  <date>2019-05-28T13:40:08</date>
  <millis>1559031008416</millis>
  <sequence>16</sequence>
  <level>RUN_DATA</level>
  <class>com.kms.katalon.core.logging.XmlKeywordLogger</class>
  <method>logMessage</method>
  <thread>1</thread>
  <message>proxyInformation = ProxyInformation{proxyOption=NO_PROXY, proxyServerType=HTTP, password=, proxyServerAddress=, proxyServerPort=0}</message>
  <nestedLevel>1</nestedLevel>
  <property name="proxyInformation">ProxyInformation{proxyOption=NO_PROXY, proxyServerType=HTTP, password=, proxyServerAddress=, proxyServerPort=0}</property>
</record>
<record>
  <date>2019-05-28T13:40:08</date>
  <millis>1559031008416</millis>
  <sequence>17</sequence>
  <level>PASSED</level>
  <class>com.kms.katalon.core.logging.XmlKeywordLogger</class>
  <method>logMessage</method>
  <thread>1</thread>
  <message>Browser is opened with url: &amp;apos;&amp;apos;</message>
  <nestedLevel>1</nestedLevel>
</record>
<record>
  <date>2019-05-28T13:40:08</date>
  <millis>1559031008417</millis>
  <sequence>18</sequence>
  <level>END</level>
  <class>com.kms.katalon.core.logging.XmlKeywordLogger</class>
  <method>endKeyword</method>
  <thread>1</thread>
  <message>End action : openBrowser(\&amp;quot;\&amp;quot;)</message>
  <nestedLevel>1</nestedLevel>
</record>
<record>
  <date>2019-05-28T13:40:08</date>
  <millis>1559031008418</millis>
  <sequence>19</sequence>
  <level>START</level>
  <class>com.kms.katalon.core.logging.XmlKeywordLogger</class>
  <method>startKeyword</method>
  <thread>1</thread>
  <message>Start action : navigateToUrl(\&amp;quot;https://nh-uat.realrating.co.uk/\&amp;quot;)</message>
  <nestedLevel>1</nestedLevel>
  <property name="startLine">20</property>
  <property name="stepIndex">2</property>
  <property name="description">Launch NorthHighland Application</property>
</record>
<record>
  <date>2019-05-28T13:40:11</date>
  <millis>1559031011480</millis>
  <sequence>22</sequence>
  <level>PASSED</level>
  <class>com.kms.katalon.core.logging.XmlKeywordLogger</class>
  <method>logMessage</method>
  <thread>1</thread>
  <message>Navigate to &amp;apos;https://nh-uat.realrating.co.uk/&amp;apos; successfully</message>
  <nestedLevel>1</nestedLevel>
</record>
<record>
  <date>2019-05-28T13:40:11</date>
  <millis>1559031011481</millis>
  <sequence>23</sequence>
  <level>END</level>
  <class>com.kms.katalon.core.logging.XmlKeywordLogger</class>
  <method>endKeyword</method>
  <thread>1</thread>
  <message>End action : navigateToUrl(\&amp;quot;https://nh-uat.realrating.co.uk/\&amp;quot;)</message>
  <nestedLevel>1</nestedLevel>
</record>
<record>
  <date>2019-05-28T13:40:11</date>
  <millis>1559031011481</millis>
  <sequence>24</sequence>
  <level>START</level>
  <class>com.kms.katalon.core.logging.XmlKeywordLogger</class>
  <method>startKeyword</method>
  <thread>1</thread>
  <message>Start action : maximizeWindow()</message>
  <nestedLevel>1</nestedLevel>
  <property name="startLine">22</property>
  <property name="stepIndex">3</property>
</record>
<record>
  <date>2019-05-28T13:40:12</date>
  <millis>1559031012636</millis>
  <sequence>26</sequence>
  <level>PASSED</level>
  <class>com.kms.katalon.core.logging.XmlKeywordLogger</class>
  <method>logMessage</method>
  <thread>1</thread>
  <message>Current window maximized</message>
  <nestedLevel>1</nestedLevel>
</record>
<record>
  <date>2019-05-28T13:40:12</date>
  <millis>1559031012637</millis>
  <sequence>27</sequence>
  <level>END</level>
  <class>com.kms.katalon.core.logging.XmlKeywordLogger</class>
  <method>endKeyword</method>
  <thread>1</thread>
  <message>End action : maximizeWindow()</message>
  <nestedLevel>1</nestedLevel>
</record>
<record>
  <date>2019-05-28T13:40:12</date>
  <millis>1559031012637</millis>
  <sequence>28</sequence>
  <level>START</level>
  <class>com.kms.katalon.core.logging.XmlKeywordLogger</class>
  <method>startKeyword</method>
  <thread>1</thread>
  <message>Start action : rad = new java.util.Random()</message>
  <nestedLevel>1</nestedLevel>
  <property name="startLine">24</property>
  <property name="stepIndex">4</property>
</record>
<record>
  <date>2019-05-28T13:40:12</date>
  <millis>1559031012641</millis>
  <sequence>29</sequence>
  <level>END</level>
  <class>com.kms.katalon.core.logging.XmlKeywordLogger</class>
  <method>endKeyword</method>
  <thread>1</thread>
  <message>End action : rad = new java.util.Random()</message>
  <nestedLevel>1</nestedLevel>
</record>
<record>
  <date>2019-05-28T13:40:12</date>
  <millis>1559031012641</millis>
  <sequence>30</sequence>
  <level>START</level>
  <class>com.kms.katalon.core.logging.XmlKeywordLogger</class>
  <method>startKeyword</method>
  <thread>1</thread>
  <message>Start action : comment(\&amp;quot;Basic Information\&amp;quot;)</message>
  <nestedLevel>1</nestedLevel>
  <property name="startLine">26</property>
  <property name="stepIndex">5</property>
</record>
<record>
  <date>2019-05-28T13:40:12</date>
  <millis>1559031012663</millis>
  <sequence>31</sequence>
  <level>INFO</level>
  <class>com.kms.katalon.core.logging.XmlKeywordLogger</class>
  <method>logMessage</method>
  <thread>1</thread>
  <message>Basic Information</message>
  <nestedLevel>1</nestedLevel>
</record>
<record>
  <date>2019-05-28T13:40:12</date>
  <millis>1559031012664</millis>
  <sequence>32</sequence>
  <level>END</level>
  <class>com.kms.katalon.core.logging.XmlKeywordLogger</class>
  <method>endKeyword</method>
  <thread>1</thread>
  <message>End action : comment(\&amp;quot;Basic Information\&amp;quot;)</message>
  <nestedLevel>1</nestedLevel>
</record>
<record>
  <date>2019-05-28T13:40:12</date>
  <millis>1559031012664</millis>
  <sequence>33</sequence>
  <level>START</level>
  <class>com.kms.katalon.core.logging.XmlKeywordLogger</class>
  <method>startKeyword</method>
  <thread>1</thread>
  <message>Start action : setText(findTestObject(\&amp;quot;REALRatings/NorthHighland/Page_REALrating/First Name\&amp;quot;), findTestData(\&amp;quot;getEmployable/Applicants\&amp;quot;).getValue(1, 1))</message>
  <nestedLevel>1</nestedLevel>
  <property name="startLine">29</property>
  <property name="stepIndex">6</property>
  <property name="description">Enter First Name</property>
</record>
<record>
  <date>2019-05-28T13:40:12</date>
  <millis>1559031012880</millis>
  <sequence>48</sequence>
  <level>PASSED</level>
  <class>com.kms.katalon.core.logging.XmlKeywordLogger</class>
  <method>logMessage</method>
  <thread>1</thread>
  <message>Text &amp;apos;Asha&amp;apos; is set on object &amp;apos;Object Repository/REALRatings/NorthHighland/Page_REALrating/First Name&amp;apos;</message>
  <nestedLevel>1</nestedLevel>
</record>
<record>
  <date>2019-05-28T13:40:12</date>
  <millis>1559031012881</millis>
  <sequence>49</sequence>
  <level>END</level>
  <class>com.kms.katalon.core.logging.XmlKeywordLogger</class>
  <method>endKeyword</method>
  <thread>1</thread>
  <message>End action : setText(findTestObject(\&amp;quot;REALRatings/NorthHighland/Page_REALrating/First Name\&amp;quot;), findTestData(\&amp;quot;getEmployable/Applicants\&amp;quot;).getValue(1, 1))</message>
  <nestedLevel>1</nestedLevel>
</record>
<record>
  <date>2019-05-28T13:40:12</date>
  <millis>1559031012881</millis>
  <sequence>50</sequence>
  <level>START</level>
  <class>com.kms.katalon.core.logging.XmlKeywordLogger</class>
  <method>startKeyword</method>
  <thread>1</thread>
  <message>Start action : setText(findTestObject(\&amp;quot;REALRatings/NorthHighland/Page_REALrating/Last Name\&amp;quot;), findTestData(\&amp;quot;getEmployable/Applicants\&amp;quot;).getValue(2, 1))</message>
  <nestedLevel>1</nestedLevel>
  <property name="startLine">33</property>
  <property name="stepIndex">7</property>
  <property name="description">Enter Last Name</property>
</record>
<record>
  <date>2019-05-28T13:40:13</date>
  <millis>1559031013077</millis>
  <sequence>65</sequence>
  <level>PASSED</level>
  <class>com.kms.katalon.core.logging.XmlKeywordLogger</class>
  <method>logMessage</method>
  <thread>1</thread>
  <message>Text &amp;apos;Rajendran&amp;apos; is set on object &amp;apos;Object Repository/REALRatings/NorthHighland/Page_REALrating/Last Name&amp;apos;</message>
  <nestedLevel>1</nestedLevel>
</record>
<record>
  <date>2019-05-28T13:40:13</date>
  <millis>1559031013078</millis>
  <sequence>66</sequence>
  <level>END</level>
  <class>com.kms.katalon.core.logging.XmlKeywordLogger</class>
  <method>endKeyword</method>
  <thread>1</thread>
  <message>End action : setText(findTestObject(\&amp;quot;REALRatings/NorthHighland/Page_REALrating/Last Name\&amp;quot;), findTestData(\&amp;quot;getEmployable/Applicants\&amp;quot;).getValue(2, 1))</message>
  <nestedLevel>1</nestedLevel>
</record>
<record>
  <date>2019-05-28T13:40:13</date>
  <millis>1559031013079</millis>
  <sequence>67</sequence>
  <level>START</level>
  <class>com.kms.katalon.core.logging.XmlKeywordLogger</class>
  <method>startKeyword</method>
  <thread>1</thread>
  <message>Start action : Email = rad.nextInt(2000)</message>
  <nestedLevel>1</nestedLevel>
  <property name="startLine">37</property>
  <property name="stepIndex">8</property>
  <property name="description">Enter University Email</property>
</record>
<record>
  <date>2019-05-28T13:40:13</date>
  <millis>1559031013080</millis>
  <sequence>68</sequence>
  <level>END</level>
  <class>com.kms.katalon.core.logging.XmlKeywordLogger</class>
  <method>endKeyword</method>
  <thread>1</thread>
  <message>End action : Email = rad.nextInt(2000)</message>
  <nestedLevel>1</nestedLevel>
</record>
<record>
  <date>2019-05-28T13:40:13</date>
  <millis>1559031013080</millis>
  <sequence>69</sequence>
  <level>START</level>
  <class>com.kms.katalon.core.logging.XmlKeywordLogger</class>
  <method>startKeyword</method>
  <thread>1</thread>
  <message>Start action : setText(findTestObject(\&amp;quot;REALRatings/NorthHighland/Page_REALrating/University Emailid\&amp;quot;), \&amp;quot;nh\&amp;quot; + Email + \&amp;quot;@test.com\&amp;quot;)</message>
  <nestedLevel>1</nestedLevel>
  <property name="startLine">39</property>
  <property name="stepIndex">9</property>
</record>
<record>
  <date>2019-05-28T13:40:13</date>
  <millis>1559031013342</millis>
  <sequence>81</sequence>
  <level>PASSED</level>
  <class>com.kms.katalon.core.logging.XmlKeywordLogger</class>
  <method>logMessage</method>
  <thread>1</thread>
  <message>Text &amp;apos;nh1909@test.com&amp;apos; is set on object &amp;apos;Object Repository/REALRatings/NorthHighland/Page_REALrating/University Emailid&amp;apos;</message>
  <nestedLevel>1</nestedLevel>
</record>
<record>
  <date>2019-05-28T13:40:13</date>
  <millis>1559031013343</millis>
  <sequence>82</sequence>
  <level>END</level>
  <class>com.kms.katalon.core.logging.XmlKeywordLogger</class>
  <method>endKeyword</method>
  <thread>1</thread>
  <message>End action : setText(findTestObject(\&amp;quot;REALRatings/NorthHighland/Page_REALrating/University Emailid\&amp;quot;), \&amp;quot;nh\&amp;quot; + Email + \&amp;quot;@test.com\&amp;quot;)</message>
  <nestedLevel>1</nestedLevel>
</record>
<record>
  <date>2019-05-28T13:40:13</date>
  <millis>1559031013343</millis>
  <sequence>83</sequence>
  <level>START</level>
  <class>com.kms.katalon.core.logging.XmlKeywordLogger</class>
  <method>startKeyword</method>
  <thread>1</thread>
  <message>Start action : click(findTestObject(\&amp;quot;REALRatings/NorthHighland/Page_REALrating/First Next\&amp;quot;), STOP_ON_FAILURE)</message>
  <nestedLevel>1</nestedLevel>
  <property name="startLine">42</property>
  <property name="stepIndex">10</property>
  <property name="description">Click NEXT</property>
</record>
<record>
  <date>2019-05-28T13:40:13</date>
  <millis>1559031013424</millis>
  <sequence>90</sequence>
  <level>PASSED</level>
  <class>com.kms.katalon.core.logging.XmlKeywordLogger</class>
  <method>logMessage</method>
  <thread>1</thread>
  <message>Object: &amp;apos;Object Repository/REALRatings/NorthHighland/Page_REALrating/First Next&amp;apos; is clicked on</message>
  <nestedLevel>1</nestedLevel>
</record>
<record>
  <date>2019-05-28T13:40:13</date>
  <millis>1559031013425</millis>
  <sequence>91</sequence>
  <level>END</level>
  <class>com.kms.katalon.core.logging.XmlKeywordLogger</class>
  <method>endKeyword</method>
  <thread>1</thread>
  <message>End action : click(findTestObject(\&amp;quot;REALRatings/NorthHighland/Page_REALrating/First Next\&amp;quot;), STOP_ON_FAILURE)</message>
  <nestedLevel>1</nestedLevel>
</record>
<record>
  <date>2019-05-28T13:40:13</date>
  <millis>1559031013425</millis>
  <sequence>92</sequence>
  <level>START</level>
  <class>com.kms.katalon.core.logging.XmlKeywordLogger</class>
  <method>startKeyword</method>
  <thread>1</thread>
  <message>Start action : comment(\&amp;quot;Main Qualifications\&amp;quot;)</message>
  <nestedLevel>1</nestedLevel>
  <property name="startLine">44</property>
  <property name="stepIndex">11</property>
</record>
<record>
  <date>2019-05-28T13:40:13</date>
  <millis>1559031013427</millis>
  <sequence>93</sequence>
  <level>INFO</level>
  <class>com.kms.katalon.core.logging.XmlKeywordLogger</class>
  <method>logMessage</method>
  <thread>1</thread>
  <message>Main Qualifications</message>
  <nestedLevel>1</nestedLevel>
</record>
<record>
  <date>2019-05-28T13:40:13</date>
  <millis>1559031013428</millis>
  <sequence>94</sequence>
  <level>END</level>
  <class>com.kms.katalon.core.logging.XmlKeywordLogger</class>
  <method>endKeyword</method>
  <thread>1</thread>
  <message>End action : comment(\&amp;quot;Main Qualifications\&amp;quot;)</message>
  <nestedLevel>1</nestedLevel>
</record>
<record>
  <date>2019-05-28T13:40:13</date>
  <millis>1559031013428</millis>
  <sequence>95</sequence>
  <level>START</level>
  <class>com.kms.katalon.core.logging.XmlKeywordLogger</class>
  <method>startKeyword</method>
  <thread>1</thread>
  <message>Start action : ALevelYearTotalOptions = getNumberOfTotalOption(findTestObject(\&amp;quot;REALRatings/NorthHighland/Page_REALrating/A Level Year\&amp;quot;))</message>
  <nestedLevel>1</nestedLevel>
  <property name="startLine">47</property>
  <property name="stepIndex">12</property>
  <property name="description">A-Level year</property>
</record>
<record>
  <date>2019-05-28T13:40:13</date>
  <millis>1559031013550</millis>
  <sequence>102</sequence>
  <level>PASSED</level>
  <class>com.kms.katalon.core.logging.XmlKeywordLogger</class>
  <method>logMessage</method>
  <thread>1</thread>
  <message>71 options of object &amp;apos;Object Repository/REALRatings/NorthHighland/Page_REALrating/A Level Year&amp;apos; counted</message>
  <nestedLevel>1</nestedLevel>
</record>
<record>
  <date>2019-05-28T13:40:13</date>
  <millis>1559031013551</millis>
  <sequence>103</sequence>
  <level>END</level>
  <class>com.kms.katalon.core.logging.XmlKeywordLogger</class>
  <method>endKeyword</method>
  <thread>1</thread>
  <message>End action : ALevelYearTotalOptions = getNumberOfTotalOption(findTestObject(\&amp;quot;REALRatings/NorthHighland/Page_REALrating/A Level Year\&amp;quot;))</message>
  <nestedLevel>1</nestedLevel>
</record>
<record>
  <date>2019-05-28T13:40:13</date>
  <millis>1559031013551</millis>
  <sequence>104</sequence>
  <level>START</level>
  <class>com.kms.katalon.core.logging.XmlKeywordLogger</class>
  <method>startKeyword</method>
  <thread>1</thread>
  <message>Start action : ALevelYearcount = 1 + rad.nextInt(ALevelYearTotalOptions - 1)</message>
  <nestedLevel>1</nestedLevel>
  <property name="startLine">49</property>
  <property name="stepIndex">13</property>
</record>
<record>
  <date>2019-05-28T13:40:13</date>
  <millis>1559031013554</millis>
  <sequence>105</sequence>
  <level>END</level>
  <class>com.kms.katalon.core.logging.XmlKeywordLogger</class>
  <method>endKeyword</method>
  <thread>1</thread>
  <message>End action : ALevelYearcount = 1 + rad.nextInt(ALevelYearTotalOptions - 1)</message>
  <nestedLevel>1</nestedLevel>
</record>
<record>
  <date>2019-05-28T13:40:13</date>
  <millis>1559031013555</millis>
  <sequence>106</sequence>
  <level>START</level>
  <class>com.kms.katalon.core.logging.XmlKeywordLogger</class>
  <method>startKeyword</method>
  <thread>1</thread>
  <message>Start action : selectOptionByIndex(findTestObject(\&amp;quot;REALRatings/NorthHighland/Page_REALrating/A Level Year\&amp;quot;), ALevelYearcount)</message>
  <nestedLevel>1</nestedLevel>
  <property name="startLine">51</property>
  <property name="stepIndex">14</property>
</record>
<record>
  <date>2019-05-28T13:40:13</date>
  <millis>1559031013962</millis>
  <sequence>118</sequence>
  <level>PASSED</level>
  <class>com.kms.katalon.core.logging.XmlKeywordLogger</class>
  <method>logMessage</method>
  <thread>1</thread>
  <message>All options with index in [30] are selected on object &amp;apos;Object Repository/REALRatings/NorthHighland/Page_REALrating/A Level Year&amp;apos;</message>
  <nestedLevel>1</nestedLevel>
</record>
<record>
  <date>2019-05-28T13:40:13</date>
  <millis>1559031013963</millis>
  <sequence>119</sequence>
  <level>END</level>
  <class>com.kms.katalon.core.logging.XmlKeywordLogger</class>
  <method>endKeyword</method>
  <thread>1</thread>
  <message>End action : selectOptionByIndex(findTestObject(\&amp;quot;REALRatings/NorthHighland/Page_REALrating/A Level Year\&amp;quot;), ALevelYearcount)</message>
  <nestedLevel>1</nestedLevel>
</record>
<record>
  <date>2019-05-28T13:40:13</date>
  <millis>1559031013963</millis>
  <sequence>120</sequence>
  <level>START</level>
  <class>com.kms.katalon.core.logging.XmlKeywordLogger</class>
  <method>startKeyword</method>
  <thread>1</thread>
  <message>Start action : GCSEYearTotalOptions = getNumberOfTotalOption(findTestObject(\&amp;quot;REALRatings/NorthHighland/Page_REALrating/GCSE Year\&amp;quot;))</message>
  <nestedLevel>1</nestedLevel>
  <property name="startLine">54</property>
  <property name="stepIndex">15</property>
  <property name="description">GCSE Year</property>
</record>
<record>
  <date>2019-05-28T13:40:14</date>
  <millis>1559031014031</millis>
  <sequence>127</sequence>
  <level>PASSED</level>
  <class>com.kms.katalon.core.logging.XmlKeywordLogger</class>
  <method>logMessage</method>
  <thread>1</thread>
  <message>71 options of object &amp;apos;Object Repository/REALRatings/NorthHighland/Page_REALrating/GCSE Year&amp;apos; counted</message>
  <nestedLevel>1</nestedLevel>
</record>
<record>
  <date>2019-05-28T13:40:14</date>
  <millis>1559031014033</millis>
  <sequence>128</sequence>
  <level>END</level>
  <class>com.kms.katalon.core.logging.XmlKeywordLogger</class>
  <method>endKeyword</method>
  <thread>1</thread>
  <message>End action : GCSEYearTotalOptions = getNumberOfTotalOption(findTestObject(\&amp;quot;REALRatings/NorthHighland/Page_REALrating/GCSE Year\&amp;quot;))</message>
  <nestedLevel>1</nestedLevel>
</record>
<record>
  <date>2019-05-28T13:40:14</date>
  <millis>1559031014033</millis>
  <sequence>129</sequence>
  <level>START</level>
  <class>com.kms.katalon.core.logging.XmlKeywordLogger</class>
  <method>startKeyword</method>
  <thread>1</thread>
  <message>Start action : GCSEYearCount = 1 + rad.nextInt(GCSEYearTotalOptions - 1)</message>
  <nestedLevel>1</nestedLevel>
  <property name="startLine">56</property>
  <property name="stepIndex">16</property>
</record>
<record>
  <date>2019-05-28T13:40:14</date>
  <millis>1559031014034</millis>
  <sequence>130</sequence>
  <level>END</level>
  <class>com.kms.katalon.core.logging.XmlKeywordLogger</class>
  <method>endKeyword</method>
  <thread>1</thread>
  <message>End action : GCSEYearCount = 1 + rad.nextInt(GCSEYearTotalOptions - 1)</message>
  <nestedLevel>1</nestedLevel>
</record>
<record>
  <date>2019-05-28T13:40:14</date>
  <millis>1559031014034</millis>
  <sequence>131</sequence>
  <level>START</level>
  <class>com.kms.katalon.core.logging.XmlKeywordLogger</class>
  <method>startKeyword</method>
  <thread>1</thread>
  <message>Start action : selectOptionByIndex(findTestObject(\&amp;quot;REALRatings/NorthHighland/Page_REALrating/GCSE Year\&amp;quot;), GCSEYearCount)</message>
  <nestedLevel>1</nestedLevel>
  <property name="startLine">58</property>
  <property name="stepIndex">17</property>
</record>
<record>
  <date>2019-05-28T13:40:14</date>
  <millis>1559031014553</millis>
  <sequence>143</sequence>
  <level>PASSED</level>
  <class>com.kms.katalon.core.logging.XmlKeywordLogger</class>
  <method>logMessage</method>
  <thread>1</thread>
  <message>All options with index in [61] are selected on object &amp;apos;Object Repository/REALRatings/NorthHighland/Page_REALrating/GCSE Year&amp;apos;</message>
  <nestedLevel>1</nestedLevel>
</record>
<record>
  <date>2019-05-28T13:40:14</date>
  <millis>1559031014553</millis>
  <sequence>144</sequence>
  <level>END</level>
  <class>com.kms.katalon.core.logging.XmlKeywordLogger</class>
  <method>endKeyword</method>
  <thread>1</thread>
  <message>End action : selectOptionByIndex(findTestObject(\&amp;quot;REALRatings/NorthHighland/Page_REALrating/GCSE Year\&amp;quot;), GCSEYearCount)</message>
  <nestedLevel>1</nestedLevel>
</record>
<record>
  <date>2019-05-28T13:40:14</date>
  <millis>1559031014554</millis>
  <sequence>145</sequence>
  <level>START</level>
  <class>com.kms.katalon.core.logging.XmlKeywordLogger</class>
  <method>startKeyword</method>
  <thread>1</thread>
  <message>Start action : MainQualificationTotaloptions = getNumberOfTotalOption(findTestObject(\&amp;quot;REALRatings/NorthHighland/Page_REALrating/Main Qualification\&amp;quot;))</message>
  <nestedLevel>1</nestedLevel>
  <property name="startLine">61</property>
  <property name="stepIndex">18</property>
  <property name="description">Select Main Qualification</property>
</record>
<record>
  <date>2019-05-28T13:40:14</date>
  <millis>1559031014596</millis>
  <sequence>152</sequence>
  <level>PASSED</level>
  <class>com.kms.katalon.core.logging.XmlKeywordLogger</class>
  <method>logMessage</method>
  <thread>1</thread>
  <message>6 options of object &amp;apos;Object Repository/REALRatings/NorthHighland/Page_REALrating/Main Qualification&amp;apos; counted</message>
  <nestedLevel>1</nestedLevel>
</record>
<record>
  <date>2019-05-28T13:40:14</date>
  <millis>1559031014596</millis>
  <sequence>153</sequence>
  <level>END</level>
  <class>com.kms.katalon.core.logging.XmlKeywordLogger</class>
  <method>endKeyword</method>
  <thread>1</thread>
  <message>End action : MainQualificationTotaloptions = getNumberOfTotalOption(findTestObject(\&amp;quot;REALRatings/NorthHighland/Page_REALrating/Main Qualification\&amp;quot;))</message>
  <nestedLevel>1</nestedLevel>
</record>
<record>
  <date>2019-05-28T13:40:14</date>
  <millis>1559031014597</millis>
  <sequence>154</sequence>
  <level>START</level>
  <class>com.kms.katalon.core.logging.XmlKeywordLogger</class>
  <method>startKeyword</method>
  <thread>1</thread>
  <message>Start action : MainQualificationCount = 1 + rad.nextInt(MainQualificationTotaloptions - 1)</message>
  <nestedLevel>1</nestedLevel>
  <property name="startLine">63</property>
  <property name="stepIndex">19</property>
</record>
<record>
  <date>2019-05-28T13:40:14</date>
  <millis>1559031014597</millis>
  <sequence>155</sequence>
  <level>END</level>
  <class>com.kms.katalon.core.logging.XmlKeywordLogger</class>
  <method>endKeyword</method>
  <thread>1</thread>
  <message>End action : MainQualificationCount = 1 + rad.nextInt(MainQualificationTotaloptions - 1)</message>
  <nestedLevel>1</nestedLevel>
</record>
<record>
  <date>2019-05-28T13:40:14</date>
  <millis>1559031014598</millis>
  <sequence>156</sequence>
  <level>START</level>
  <class>com.kms.katalon.core.logging.XmlKeywordLogger</class>
  <method>startKeyword</method>
  <thread>1</thread>
  <message>Start action : selectOptionByIndex(findTestObject(\&amp;quot;REALRatings/NorthHighland/Page_REALrating/Main Qualification\&amp;quot;), MainQualificationCount)</message>
  <nestedLevel>1</nestedLevel>
  <property name="startLine">65</property>
  <property name="stepIndex">20</property>
</record>
<record>
  <date>2019-05-28T13:40:14</date>
  <millis>1559031014709</millis>
  <sequence>168</sequence>
  <level>PASSED</level>
  <class>com.kms.katalon.core.logging.XmlKeywordLogger</class>
  <method>logMessage</method>
  <thread>1</thread>
  <message>All options with index in [4] are selected on object &amp;apos;Object Repository/REALRatings/NorthHighland/Page_REALrating/Main Qualification&amp;apos;</message>
  <nestedLevel>1</nestedLevel>
</record>
<record>
  <date>2019-05-28T13:40:14</date>
  <millis>1559031014710</millis>
  <sequence>169</sequence>
  <level>END</level>
  <class>com.kms.katalon.core.logging.XmlKeywordLogger</class>
  <method>endKeyword</method>
  <thread>1</thread>
  <message>End action : selectOptionByIndex(findTestObject(\&amp;quot;REALRatings/NorthHighland/Page_REALrating/Main Qualification\&amp;quot;), MainQualificationCount)</message>
  <nestedLevel>1</nestedLevel>
</record>
<record>
  <date>2019-05-28T13:40:14</date>
  <millis>1559031014710</millis>
  <sequence>170</sequence>
  <level>START</level>
  <class>com.kms.katalon.core.logging.XmlKeywordLogger</class>
  <method>startKeyword</method>
  <thread>1</thread>
  <message>Start action : delay(5)</message>
  <nestedLevel>1</nestedLevel>
  <property name="startLine">67</property>
  <property name="stepIndex">21</property>
</record>
<record>
  <date>2019-05-28T13:40:19</date>
  <millis>1559031019720</millis>
  <sequence>172</sequence>
  <level>PASSED</level>
  <class>com.kms.katalon.core.logging.XmlKeywordLogger</class>
  <method>logMessage</method>
  <thread>1</thread>
  <message>Delayed 5 second(s)</message>
  <nestedLevel>1</nestedLevel>
</record>
<record>
  <date>2019-05-28T13:40:19</date>
  <millis>1559031019720</millis>
  <sequence>173</sequence>
  <level>END</level>
  <class>com.kms.katalon.core.logging.XmlKeywordLogger</class>
  <method>endKeyword</method>
  <thread>1</thread>
  <message>End action : delay(5)</message>
  <nestedLevel>1</nestedLevel>
</record>
<record>
  <date>2019-05-28T13:40:19</date>
  <millis>1559031019720</millis>
  <sequence>174</sequence>
  <level>START</level>
  <class>com.kms.katalon.core.logging.XmlKeywordLogger</class>
  <method>startKeyword</method>
  <thread>1</thread>
  <message>Start action : if (MainQualificationCount == 1)</message>
  <nestedLevel>1</nestedLevel>
  <property name="startLine">70</property>
  <property name="stepIndex">22</property>
  <property name="description">A-Level</property>
</record>
<record>
  <date>2019-05-28T13:40:19</date>
  <millis>1559031019722</millis>
  <sequence>175</sequence>
  <level>END</level>
  <class>com.kms.katalon.core.logging.XmlKeywordLogger</class>
  <method>endKeyword</method>
  <thread>1</thread>
  <message>End action : if (MainQualificationCount == 1)</message>
  <nestedLevel>1</nestedLevel>
</record>
<record>
  <date>2019-05-28T13:40:19</date>
  <millis>1559031019722</millis>
  <sequence>176</sequence>
  <level>START</level>
  <class>com.kms.katalon.core.logging.XmlKeywordLogger</class>
  <method>startKeyword</method>
  <thread>1</thread>
  <message>Start action : else if (MainQualificationCount == 2)</message>
  <nestedLevel>1</nestedLevel>
  <property name="startLine">116</property>
  <property name="stepIndex">23</property>
</record>
<record>
  <date>2019-05-28T13:40:19</date>
  <millis>1559031019722</millis>
  <sequence>177</sequence>
  <level>END</level>
  <class>com.kms.katalon.core.logging.XmlKeywordLogger</class>
  <method>endKeyword</method>
  <thread>1</thread>
  <message>End action : else if (MainQualificationCount == 2)</message>
  <nestedLevel>1</nestedLevel>
</record>
<record>
  <date>2019-05-28T13:40:19</date>
  <millis>1559031019724</millis>
  <sequence>178</sequence>
  <level>START</level>
  <class>com.kms.katalon.core.logging.XmlKeywordLogger</class>
  <method>startKeyword</method>
  <thread>1</thread>
  <message>Start action : else if (MainQualificationCount == 3)</message>
  <nestedLevel>1</nestedLevel>
  <property name="startLine">133</property>
  <property name="stepIndex">24</property>
</record>
<record>
  <date>2019-05-28T13:40:19</date>
  <millis>1559031019724</millis>
  <sequence>179</sequence>
  <level>END</level>
  <class>com.kms.katalon.core.logging.XmlKeywordLogger</class>
  <method>endKeyword</method>
  <thread>1</thread>
  <message>End action : else if (MainQualificationCount == 3)</message>
  <nestedLevel>1</nestedLevel>
</record>
<record>
  <date>2019-05-28T13:40:19</date>
  <millis>1559031019724</millis>
  <sequence>180</sequence>
  <level>START</level>
  <class>com.kms.katalon.core.logging.XmlKeywordLogger</class>
  <method>startKeyword</method>
  <thread>1</thread>
  <message>Start action : else if (MainQualificationCount == 4)</message>
  <nestedLevel>1</nestedLevel>
  <property name="startLine">171</property>
  <property name="stepIndex">25</property>
</record>
<record>
  <date>2019-05-28T13:40:19</date>
  <millis>1559031019725</millis>
  <sequence>181</sequence>
  <level>START</level>
  <class>com.kms.katalon.core.logging.XmlKeywordLogger</class>
  <method>startKeyword</method>
  <thread>1</thread>
  <message>Start action : setText(findTestObject(\&amp;quot;REALRatings/NorthHighland/Page_REALrating/Other Qualification\&amp;quot;), \&amp;quot;other ouualifications \&amp;quot;)</message>
  <nestedLevel>2</nestedLevel>
  <property name="startLine">173</property>
  <property name="stepIndex">1</property>
</record>
<record>
  <date>2019-05-28T13:40:19</date>
  <millis>1559031019943</millis>
  <sequence>193</sequence>
  <level>PASSED</level>
  <class>com.kms.katalon.core.logging.XmlKeywordLogger</class>
  <method>logMessage</method>
  <thread>1</thread>
  <message>Text &amp;apos;other ouualifications &amp;apos; is set on object &amp;apos;Object Repository/REALRatings/NorthHighland/Page_REALrating/Other Qualification&amp;apos;</message>
  <nestedLevel>1</nestedLevel>
</record>
<record>
  <date>2019-05-28T13:40:19</date>
  <millis>1559031019944</millis>
  <sequence>194</sequence>
  <level>END</level>
  <class>com.kms.katalon.core.logging.XmlKeywordLogger</class>
  <method>endKeyword</method>
  <thread>1</thread>
  <message>End action : setText(findTestObject(\&amp;quot;REALRatings/NorthHighland/Page_REALrating/Other Qualification\&amp;quot;), \&amp;quot;other ouualifications \&amp;quot;)</message>
  <nestedLevel>2</nestedLevel>
</record>
<record>
  <date>2019-05-28T13:40:19</date>
  <millis>1559031019945</millis>
  <sequence>195</sequence>
  <level>END</level>
  <class>com.kms.katalon.core.logging.XmlKeywordLogger</class>
  <method>endKeyword</method>
  <thread>1</thread>
  <message>End action : else if (MainQualificationCount == 4)</message>
  <nestedLevel>1</nestedLevel>
</record>
<record>
  <date>2019-05-28T13:40:19</date>
  <millis>1559031019945</millis>
  <sequence>196</sequence>
  <level>START</level>
  <class>com.kms.katalon.core.logging.XmlKeywordLogger</class>
  <method>startKeyword</method>
  <thread>1</thread>
  <message>Start action : setText(findTestObject(\&amp;quot;REALRatings/NorthHighland/Page_REALrating/A Level School\&amp;quot;), findTestData(\&amp;quot;getEmployable/Applicants\&amp;quot;).getValue(6, 1))</message>
  <nestedLevel>1</nestedLevel>
  <property name="startLine">193</property>
  <property name="stepIndex">27</property>
  <property name="description">Alevel School</property>
</record>
<record>
  <date>2019-05-28T13:40:20</date>
  <millis>1559031020272</millis>
  <sequence>211</sequence>
  <level>PASSED</level>
  <class>com.kms.katalon.core.logging.XmlKeywordLogger</class>
  <method>logMessage</method>
  <thread>1</thread>
  <message>Text &amp;apos;Kings Richard School&amp;apos; is set on object &amp;apos;Object Repository/REALRatings/NorthHighland/Page_REALrating/A Level School&amp;apos;</message>
  <nestedLevel>1</nestedLevel>
</record>
<record>
  <date>2019-05-28T13:40:20</date>
  <millis>1559031020273</millis>
  <sequence>212</sequence>
  <level>END</level>
  <class>com.kms.katalon.core.logging.XmlKeywordLogger</class>
  <method>endKeyword</method>
  <thread>1</thread>
  <message>End action : setText(findTestObject(\&amp;quot;REALRatings/NorthHighland/Page_REALrating/A Level School\&amp;quot;), findTestData(\&amp;quot;getEmployable/Applicants\&amp;quot;).getValue(6, 1))</message>
  <nestedLevel>1</nestedLevel>
</record>
<record>
  <date>2019-05-28T13:40:20</date>
  <millis>1559031020273</millis>
  <sequence>213</sequence>
  <level>START</level>
  <class>com.kms.katalon.core.logging.XmlKeywordLogger</class>
  <method>startKeyword</method>
  <thread>1</thread>
  <message>Start action : setText(findTestObject(\&amp;quot;REALRatings/NorthHighland/Page_REALrating/GCSE School\&amp;quot;), findTestData(\&amp;quot;getEmployable/Applicants\&amp;quot;).getValue(7, 1))</message>
  <nestedLevel>1</nestedLevel>
  <property name="startLine">197</property>
  <property name="stepIndex">28</property>
  <property name="description">GCSE School</property>
</record>
<record>
  <date>2019-05-28T13:40:20</date>
  <millis>1559031020590</millis>
  <sequence>228</sequence>
  <level>PASSED</level>
  <class>com.kms.katalon.core.logging.XmlKeywordLogger</class>
  <method>logMessage</method>
  <thread>1</thread>
  <message>Text &amp;apos;Kings Richard School&amp;apos; is set on object &amp;apos;Object Repository/REALRatings/NorthHighland/Page_REALrating/GCSE School&amp;apos;</message>
  <nestedLevel>1</nestedLevel>
</record>
<record>
  <date>2019-05-28T13:40:20</date>
  <millis>1559031020591</millis>
  <sequence>229</sequence>
  <level>END</level>
  <class>com.kms.katalon.core.logging.XmlKeywordLogger</class>
  <method>endKeyword</method>
  <thread>1</thread>
  <message>End action : setText(findTestObject(\&amp;quot;REALRatings/NorthHighland/Page_REALrating/GCSE School\&amp;quot;), findTestData(\&amp;quot;getEmployable/Applicants\&amp;quot;).getValue(7, 1))</message>
  <nestedLevel>1</nestedLevel>
</record>
<record>
  <date>2019-05-28T13:40:20</date>
  <millis>1559031020591</millis>
  <sequence>230</sequence>
  <level>START</level>
  <class>com.kms.katalon.core.logging.XmlKeywordLogger</class>
  <method>startKeyword</method>
  <thread>1</thread>
  <message>Start action : click(findTestObject(\&amp;quot;REALRatings/NorthHighland/Page_REALrating/Gender\&amp;quot;))</message>
  <nestedLevel>1</nestedLevel>
  <property name="startLine">201</property>
  <property name="stepIndex">29</property>
  <property name="description">Gender</property>
</record>
<record>
  <date>2019-05-28T13:40:20</date>
  <millis>1559031020663</millis>
  <sequence>237</sequence>
  <level>PASSED</level>
  <class>com.kms.katalon.core.logging.XmlKeywordLogger</class>
  <method>logMessage</method>
  <thread>1</thread>
  <message>Object: &amp;apos;Object Repository/REALRatings/NorthHighland/Page_REALrating/Gender&amp;apos; is clicked on</message>
  <nestedLevel>1</nestedLevel>
</record>
<record>
  <date>2019-05-28T13:40:20</date>
  <millis>1559031020664</millis>
  <sequence>238</sequence>
  <level>END</level>
  <class>com.kms.katalon.core.logging.XmlKeywordLogger</class>
  <method>endKeyword</method>
  <thread>1</thread>
  <message>End action : click(findTestObject(\&amp;quot;REALRatings/NorthHighland/Page_REALrating/Gender\&amp;quot;))</message>
  <nestedLevel>1</nestedLevel>
</record>
<record>
  <date>2019-05-28T13:40:20</date>
  <millis>1559031020664</millis>
  <sequence>239</sequence>
  <level>START</level>
  <class>com.kms.katalon.core.logging.XmlKeywordLogger</class>
  <method>startKeyword</method>
  <thread>1</thread>
  <message>Start action : setText(findTestObject(\&amp;quot;REALRatings/NorthHighland/Page_REALrating/ALevelPostcode\&amp;quot;), findTestData(\&amp;quot;getEmployable/Applicants\&amp;quot;).getValue(8, 1))</message>
  <nestedLevel>1</nestedLevel>
  <property name="startLine">204</property>
  <property name="stepIndex">30</property>
  <property name="description">ALevel PostalCode</property>
</record>
<record>
  <date>2019-05-28T13:40:20</date>
  <millis>1559031020825</millis>
  <sequence>254</sequence>
  <level>PASSED</level>
  <class>com.kms.katalon.core.logging.XmlKeywordLogger</class>
  <method>logMessage</method>
  <thread>1</thread>
  <message>Text &amp;apos;NW64DN&amp;apos; is set on object &amp;apos;Object Repository/REALRatings/NorthHighland/Page_REALrating/ALevelPostcode&amp;apos;</message>
  <nestedLevel>1</nestedLevel>
</record>
<record>
  <date>2019-05-28T13:40:20</date>
  <millis>1559031020828</millis>
  <sequence>255</sequence>
  <level>END</level>
  <class>com.kms.katalon.core.logging.XmlKeywordLogger</class>
  <method>endKeyword</method>
  <thread>1</thread>
  <message>End action : setText(findTestObject(\&amp;quot;REALRatings/NorthHighland/Page_REALrating/ALevelPostcode\&amp;quot;), findTestData(\&amp;quot;getEmployable/Applicants\&amp;quot;).getValue(8, 1))</message>
  <nestedLevel>1</nestedLevel>
</record>
<record>
  <date>2019-05-28T13:40:20</date>
  <millis>1559031020829</millis>
  <sequence>256</sequence>
  <level>START</level>
  <class>com.kms.katalon.core.logging.XmlKeywordLogger</class>
  <method>startKeyword</method>
  <thread>1</thread>
  <message>Start action : setText(findTestObject(\&amp;quot;REALRatings/NorthHighland/Page_REALrating/GCSEPostcode\&amp;quot;), findTestData(\&amp;quot;getEmployable/Applicants\&amp;quot;).getValue(9, 1))</message>
  <nestedLevel>1</nestedLevel>
  <property name="startLine">208</property>
  <property name="stepIndex">31</property>
  <property name="description">GCSE PostalCode</property>
</record>
<record>
  <date>2019-05-28T13:40:21</date>
  <millis>1559031021006</millis>
  <sequence>271</sequence>
  <level>PASSED</level>
  <class>com.kms.katalon.core.logging.XmlKeywordLogger</class>
  <method>logMessage</method>
  <thread>1</thread>
  <message>Text &amp;apos;AL60AA&amp;apos; is set on object &amp;apos;Object Repository/REALRatings/NorthHighland/Page_REALrating/GCSEPostcode&amp;apos;</message>
  <nestedLevel>1</nestedLevel>
</record>
<record>
  <date>2019-05-28T13:40:21</date>
  <millis>1559031021007</millis>
  <sequence>272</sequence>
  <level>END</level>
  <class>com.kms.katalon.core.logging.XmlKeywordLogger</class>
  <method>endKeyword</method>
  <thread>1</thread>
  <message>End action : setText(findTestObject(\&amp;quot;REALRatings/NorthHighland/Page_REALrating/GCSEPostcode\&amp;quot;), findTestData(\&amp;quot;getEmployable/Applicants\&amp;quot;).getValue(9, 1))</message>
  <nestedLevel>1</nestedLevel>
</record>
<record>
  <date>2019-05-28T13:40:21</date>
  <millis>1559031021007</millis>
  <sequence>273</sequence>
  <level>START</level>
  <class>com.kms.katalon.core.logging.XmlKeywordLogger</class>
  <method>startKeyword</method>
  <thread>1</thread>
  <message>Start action : click(findTestObject(\&amp;quot;REALRatings/NorthHighland/Page_REALrating/TickAnyStatement\&amp;quot;))</message>
  <nestedLevel>1</nestedLevel>
  <property name="startLine">212</property>
  <property name="stepIndex">32</property>
  <property name="description">Tick Any Statement</property>
</record>
<record>
  <date>2019-05-28T13:40:21</date>
  <millis>1559031021108</millis>
  <sequence>280</sequence>
  <level>PASSED</level>
  <class>com.kms.katalon.core.logging.XmlKeywordLogger</class>
  <method>logMessage</method>
  <thread>1</thread>
  <message>Object: &amp;apos;Object Repository/REALRatings/NorthHighland/Page_REALrating/TickAnyStatement&amp;apos; is clicked on</message>
  <nestedLevel>1</nestedLevel>
</record>
<record>
  <date>2019-05-28T13:40:21</date>
  <millis>1559031021108</millis>
  <sequence>281</sequence>
  <level>END</level>
  <class>com.kms.katalon.core.logging.XmlKeywordLogger</class>
  <method>endKeyword</method>
  <thread>1</thread>
  <message>End action : click(findTestObject(\&amp;quot;REALRatings/NorthHighland/Page_REALrating/TickAnyStatement\&amp;quot;))</message>
  <nestedLevel>1</nestedLevel>
</record>
<record>
  <date>2019-05-28T13:40:21</date>
  <millis>1559031021109</millis>
  <sequence>282</sequence>
  <level>START</level>
  <class>com.kms.katalon.core.logging.XmlKeywordLogger</class>
  <method>startKeyword</method>
  <thread>1</thread>
  <message>Start action : click(findTestObject(\&amp;quot;REALRatings/NorthHighland/Page_REALrating/ConfirmAggreement\&amp;quot;))</message>
  <nestedLevel>1</nestedLevel>
  <property name="startLine">215</property>
  <property name="stepIndex">33</property>
  <property name="description">User Agreement</property>
</record>
<record>
  <date>2019-05-28T13:40:21</date>
  <millis>1559031021219</millis>
  <sequence>289</sequence>
  <level>PASSED</level>
  <class>com.kms.katalon.core.logging.XmlKeywordLogger</class>
  <method>logMessage</method>
  <thread>1</thread>
  <message>Object: &amp;apos;Object Repository/REALRatings/NorthHighland/Page_REALrating/ConfirmAggreement&amp;apos; is clicked on</message>
  <nestedLevel>1</nestedLevel>
</record>
<record>
  <date>2019-05-28T13:40:21</date>
  <millis>1559031021220</millis>
  <sequence>290</sequence>
  <level>END</level>
  <class>com.kms.katalon.core.logging.XmlKeywordLogger</class>
  <method>endKeyword</method>
  <thread>1</thread>
  <message>End action : click(findTestObject(\&amp;quot;REALRatings/NorthHighland/Page_REALrating/ConfirmAggreement\&amp;quot;))</message>
  <nestedLevel>1</nestedLevel>
</record>
<record>
  <date>2019-05-28T13:40:21</date>
  <millis>1559031021220</millis>
  <sequence>291</sequence>
  <level>START</level>
  <class>com.kms.katalon.core.logging.XmlKeywordLogger</class>
  <method>startKeyword</method>
  <thread>1</thread>
  <message>Start action : click(findTestObject(\&amp;quot;REALRatings/NorthHighland/Page_REALrating/Submit\&amp;quot;))</message>
  <nestedLevel>1</nestedLevel>
  <property name="startLine">218</property>
  <property name="stepIndex">34</property>
  <property name="description">Click on Submit Button</property>
</record>
<record>
  <date>2019-05-28T13:40:21</date>
  <millis>1559031021293</millis>
  <sequence>298</sequence>
  <level>PASSED</level>
  <class>com.kms.katalon.core.logging.XmlKeywordLogger</class>
  <method>logMessage</method>
  <thread>1</thread>
  <message>Object: &amp;apos;Object Repository/REALRatings/NorthHighland/Page_REALrating/Submit&amp;apos; is clicked on</message>
  <nestedLevel>1</nestedLevel>
</record>
<record>
  <date>2019-05-28T13:40:21</date>
  <millis>1559031021294</millis>
  <sequence>299</sequence>
  <level>END</level>
  <class>com.kms.katalon.core.logging.XmlKeywordLogger</class>
  <method>endKeyword</method>
  <thread>1</thread>
  <message>End action : click(findTestObject(\&amp;quot;REALRatings/NorthHighland/Page_REALrating/Submit\&amp;quot;))</message>
  <nestedLevel>1</nestedLevel>
</record>
<record>
  <date>2019-05-28T13:40:21</date>
  <millis>1559031021294</millis>
  <sequence>300</sequence>
  <level>START</level>
  <class>com.kms.katalon.core.logging.XmlKeywordLogger</class>
  <method>startKeyword</method>
  <thread>1</thread>
  <message>Start action : assert getUrl() == \&amp;quot;https://nh-uat.realrating.co.uk/thankyou\&amp;quot;</message>
  <nestedLevel>1</nestedLevel>
  <property name="startLine">221</property>
  <property name="stepIndex">35</property>
  <property name="description">verify Sucessfull Form Submission</property>
</record>
<record>
  <date>2019-05-28T13:40:21</date>
  <millis>1559031021320</millis>
  <sequence>302</sequence>
  <level>PASSED</level>
  <class>com.kms.katalon.core.logging.XmlKeywordLogger</class>
  <method>logMessage</method>
  <thread>1</thread>
  <message>Current window&amp;apos;s url is: &amp;apos;https://nh-uat.realrating.co.uk/&amp;apos;</message>
  <nestedLevel>1</nestedLevel>
</record>
<record>
  <date>2019-05-28T13:40:21</date>
  <millis>1559031021331</millis>
  <sequence>304</sequence>
  <logger>com.kms.katalon.core.logging.XmlKeywordLogger</logger>
  <level>FAILED</level>
  <class>com.kms.katalon.core.logging.XmlKeywordLogger</class>
  <method>logMessage</method>
  <thread>1</thread>
  <message>assert getUrl() == \&amp;quot;https://nh-uat.realrating.co.uk/thankyou\&amp;quot; FAILED.\nReason:\nAssertion failed: \n\nassert WebUI.getUrl() == &amp;apos;https://nh-uat.realrating.co.uk/thankyou&amp;apos;\n             |        |\n             |        false\n             https://nh-uat.realrating.co.uk/\n\r\n\tat formSubmission.run(formSubmission:221)\r\n\tat com.kms.katalon.core.main.ScriptEngine.run(ScriptEngine.java:194)\r\n\tat com.kms.katalon.core.main.ScriptEngine.runScriptAsRawText(ScriptEngine.java:119)\r\n\tat com.kms.katalon.core.main.TestCaseExecutor.runScript(TestCaseExecutor.java:331)\r\n\tat com.kms.katalon.core.main.TestCaseExecutor.doExecute(TestCaseExecutor.java:322)\r\n\tat com.kms.katalon.core.main.TestCaseExecutor.processExecutionPhase(TestCaseExecutor.java:301)\r\n\tat com.kms.katalon.core.main.TestCaseExecutor.accessMainPhase(TestCaseExecutor.java:293)\r\n\tat com.kms.katalon.core.main.TestCaseExecutor.execute(TestCaseExecutor.java:227)\r\n\tat com.kms.katalon.core.main.TestSuiteExecutor.accessTestCaseMainPhase(TestSuiteExecutor.java:129)\r\n\tat com.kms.katalon.core.main.TestSuiteExecutor.accessTestSuiteMainPhase(TestSuiteExecutor.java:112)\r\n\tat com.kms.katalon.core.main.TestSuiteExecutor.execute(TestSuiteExecutor.java:81)\r\n\tat com.kms.katalon.core.main.TestCaseMain.startTestSuite(TestCaseMain.java:157)\r\n\tat com.kms.katalon.core.main.TestCaseMain$startTestSuite$0.call(Unknown Source)\r\n\tat TempTestSuite1559031001318.run(TempTestSuite1559031001318.groovy:35)\r\n</message>
  <exception>
    <message>Assertion failed: 

assert WebUI.getUrl() == 'https://nh-uat.realrating.co.uk/thankyou'
             |        |
             |        false
             https://nh-uat.realrating.co.uk/
</message>
    <frame>
      <class>formSubmission</class>
      <method>run</method>
      <line>221</line>
    </frame>
    <frame>
      <class>com.kms.katalon.core.main.ScriptEngine</class>
      <method>run</method>
      <line>194</line>
    </frame>
    <frame>
      <class>com.kms.katalon.core.main.ScriptEngine</class>
      <method>runScriptAsRawText</method>
      <line>119</line>
    </frame>
    <frame>
      <class>com.kms.katalon.core.main.TestCaseExecutor</class>
      <method>runScript</method>
      <line>331</line>
    </frame>
    <frame>
      <class>com.kms.katalon.core.main.TestCaseExecutor</class>
      <method>doExecute</method>
      <line>322</line>
    </frame>
    <frame>
      <class>com.kms.katalon.core.main.TestCaseExecutor</class>
      <method>processExecutionPhase</method>
      <line>301</line>
    </frame>
    <frame>
      <class>com.kms.katalon.core.main.TestCaseExecutor</class>
      <method>accessMainPhase</method>
      <line>293</line>
    </frame>
    <frame>
      <class>com.kms.katalon.core.main.TestCaseExecutor</class>
      <method>execute</method>
      <line>227</line>
    </frame>
    <frame>
      <class>com.kms.katalon.core.main.TestSuiteExecutor</class>
      <method>accessTestCaseMainPhase</method>
      <line>129</line>
    </frame>
    <frame>
      <class>com.kms.katalon.core.main.TestSuiteExecutor</class>
      <method>accessTestSuiteMainPhase</method>
      <line>112</line>
    </frame>
    <frame>
      <class>com.kms.katalon.core.main.TestSuiteExecutor</class>
      <method>execute</method>
      <line>81</line>
    </frame>
    <frame>
      <class>com.kms.katalon.core.main.TestCaseMain</class>
      <method>startTestSuite</method>
      <line>157</line>
    </frame>
    <frame>
      <class>com.kms.katalon.core.main.TestCaseMain$startTestSuite$0</class>
      <method>call</method>
    </frame>
    <frame>
      <class>TempTestSuite1559031001318</class>
      <method>run</method>
      <line>35</line>
    </frame>
  </exception>
  <nestedLevel>0</nestedLevel>
</record>
<record>
  <date>2019-05-28T13:40:21</date>
  <millis>1559031021331</millis>
  <sequence>305</sequence>
  <level>END</level>
  <class>com.kms.katalon.core.logging.XmlKeywordLogger</class>
  <method>endKeyword</method>
  <thread>1</thread>
  <message>End action : assert getUrl() == \&amp;quot;https://nh-uat.realrating.co.uk/thankyou\&amp;quot;</message>
  <nestedLevel>1</nestedLevel>
</record>
<record>
  <date>2019-05-28T13:40:21</date>
  <millis>1559031021332</millis>
  <sequence>307</sequence>
  <logger>com.kms.katalon.core.logging.XmlKeywordLogger</logger>
  <level>FAILED</level>
  <class>com.kms.katalon.core.logging.XmlKeywordLogger</class>
  <method>logMessage</method>
  <thread>1</thread>
  <message>Test Cases/REALratings/NorthHighland/formSubmission FAILED.\nReason:\nAssertion failed: \n\nassert WebUI.getUrl() == &amp;apos;https://nh-uat.realrating.co.uk/thankyou&amp;apos;\n             |        |\n             |        false\n             https://nh-uat.realrating.co.uk/\n\r\n\tat formSubmission.run(formSubmission:221)\r\n\tat com.kms.katalon.core.main.ScriptEngine.run(ScriptEngine.java:194)\r\n\tat com.kms.katalon.core.main.ScriptEngine.runScriptAsRawText(ScriptEngine.java:119)\r\n\tat com.kms.katalon.core.main.TestCaseExecutor.runScript(TestCaseExecutor.java:331)\r\n\tat com.kms.katalon.core.main.TestCaseExecutor.doExecute(TestCaseExecutor.java:322)\r\n\tat com.kms.katalon.core.main.TestCaseExecutor.processExecutionPhase(TestCaseExecutor.java:301)\r\n\tat com.kms.katalon.core.main.TestCaseExecutor.accessMainPhase(TestCaseExecutor.java:293)\r\n\tat com.kms.katalon.core.main.TestCaseExecutor.execute(TestCaseExecutor.java:227)\r\n\tat com.kms.katalon.core.main.TestSuiteExecutor.accessTestCaseMainPhase(TestSuiteExecutor.java:129)\r\n\tat com.kms.katalon.core.main.TestSuiteExecutor.accessTestSuiteMainPhase(TestSuiteExecutor.java:112)\r\n\tat com.kms.katalon.core.main.TestSuiteExecutor.execute(TestSuiteExecutor.java:81)\r\n\tat com.kms.katalon.core.main.TestCaseMain.startTestSuite(TestCaseMain.java:157)\r\n\tat com.kms.katalon.core.main.TestCaseMain$startTestSuite$0.call(Unknown Source)\r\n\tat TempTestSuite1559031001318.run(TempTestSuite1559031001318.groovy:35)\r\n</message>
  <exception>
    <message>Assertion failed: 

assert WebUI.getUrl() == 'https://nh-uat.realrating.co.uk/thankyou'
             |        |
             |        false
             https://nh-uat.realrating.co.uk/
</message>
    <frame>
      <class>formSubmission</class>
      <method>run</method>
      <line>221</line>
    </frame>
    <frame>
      <class>com.kms.katalon.core.main.ScriptEngine</class>
      <method>run</method>
      <line>194</line>
    </frame>
    <frame>
      <class>com.kms.katalon.core.main.ScriptEngine</class>
      <method>runScriptAsRawText</method>
      <line>119</line>
    </frame>
    <frame>
      <class>com.kms.katalon.core.main.TestCaseExecutor</class>
      <method>runScript</method>
      <line>331</line>
    </frame>
    <frame>
      <class>com.kms.katalon.core.main.TestCaseExecutor</class>
      <method>doExecute</method>
      <line>322</line>
    </frame>
    <frame>
      <class>com.kms.katalon.core.main.TestCaseExecutor</class>
      <method>processExecutionPhase</method>
      <line>301</line>
    </frame>
    <frame>
      <class>com.kms.katalon.core.main.TestCaseExecutor</class>
      <method>accessMainPhase</method>
      <line>293</line>
    </frame>
    <frame>
      <class>com.kms.katalon.core.main.TestCaseExecutor</class>
      <method>execute</method>
      <line>227</line>
    </frame>
    <frame>
      <class>com.kms.katalon.core.main.TestSuiteExecutor</class>
      <method>accessTestCaseMainPhase</method>
      <line>129</line>
    </frame>
    <frame>
      <class>com.kms.katalon.core.main.TestSuiteExecutor</class>
      <method>accessTestSuiteMainPhase</method>
      <line>112</line>
    </frame>
    <frame>
      <class>com.kms.katalon.core.main.TestSuiteExecutor</class>
      <method>execute</method>
      <line>81</line>
    </frame>
    <frame>
      <class>com.kms.katalon.core.main.TestCaseMain</class>
      <method>startTestSuite</method>
      <line>157</line>
    </frame>
    <frame>
      <class>com.kms.katalon.core.main.TestCaseMain$startTestSuite$0</class>
      <method>call</method>
    </frame>
    <frame>
      <class>TempTestSuite1559031001318</class>
      <method>run</method>
      <line>35</line>
    </frame>
  </exception>
  <nestedLevel>0</nestedLevel>
</record>
<record>
  <date>2019-05-28T13:40:21</date>
  <millis>1559031021333</millis>
  <sequence>308</sequence>
  <level>END</level>
  <class>com.kms.katalon.core.logging.XmlKeywordLogger</class>
  <method>endTest</method>
  <thread>1</thread>
  <message>End Test Case : Test Cases/REALratings/NorthHighland/formSubmission</message>
  <nestedLevel>0</nestedLevel>
</record>
<record>
  <date>2019-05-28T13:40:21</date>
  <millis>1559031021337</millis>
  <sequence>309</sequence>
  <level>START</level>
  <class>com.kms.katalon.core.logging.XmlKeywordLogger</class>
  <method>startTest</method>
  <thread>1</thread>
  <message>Start Test Case : Test Cases/REALratings/NorthHighland/login</message>
  <nestedLevel>1</nestedLevel>
  <property name="name">Test Cases/REALratings/NorthHighland/login</property>
  <property name="description"></property>
  <property name="id">Test Cases/REALratings/NorthHighland/login</property>
  <property name="source">C:\\Users\\sambhavi\\git\\didactic-octo-spork\\Test Cases\\REALratings\\NorthHighland\\login.tc</property>
  <property name="isOptional">false</property>
</record>
<record>
  <date>2019-05-28T13:40:21</date>
  <millis>1559031021673</millis>
  <sequence>311</sequence>
  <level>START</level>
  <class>com.kms.katalon.core.logging.XmlKeywordLogger</class>
  <method>startKeyword</method>
  <thread>1</thread>
  <message>Start action : openBrowser(\&amp;quot;\&amp;quot;)</message>
  <nestedLevel>1</nestedLevel>
  <property name="startLine">17</property>
  <property name="stepIndex">1</property>
  <property name="description">Open Browser</property>
</record>
<record>
  <date>2019-05-28T13:40:21</date>
  <millis>1559031021699</millis>
  <sequence>313</sequence>
  <level>WARNING</level>
  <class>com.kms.katalon.core.logging.XmlKeywordLogger</class>
  <method>logMessage</method>
  <thread>1</thread>
  <message>A browser is already opened. Closing browser and opening a new one</message>
  <nestedLevel>1</nestedLevel>
</record>
<record>
  <date>2019-05-28T13:40:22</date>
  <millis>1559031022406</millis>
  <sequence>314</sequence>
  <level>INFO</level>
  <class>com.kms.katalon.core.logging.XmlKeywordLogger</class>
  <method>logMessage</method>
  <thread>1</thread>
  <message>Starting &amp;apos;Chrome&amp;apos; driver</message>
  <nestedLevel>1</nestedLevel>
</record>
<record>
  <date>2019-05-28T13:40:24</date>
  <millis>1559031024935</millis>
  <sequence>316</sequence>
  <level>RUN_DATA</level>
  <class>com.kms.katalon.core.logging.XmlKeywordLogger</class>
  <method>logMessage</method>
  <thread>1</thread>
  <message>sessionId = 645fd231401a3896c9b26dc6c9648137</message>
  <nestedLevel>1</nestedLevel>
  <property name="sessionId">645fd231401a3896c9b26dc6c9648137</property>
</record>
<record>
  <date>2019-05-28T13:40:24</date>
  <millis>1559031024970</millis>
  <sequence>317</sequence>
  <level>RUN_DATA</level>
  <class>com.kms.katalon.core.logging.XmlKeywordLogger</class>
  <method>logMessage</method>
  <thread>1</thread>
  <message>browser = Chrome 74.0.3729.169</message>
  <nestedLevel>1</nestedLevel>
  <property name="browser">Chrome 74.0.3729.169</property>
</record>
<record>
  <date>2019-05-28T13:40:24</date>
  <millis>1559031024971</millis>
  <sequence>318</sequence>
  <level>RUN_DATA</level>
  <class>com.kms.katalon.core.logging.XmlKeywordLogger</class>
  <method>logMessage</method>
  <thread>1</thread>
  <message>platform = Windows 10</message>
  <nestedLevel>1</nestedLevel>
  <property name="platform">Windows 10</property>
</record>
<record>
  <date>2019-05-28T13:40:24</date>
  <millis>1559031024971</millis>
  <sequence>319</sequence>
  <level>RUN_DATA</level>
  <class>com.kms.katalon.core.logging.XmlKeywordLogger</class>
  <method>logMessage</method>
  <thread>1</thread>
  <message>seleniumVersion = 3.7.1</message>
  <nestedLevel>1</nestedLevel>
  <property name="seleniumVersion">3.7.1</property>
</record>
<record>
  <date>2019-05-28T13:40:24</date>
  <millis>1559031024972</millis>
  <sequence>320</sequence>
  <level>RUN_DATA</level>
  <class>com.kms.katalon.core.logging.XmlKeywordLogger</class>
  <method>logMessage</method>
  <thread>1</thread>
  <message>proxyInformation = ProxyInformation{proxyOption=NO_PROXY, proxyServerType=HTTP, password=, proxyServerAddress=, proxyServerPort=0}</message>
  <nestedLevel>1</nestedLevel>
  <property name="proxyInformation">ProxyInformation{proxyOption=NO_PROXY, proxyServerType=HTTP, password=, proxyServerAddress=, proxyServerPort=0}</property>
</record>
<record>
  <date>2019-05-28T13:40:24</date>
  <millis>1559031024972</millis>
  <sequence>321</sequence>
  <level>PASSED</level>
  <class>com.kms.katalon.core.logging.XmlKeywordLogger</class>
  <method>logMessage</method>
  <thread>1</thread>
  <message>Browser is opened with url: &amp;apos;&amp;apos;</message>
  <nestedLevel>1</nestedLevel>
</record>
<record>
  <date>2019-05-28T13:40:24</date>
  <millis>1559031024972</millis>
  <sequence>322</sequence>
  <level>END</level>
  <class>com.kms.katalon.core.logging.XmlKeywordLogger</class>
  <method>endKeyword</method>
  <thread>1</thread>
  <message>End action : openBrowser(\&amp;quot;\&amp;quot;)</message>
  <nestedLevel>1</nestedLevel>
</record>
<record>
  <date>2019-05-28T13:40:24</date>
  <millis>1559031024972</millis>
  <sequence>323</sequence>
  <level>START</level>
  <class>com.kms.katalon.core.logging.XmlKeywordLogger</class>
  <method>startKeyword</method>
  <thread>1</thread>
  <message>Start action : navigateToUrl(\&amp;quot;https://nh-uat.realrating.co.uk/login\&amp;quot;)</message>
  <nestedLevel>1</nestedLevel>
  <property name="startLine">20</property>
  <property name="stepIndex">2</property>
  <property name="description">Login to NorthHighland Application</property>
</record>
<record>
  <date>2019-05-28T13:40:28</date>
  <millis>1559031028064</millis>
  <sequence>326</sequence>
  <level>PASSED</level>
  <class>com.kms.katalon.core.logging.XmlKeywordLogger</class>
  <method>logMessage</method>
  <thread>1</thread>
  <message>Navigate to &amp;apos;https://nh-uat.realrating.co.uk/login&amp;apos; successfully</message>
  <nestedLevel>1</nestedLevel>
</record>
<record>
  <date>2019-05-28T13:40:28</date>
  <millis>1559031028065</millis>
  <sequence>327</sequence>
  <level>END</level>
  <class>com.kms.katalon.core.logging.XmlKeywordLogger</class>
  <method>endKeyword</method>
  <thread>1</thread>
  <message>End action : navigateToUrl(\&amp;quot;https://nh-uat.realrating.co.uk/login\&amp;quot;)</message>
  <nestedLevel>1</nestedLevel>
</record>
<record>
  <date>2019-05-28T13:40:28</date>
  <millis>1559031028065</millis>
  <sequence>328</sequence>
  <level>START</level>
  <class>com.kms.katalon.core.logging.XmlKeywordLogger</class>
  <method>startKeyword</method>
  <thread>1</thread>
  <message>Start action : maximizeWindow()</message>
  <nestedLevel>1</nestedLevel>
  <property name="startLine">22</property>
  <property name="stepIndex">3</property>
</record>
