<?xml version="1.0" encoding="UTF-8" standalone="no"?>
<!DOCTYPE log SYSTEM "logger.dtd">
<log>
<record>
  <date>2019-08-06T15:25:14</date>
  <millis>1565085314705</millis>
  <sequence>0</sequence>
  <level>START</level>
  <class>com.kms.katalon.core.logging.XmlKeywordLogger</class>
  <method>startSuite</method>
  <thread>1</thread>
  <message>Start Test Suite : Test Suites/REALratings/DAVIS POLK</message>
  <nestedLevel>0</nestedLevel>
  <property name="name">DAVIS POLK</property>
  <property name="description"></property>
  <property name="id">Test Suites/REALratings/DAVIS POLK</property>
</record>
<record>
  <date>2019-08-06T15:25:14</date>
  <millis>1565085314721</millis>
  <sequence>1</sequence>
  <level>RUN_DATA</level>
  <class>com.kms.katalon.core.logging.XmlKeywordLogger</class>
  <method>logMessage</method>
  <thread>1</thread>
  <message>hostName = sambhavi - sambhavi.jmandigital.in</message>
  <nestedLevel>0</nestedLevel>
  <property name="hostName">sambhavi - sambhavi.jmandigital.in</property>
</record>
<record>
  <date>2019-08-06T15:25:14</date>
  <millis>1565085314722</millis>
  <sequence>2</sequence>
  <level>RUN_DATA</level>
  <class>com.kms.katalon.core.logging.XmlKeywordLogger</class>
  <method>logMessage</method>
  <thread>1</thread>
  <message>os = Windows 10 64bit</message>
  <nestedLevel>0</nestedLevel>
  <property name="os">Windows 10 64bit</property>
</record>
<record>
  <date>2019-08-06T15:25:14</date>
  <millis>1565085314723</millis>
  <sequence>3</sequence>
  <level>RUN_DATA</level>
  <class>com.kms.katalon.core.logging.XmlKeywordLogger</class>
  <method>logMessage</method>
  <thread>1</thread>
  <message>hostAddress = 192.168.0.185</message>
  <nestedLevel>0</nestedLevel>
  <property name="hostAddress">192.168.0.185</property>
</record>
<record>
  <date>2019-08-06T15:25:14</date>
  <millis>1565085314724</millis>
  <sequence>4</sequence>
  <level>RUN_DATA</level>
  <class>com.kms.katalon.core.logging.XmlKeywordLogger</class>
  <method>logMessage</method>
  <thread>1</thread>
  <message>katalonVersion = 6.0.5.10</message>
  <nestedLevel>0</nestedLevel>
  <property name="katalonVersion">6.0.5.10</property>
</record>
<record>
  <date>2019-08-06T15:25:15</date>
  <millis>1565085315127</millis>
  <sequence>5</sequence>
  <level>START</level>
  <class>com.kms.katalon.core.logging.XmlKeywordLogger</class>
  <method>startTest</method>
  <thread>1</thread>
  <message>Start Test Case : Test Cases/REALratings/DAVIS POLK/Form Submission</message>
  <nestedLevel>1</nestedLevel>
  <property name="name">Test Cases/REALratings/DAVIS POLK/Form Submission</property>
  <property name="description"></property>
  <property name="id">Test Cases/REALratings/DAVIS POLK/Form Submission</property>
  <property name="source">C:\\Users\\sambhavi\\git\\didactic-octo-spork\\Test Cases\\REALratings\\DAVIS POLK\\Form Submission.tc</property>
  <property name="isOptional">false</property>
</record>
<record>
  <date>2019-08-06T15:25:16</date>
  <millis>1565085316185</millis>
  <sequence>7</sequence>
  <level>START</level>
  <class>com.kms.katalon.core.logging.XmlKeywordLogger</class>
  <method>startKeyword</method>
  <thread>1</thread>
  <message>Start action : comment(\&amp;quot; DAVIS POLK - Form Submission\&amp;quot;)</message>
  <nestedLevel>1</nestedLevel>
  <property name="startLine">16</property>
  <property name="stepIndex">1</property>
</record>
<record>
  <date>2019-08-06T15:25:16</date>
  <millis>1565085316239</millis>
  <sequence>8</sequence>
  <level>INFO</level>
  <class>com.kms.katalon.core.logging.XmlKeywordLogger</class>
  <method>logMessage</method>
  <thread>1</thread>
  <message> DAVIS POLK - Form Submission</message>
  <nestedLevel>1</nestedLevel>
</record>
<record>
  <date>2019-08-06T15:25:16</date>
  <millis>1565085316241</millis>
  <sequence>9</sequence>
  <level>END</level>
  <class>com.kms.katalon.core.logging.XmlKeywordLogger</class>
  <method>endKeyword</method>
  <thread>1</thread>
  <message>End action : comment(\&amp;quot; DAVIS POLK - Form Submission\&amp;quot;)</message>
  <nestedLevel>1</nestedLevel>
</record>
<record>
  <date>2019-08-06T15:25:16</date>
  <millis>1565085316241</millis>
  <sequence>10</sequence>
  <level>START</level>
  <class>com.kms.katalon.core.logging.XmlKeywordLogger</class>
  <method>startKeyword</method>
  <thread>1</thread>
  <message>Start action : openBrowser(\&amp;quot;\&amp;quot;)</message>
  <nestedLevel>1</nestedLevel>
  <property name="startLine">19</property>
  <property name="stepIndex">2</property>
  <property name="description">Open Browser</property>
</record>
<record>
  <date>2019-08-06T15:25:16</date>
  <millis>1565085316456</millis>
  <sequence>12</sequence>
  <level>INFO</level>
  <class>com.kms.katalon.core.logging.XmlKeywordLogger</class>
  <method>logMessage</method>
  <thread>1</thread>
  <message>Starting &amp;apos;Chrome&amp;apos; driver</message>
  <nestedLevel>1</nestedLevel>
</record>
<record>
  <date>2019-08-06T15:25:16</date>
  <millis>1565085316490</millis>
  <sequence>13</sequence>
  <level>INFO</level>
  <class>com.kms.katalon.core.logging.XmlKeywordLogger</class>
  <method>logMessage</method>
  <thread>1</thread>
  <message>Action delay is set to 0 seconds</message>
  <nestedLevel>1</nestedLevel>
</record>
<record>
  <date>2019-08-06T15:25:19</date>
  <millis>1565085319459</millis>
  <sequence>15</sequence>
  <level>RUN_DATA</level>
  <class>com.kms.katalon.core.logging.XmlKeywordLogger</class>
  <method>logMessage</method>
  <thread>1</thread>
  <message>sessionId = 116391361e346e3c2824addc7414bf2c</message>
  <nestedLevel>1</nestedLevel>
  <property name="sessionId">116391361e346e3c2824addc7414bf2c</property>
</record>
<record>
  <date>2019-08-06T15:25:19</date>
  <millis>1565085319492</millis>
  <sequence>16</sequence>
  <level>RUN_DATA</level>
  <class>com.kms.katalon.core.logging.XmlKeywordLogger</class>
  <method>logMessage</method>
  <thread>1</thread>
  <message>browser = Chrome 75.0.3770.142</message>
  <nestedLevel>1</nestedLevel>
  <property name="browser">Chrome 75.0.3770.142</property>
</record>
<record>
  <date>2019-08-06T15:25:19</date>
  <millis>1565085319493</millis>
  <sequence>17</sequence>
  <level>RUN_DATA</level>
  <class>com.kms.katalon.core.logging.XmlKeywordLogger</class>
  <method>logMessage</method>
  <thread>1</thread>
  <message>platform = Windows 10</message>
  <nestedLevel>1</nestedLevel>
  <property name="platform">Windows 10</property>
</record>
<record>
  <date>2019-08-06T15:25:19</date>
  <millis>1565085319496</millis>
  <sequence>18</sequence>
  <level>RUN_DATA</level>
  <class>com.kms.katalon.core.logging.XmlKeywordLogger</class>
  <method>logMessage</method>
  <thread>1</thread>
  <message>seleniumVersion = 3.7.1</message>
  <nestedLevel>1</nestedLevel>
  <property name="seleniumVersion">3.7.1</property>
</record>
<record>
  <date>2019-08-06T15:25:19</date>
  <millis>1565085319497</millis>
  <sequence>19</sequence>
  <level>RUN_DATA</level>
  <class>com.kms.katalon.core.logging.XmlKeywordLogger</class>
  <method>logMessage</method>
  <thread>1</thread>
  <message>proxyInformation = ProxyInformation{proxyOption=NO_PROXY, proxyServerType=HTTP, password=, proxyServerAddress=, proxyServerPort=0}</message>
  <nestedLevel>1</nestedLevel>
  <property name="proxyInformation">ProxyInformation{proxyOption=NO_PROXY, proxyServerType=HTTP, password=, proxyServerAddress=, proxyServerPort=0}</property>
</record>
<record>
  <date>2019-08-06T15:25:19</date>
  <millis>1565085319499</millis>
  <sequence>20</sequence>
  <level>PASSED</level>
  <class>com.kms.katalon.core.logging.XmlKeywordLogger</class>
  <method>logMessage</method>
  <thread>1</thread>
  <message>Browser is opened with url: &amp;apos;&amp;apos;</message>
  <nestedLevel>1</nestedLevel>
</record>
<record>
  <date>2019-08-06T15:25:19</date>
  <millis>1565085319500</millis>
  <sequence>21</sequence>
  <level>END</level>
  <class>com.kms.katalon.core.logging.XmlKeywordLogger</class>
  <method>endKeyword</method>
  <thread>1</thread>
  <message>End action : openBrowser(\&amp;quot;\&amp;quot;)</message>
  <nestedLevel>1</nestedLevel>
</record>
<record>
  <date>2019-08-06T15:25:19</date>
  <millis>1565085319500</millis>
  <sequence>22</sequence>
  <level>START</level>
  <class>com.kms.katalon.core.logging.XmlKeywordLogger</class>
  <method>startKeyword</method>
  <thread>1</thread>
  <message>Start action : navigateToUrl(\&amp;quot;https://davispolk-uat.realrating.co.uk/\&amp;quot;)</message>
  <nestedLevel>1</nestedLevel>
  <property name="startLine">22</property>
  <property name="stepIndex">3</property>
  <property name="description">Launch DAVIS POLK Application</property>
</record>
<record>
  <date>2019-08-06T15:25:25</date>
  <millis>1565085325514</millis>
  <sequence>25</sequence>
  <level>PASSED</level>
  <class>com.kms.katalon.core.logging.XmlKeywordLogger</class>
  <method>logMessage</method>
  <thread>1</thread>
  <message>Navigate to &amp;apos;https://davispolk-uat.realrating.co.uk/&amp;apos; successfully</message>
  <nestedLevel>1</nestedLevel>
</record>
<record>
  <date>2019-08-06T15:25:25</date>
  <millis>1565085325514</millis>
  <sequence>26</sequence>
  <level>END</level>
  <class>com.kms.katalon.core.logging.XmlKeywordLogger</class>
  <method>endKeyword</method>
  <thread>1</thread>
  <message>End action : navigateToUrl(\&amp;quot;https://davispolk-uat.realrating.co.uk/\&amp;quot;)</message>
  <nestedLevel>1</nestedLevel>
</record>
<record>
  <date>2019-08-06T15:25:25</date>
  <millis>1565085325515</millis>
  <sequence>27</sequence>
  <level>START</level>
  <class>com.kms.katalon.core.logging.XmlKeywordLogger</class>
  <method>startKeyword</method>
  <thread>1</thread>
  <message>Start action : maximizeWindow()</message>
  <nestedLevel>1</nestedLevel>
  <property name="startLine">24</property>
  <property name="stepIndex">4</property>
</record>
<record>
  <date>2019-08-06T15:25:26</date>
  <millis>1565085326655</millis>
  <sequence>29</sequence>
  <level>PASSED</level>
  <class>com.kms.katalon.core.logging.XmlKeywordLogger</class>
  <method>logMessage</method>
  <thread>1</thread>
  <message>Current window maximized</message>
  <nestedLevel>1</nestedLevel>
</record>
<record>
  <date>2019-08-06T15:25:26</date>
  <millis>1565085326656</millis>
  <sequence>30</sequence>
  <level>END</level>
  <class>com.kms.katalon.core.logging.XmlKeywordLogger</class>
  <method>endKeyword</method>
  <thread>1</thread>
  <message>End action : maximizeWindow()</message>
  <nestedLevel>1</nestedLevel>
</record>
<record>
  <date>2019-08-06T15:25:26</date>
  <millis>1565085326656</millis>
  <sequence>31</sequence>
  <level>START</level>
  <class>com.kms.katalon.core.logging.XmlKeywordLogger</class>
  <method>startKeyword</method>
  <thread>1</thread>
  <message>Start action : rad = new java.util.Random()</message>
  <nestedLevel>1</nestedLevel>
  <property name="startLine">26</property>
  <property name="stepIndex">5</property>
</record>
<record>
  <date>2019-08-06T15:25:26</date>
  <millis>1565085326660</millis>
  <sequence>32</sequence>
  <level>END</level>
  <class>com.kms.katalon.core.logging.XmlKeywordLogger</class>
  <method>endKeyword</method>
  <thread>1</thread>
  <message>End action : rad = new java.util.Random()</message>
  <nestedLevel>1</nestedLevel>
</record>
<record>
  <date>2019-08-06T15:25:26</date>
  <millis>1565085326660</millis>
  <sequence>33</sequence>
  <level>START</level>
  <class>com.kms.katalon.core.logging.XmlKeywordLogger</class>
  <method>startKeyword</method>
  <thread>1</thread>
  <message>Start action : comment(\&amp;quot;Basic Information\&amp;quot;)</message>
  <nestedLevel>1</nestedLevel>
  <property name="startLine">28</property>
  <property name="stepIndex">6</property>
</record>
<record>
  <date>2019-08-06T15:25:26</date>
  <millis>1565085326662</millis>
  <sequence>34</sequence>
  <level>INFO</level>
  <class>com.kms.katalon.core.logging.XmlKeywordLogger</class>
  <method>logMessage</method>
  <thread>1</thread>
  <message>Basic Information</message>
  <nestedLevel>1</nestedLevel>
</record>
<record>
  <date>2019-08-06T15:25:26</date>
  <millis>1565085326663</millis>
  <sequence>35</sequence>
  <level>END</level>
  <class>com.kms.katalon.core.logging.XmlKeywordLogger</class>
  <method>endKeyword</method>
  <thread>1</thread>
  <message>End action : comment(\&amp;quot;Basic Information\&amp;quot;)</message>
  <nestedLevel>1</nestedLevel>
</record>
<record>
  <date>2019-08-06T15:25:26</date>
  <millis>1565085326663</millis>
  <sequence>36</sequence>
  <level>START</level>
  <class>com.kms.katalon.core.logging.XmlKeywordLogger</class>
  <method>startKeyword</method>
  <thread>1</thread>
  <message>Start action : setText(findTestObject(\&amp;quot;REALRatings/NorthHighland/Page_REALrating/First Name\&amp;quot;), findTestData(\&amp;quot;getEmployable/Applicants\&amp;quot;).getValue(1, 1))</message>
  <nestedLevel>1</nestedLevel>
  <property name="startLine">31</property>
  <property name="stepIndex">7</property>
  <property name="description">Enter First Name</property>
</record>
<record>
  <date>2019-08-06T15:25:26</date>
  <millis>1565085326930</millis>
  <sequence>51</sequence>
  <level>PASSED</level>
  <class>com.kms.katalon.core.logging.XmlKeywordLogger</class>
  <method>logMessage</method>
  <thread>1</thread>
  <message>Text &amp;apos;Asha&amp;apos; is set on object &amp;apos;Object Repository/REALRatings/NorthHighland/Page_REALrating/First Name&amp;apos;</message>
  <nestedLevel>1</nestedLevel>
</record>
<record>
  <date>2019-08-06T15:25:26</date>
  <millis>1565085326931</millis>
  <sequence>52</sequence>
  <level>END</level>
  <class>com.kms.katalon.core.logging.XmlKeywordLogger</class>
  <method>endKeyword</method>
  <thread>1</thread>
  <message>End action : setText(findTestObject(\&amp;quot;REALRatings/NorthHighland/Page_REALrating/First Name\&amp;quot;), findTestData(\&amp;quot;getEmployable/Applicants\&amp;quot;).getValue(1, 1))</message>
  <nestedLevel>1</nestedLevel>
</record>
<record>
  <date>2019-08-06T15:25:26</date>
  <millis>1565085326931</millis>
  <sequence>53</sequence>
  <level>START</level>
  <class>com.kms.katalon.core.logging.XmlKeywordLogger</class>
  <method>startKeyword</method>
  <thread>1</thread>
  <message>Start action : setText(findTestObject(\&amp;quot;REALRatings/NorthHighland/Page_REALrating/Last Name\&amp;quot;), findTestData(\&amp;quot;getEmployable/Applicants\&amp;quot;).getValue(2, 1))</message>
  <nestedLevel>1</nestedLevel>
  <property name="startLine">35</property>
  <property name="stepIndex">8</property>
  <property name="description">Enter Last Name</property>
</record>
<record>
  <date>2019-08-06T15:25:27</date>
  <millis>1565085327125</millis>
  <sequence>68</sequence>
  <level>PASSED</level>
  <class>com.kms.katalon.core.logging.XmlKeywordLogger</class>
  <method>logMessage</method>
  <thread>1</thread>
  <message>Text &amp;apos;Rajendran&amp;apos; is set on object &amp;apos;Object Repository/REALRatings/NorthHighland/Page_REALrating/Last Name&amp;apos;</message>
  <nestedLevel>1</nestedLevel>
</record>
<record>
  <date>2019-08-06T15:25:27</date>
  <millis>1565085327126</millis>
  <sequence>69</sequence>
  <level>END</level>
  <class>com.kms.katalon.core.logging.XmlKeywordLogger</class>
  <method>endKeyword</method>
  <thread>1</thread>
  <message>End action : setText(findTestObject(\&amp;quot;REALRatings/NorthHighland/Page_REALrating/Last Name\&amp;quot;), findTestData(\&amp;quot;getEmployable/Applicants\&amp;quot;).getValue(2, 1))</message>
  <nestedLevel>1</nestedLevel>
</record>
<record>
  <date>2019-08-06T15:25:27</date>
  <millis>1565085327126</millis>
  <sequence>70</sequence>
  <level>START</level>
  <class>com.kms.katalon.core.logging.XmlKeywordLogger</class>
  <method>startKeyword</method>
  <thread>1</thread>
  <message>Start action : Email = rad.nextInt(2000)</message>
  <nestedLevel>1</nestedLevel>
  <property name="startLine">39</property>
  <property name="stepIndex">9</property>
  <property name="description">Enter University Email</property>
</record>
<record>
  <date>2019-08-06T15:25:27</date>
  <millis>1565085327128</millis>
  <sequence>71</sequence>
  <level>END</level>
  <class>com.kms.katalon.core.logging.XmlKeywordLogger</class>
  <method>endKeyword</method>
  <thread>1</thread>
  <message>End action : Email = rad.nextInt(2000)</message>
  <nestedLevel>1</nestedLevel>
</record>
<record>
  <date>2019-08-06T15:25:27</date>
  <millis>1565085327128</millis>
  <sequence>72</sequence>
  <level>START</level>
  <class>com.kms.katalon.core.logging.XmlKeywordLogger</class>
  <method>startKeyword</method>
  <thread>1</thread>
  <message>Start action : setText(findTestObject(\&amp;quot;REALRatings/NorthHighland/Page_REALrating/University Emailid\&amp;quot;), \&amp;quot;nh\&amp;quot; + Email + \&amp;quot;@test.com\&amp;quot;)</message>
  <nestedLevel>1</nestedLevel>
  <property name="startLine">41</property>
  <property name="stepIndex">10</property>
</record>
<record>
  <date>2019-08-06T15:25:27</date>
  <millis>1565085327469</millis>
  <sequence>84</sequence>
  <level>PASSED</level>
  <class>com.kms.katalon.core.logging.XmlKeywordLogger</class>
  <method>logMessage</method>
  <thread>1</thread>
  <message>Text &amp;apos;nh1389@test.com&amp;apos; is set on object &amp;apos;Object Repository/REALRatings/NorthHighland/Page_REALrating/University Emailid&amp;apos;</message>
  <nestedLevel>1</nestedLevel>
</record>
<record>
  <date>2019-08-06T15:25:27</date>
  <millis>1565085327470</millis>
  <sequence>85</sequence>
  <level>END</level>
  <class>com.kms.katalon.core.logging.XmlKeywordLogger</class>
  <method>endKeyword</method>
  <thread>1</thread>
  <message>End action : setText(findTestObject(\&amp;quot;REALRatings/NorthHighland/Page_REALrating/University Emailid\&amp;quot;), \&amp;quot;nh\&amp;quot; + Email + \&amp;quot;@test.com\&amp;quot;)</message>
  <nestedLevel>1</nestedLevel>
</record>
<record>
  <date>2019-08-06T15:25:27</date>
  <millis>1565085327470</millis>
  <sequence>86</sequence>
  <level>START</level>
  <class>com.kms.katalon.core.logging.XmlKeywordLogger</class>
  <method>startKeyword</method>
  <thread>1</thread>
  <message>Start action : click(findTestObject(\&amp;quot;REALRatings/NorthHighland/Page_REALrating/First Next\&amp;quot;), STOP_ON_FAILURE)</message>
  <nestedLevel>1</nestedLevel>
  <property name="startLine">44</property>
  <property name="stepIndex">11</property>
  <property name="description">Click NEXT</property>
</record>
<record>
  <date>2019-08-06T15:25:27</date>
  <millis>1565085327576</millis>
  <sequence>93</sequence>
  <level>PASSED</level>
  <class>com.kms.katalon.core.logging.XmlKeywordLogger</class>
  <method>logMessage</method>
  <thread>1</thread>
  <message>Object: &amp;apos;Object Repository/REALRatings/NorthHighland/Page_REALrating/First Next&amp;apos; is clicked on</message>
  <nestedLevel>1</nestedLevel>
</record>
<record>
  <date>2019-08-06T15:25:27</date>
  <millis>1565085327576</millis>
  <sequence>94</sequence>
  <level>END</level>
  <class>com.kms.katalon.core.logging.XmlKeywordLogger</class>
  <method>endKeyword</method>
  <thread>1</thread>
  <message>End action : click(findTestObject(\&amp;quot;REALRatings/NorthHighland/Page_REALrating/First Next\&amp;quot;), STOP_ON_FAILURE)</message>
  <nestedLevel>1</nestedLevel>
</record>
<record>
  <date>2019-08-06T15:25:27</date>
  <millis>1565085327576</millis>
  <sequence>95</sequence>
  <level>START</level>
  <class>com.kms.katalon.core.logging.XmlKeywordLogger</class>
  <method>startKeyword</method>
  <thread>1</thread>
  <message>Start action : comment(\&amp;quot;Main Qualifications\&amp;quot;)</message>
  <nestedLevel>1</nestedLevel>
  <property name="startLine">46</property>
  <property name="stepIndex">12</property>
</record>
<record>
  <date>2019-08-06T15:25:27</date>
  <millis>1565085327578</millis>
  <sequence>96</sequence>
  <level>INFO</level>
  <class>com.kms.katalon.core.logging.XmlKeywordLogger</class>
  <method>logMessage</method>
  <thread>1</thread>
  <message>Main Qualifications</message>
  <nestedLevel>1</nestedLevel>
</record>
<record>
  <date>2019-08-06T15:25:27</date>
  <millis>1565085327579</millis>
  <sequence>97</sequence>
  <level>END</level>
  <class>com.kms.katalon.core.logging.XmlKeywordLogger</class>
  <method>endKeyword</method>
  <thread>1</thread>
  <message>End action : comment(\&amp;quot;Main Qualifications\&amp;quot;)</message>
  <nestedLevel>1</nestedLevel>
</record>
<record>
  <date>2019-08-06T15:25:27</date>
  <millis>1565085327579</millis>
  <sequence>98</sequence>
  <level>START</level>
  <class>com.kms.katalon.core.logging.XmlKeywordLogger</class>
  <method>startKeyword</method>
  <thread>1</thread>
  <message>Start action : ALevelYearTotalOptions = getNumberOfTotalOption(findTestObject(\&amp;quot;REALRatings/NorthHighland/Page_REALrating/A Level Year\&amp;quot;))</message>
  <nestedLevel>1</nestedLevel>
  <property name="startLine">49</property>
  <property name="stepIndex">13</property>
  <property name="description">A-Level year</property>
</record>
<record>
  <date>2019-08-06T15:25:27</date>
  <millis>1565085327771</millis>
  <sequence>105</sequence>
  <level>PASSED</level>
  <class>com.kms.katalon.core.logging.XmlKeywordLogger</class>
  <method>logMessage</method>
  <thread>1</thread>
  <message>71 options of object &amp;apos;Object Repository/REALRatings/NorthHighland/Page_REALrating/A Level Year&amp;apos; counted</message>
  <nestedLevel>1</nestedLevel>
</record>
<record>
  <date>2019-08-06T15:25:27</date>
  <millis>1565085327772</millis>
  <sequence>106</sequence>
  <level>END</level>
  <class>com.kms.katalon.core.logging.XmlKeywordLogger</class>
  <method>endKeyword</method>
  <thread>1</thread>
  <message>End action : ALevelYearTotalOptions = getNumberOfTotalOption(findTestObject(\&amp;quot;REALRatings/NorthHighland/Page_REALrating/A Level Year\&amp;quot;))</message>
  <nestedLevel>1</nestedLevel>
</record>
<record>
  <date>2019-08-06T15:25:27</date>
  <millis>1565085327772</millis>
  <sequence>107</sequence>
  <level>START</level>
  <class>com.kms.katalon.core.logging.XmlKeywordLogger</class>
  <method>startKeyword</method>
  <thread>1</thread>
  <message>Start action : ALevelYearcount = 1 + rad.nextInt(ALevelYearTotalOptions - 1)</message>
  <nestedLevel>1</nestedLevel>
  <property name="startLine">51</property>
  <property name="stepIndex">14</property>
</record>
<record>
  <date>2019-08-06T15:25:27</date>
  <millis>1565085327776</millis>
  <sequence>108</sequence>
  <level>END</level>
  <class>com.kms.katalon.core.logging.XmlKeywordLogger</class>
  <method>endKeyword</method>
  <thread>1</thread>
  <message>End action : ALevelYearcount = 1 + rad.nextInt(ALevelYearTotalOptions - 1)</message>
  <nestedLevel>1</nestedLevel>
</record>
<record>
  <date>2019-08-06T15:25:27</date>
  <millis>1565085327777</millis>
  <sequence>109</sequence>
  <level>START</level>
  <class>com.kms.katalon.core.logging.XmlKeywordLogger</class>
  <method>startKeyword</method>
  <thread>1</thread>
  <message>Start action : selectOptionByIndex(findTestObject(\&amp;quot;REALRatings/NorthHighland/Page_REALrating/A Level Year\&amp;quot;), ALevelYearcount)</message>
  <nestedLevel>1</nestedLevel>
  <property name="startLine">53</property>
  <property name="stepIndex">15</property>
</record>
<record>
  <date>2019-08-06T15:25:28</date>
  <millis>1565085328381</millis>
  <sequence>121</sequence>
  <level>PASSED</level>
  <class>com.kms.katalon.core.logging.XmlKeywordLogger</class>
  <method>logMessage</method>
  <thread>1</thread>
  <message>All options with index in [58] are selected on object &amp;apos;Object Repository/REALRatings/NorthHighland/Page_REALrating/A Level Year&amp;apos;</message>
  <nestedLevel>1</nestedLevel>
</record>
<record>
  <date>2019-08-06T15:25:28</date>
  <millis>1565085328383</millis>
  <sequence>122</sequence>
  <level>END</level>
  <class>com.kms.katalon.core.logging.XmlKeywordLogger</class>
  <method>endKeyword</method>
  <thread>1</thread>
  <message>End action : selectOptionByIndex(findTestObject(\&amp;quot;REALRatings/NorthHighland/Page_REALrating/A Level Year\&amp;quot;), ALevelYearcount)</message>
  <nestedLevel>1</nestedLevel>
</record>
<record>
  <date>2019-08-06T15:25:28</date>
  <millis>1565085328383</millis>
  <sequence>123</sequence>
  <level>START</level>
  <class>com.kms.katalon.core.logging.XmlKeywordLogger</class>
  <method>startKeyword</method>
  <thread>1</thread>
  <message>Start action : GCSEYearTotalOptions = getNumberOfTotalOption(findTestObject(\&amp;quot;REALRatings/NorthHighland/Page_REALrating/GCSE Year\&amp;quot;))</message>
  <nestedLevel>1</nestedLevel>
  <property name="startLine">56</property>
  <property name="stepIndex">16</property>
  <property name="description">GCSE Year</property>
</record>
<record>
  <date>2019-08-06T15:25:28</date>
  <millis>1565085328475</millis>
  <sequence>130</sequence>
  <level>PASSED</level>
  <class>com.kms.katalon.core.logging.XmlKeywordLogger</class>
  <method>logMessage</method>
  <thread>1</thread>
  <message>71 options of object &amp;apos;Object Repository/REALRatings/NorthHighland/Page_REALrating/GCSE Year&amp;apos; counted</message>
  <nestedLevel>1</nestedLevel>
</record>
<record>
  <date>2019-08-06T15:25:28</date>
  <millis>1565085328476</millis>
  <sequence>131</sequence>
  <level>END</level>
  <class>com.kms.katalon.core.logging.XmlKeywordLogger</class>
  <method>endKeyword</method>
  <thread>1</thread>
  <message>End action : GCSEYearTotalOptions = getNumberOfTotalOption(findTestObject(\&amp;quot;REALRatings/NorthHighland/Page_REALrating/GCSE Year\&amp;quot;))</message>
  <nestedLevel>1</nestedLevel>
</record>
<record>
  <date>2019-08-06T15:25:28</date>
  <millis>1565085328476</millis>
  <sequence>132</sequence>
  <level>START</level>
  <class>com.kms.katalon.core.logging.XmlKeywordLogger</class>
  <method>startKeyword</method>
  <thread>1</thread>
  <message>Start action : GCSEYearCount = 1 + rad.nextInt(GCSEYearTotalOptions - 1)</message>
  <nestedLevel>1</nestedLevel>
  <property name="startLine">58</property>
  <property name="stepIndex">17</property>
</record>
<record>
  <date>2019-08-06T15:25:28</date>
  <millis>1565085328477</millis>
  <sequence>133</sequence>
  <level>END</level>
  <class>com.kms.katalon.core.logging.XmlKeywordLogger</class>
  <method>endKeyword</method>
  <thread>1</thread>
  <message>End action : GCSEYearCount = 1 + rad.nextInt(GCSEYearTotalOptions - 1)</message>
  <nestedLevel>1</nestedLevel>
</record>
<record>
  <date>2019-08-06T15:25:28</date>
  <millis>1565085328477</millis>
  <sequence>134</sequence>
  <level>START</level>
  <class>com.kms.katalon.core.logging.XmlKeywordLogger</class>
  <method>startKeyword</method>
  <thread>1</thread>
  <message>Start action : selectOptionByIndex(findTestObject(\&amp;quot;REALRatings/NorthHighland/Page_REALrating/GCSE Year\&amp;quot;), GCSEYearCount)</message>
  <nestedLevel>1</nestedLevel>
  <property name="startLine">60</property>
  <property name="stepIndex">18</property>
</record>
<record>
  <date>2019-08-06T15:25:29</date>
  <millis>1565085329008</millis>
  <sequence>146</sequence>
  <level>PASSED</level>
  <class>com.kms.katalon.core.logging.XmlKeywordLogger</class>
  <method>logMessage</method>
  <thread>1</thread>
  <message>All options with index in [56] are selected on object &amp;apos;Object Repository/REALRatings/NorthHighland/Page_REALrating/GCSE Year&amp;apos;</message>
  <nestedLevel>1</nestedLevel>
</record>
<record>
  <date>2019-08-06T15:25:29</date>
  <millis>1565085329009</millis>
  <sequence>147</sequence>
  <level>END</level>
  <class>com.kms.katalon.core.logging.XmlKeywordLogger</class>
  <method>endKeyword</method>
  <thread>1</thread>
  <message>End action : selectOptionByIndex(findTestObject(\&amp;quot;REALRatings/NorthHighland/Page_REALrating/GCSE Year\&amp;quot;), GCSEYearCount)</message>
  <nestedLevel>1</nestedLevel>
</record>
<record>
  <date>2019-08-06T15:25:29</date>
  <millis>1565085329009</millis>
  <sequence>148</sequence>
  <level>START</level>
  <class>com.kms.katalon.core.logging.XmlKeywordLogger</class>
  <method>startKeyword</method>
  <thread>1</thread>
  <message>Start action : MainQualificationTotaloptions = getNumberOfTotalOption(findTestObject(\&amp;quot;REALRatings/NorthHighland/Page_REALrating/Main Qualification\&amp;quot;))</message>
  <nestedLevel>1</nestedLevel>
  <property name="startLine">63</property>
  <property name="stepIndex">19</property>
  <property name="description">Select Main Qualification</property>
</record>
<record>
  <date>2019-08-06T15:25:29</date>
  <millis>1565085329075</millis>
  <sequence>155</sequence>
  <level>PASSED</level>
  <class>com.kms.katalon.core.logging.XmlKeywordLogger</class>
  <method>logMessage</method>
  <thread>1</thread>
  <message>6 options of object &amp;apos;Object Repository/REALRatings/NorthHighland/Page_REALrating/Main Qualification&amp;apos; counted</message>
  <nestedLevel>1</nestedLevel>
</record>
<record>
  <date>2019-08-06T15:25:29</date>
  <millis>1565085329076</millis>
  <sequence>156</sequence>
  <level>END</level>
  <class>com.kms.katalon.core.logging.XmlKeywordLogger</class>
  <method>endKeyword</method>
  <thread>1</thread>
  <message>End action : MainQualificationTotaloptions = getNumberOfTotalOption(findTestObject(\&amp;quot;REALRatings/NorthHighland/Page_REALrating/Main Qualification\&amp;quot;))</message>
  <nestedLevel>1</nestedLevel>
</record>
<record>
  <date>2019-08-06T15:25:29</date>
  <millis>1565085329076</millis>
  <sequence>157</sequence>
  <level>START</level>
  <class>com.kms.katalon.core.logging.XmlKeywordLogger</class>
  <method>startKeyword</method>
  <thread>1</thread>
  <message>Start action : MainQualificationCount = 1 + rad.nextInt(MainQualificationTotaloptions - 1)</message>
  <nestedLevel>1</nestedLevel>
  <property name="startLine">65</property>
  <property name="stepIndex">20</property>
</record>
<record>
  <date>2019-08-06T15:25:29</date>
  <millis>1565085329076</millis>
  <sequence>158</sequence>
  <level>END</level>
  <class>com.kms.katalon.core.logging.XmlKeywordLogger</class>
  <method>endKeyword</method>
  <thread>1</thread>
  <message>End action : MainQualificationCount = 1 + rad.nextInt(MainQualificationTotaloptions - 1)</message>
  <nestedLevel>1</nestedLevel>
</record>
<record>
  <date>2019-08-06T15:25:29</date>
  <millis>1565085329077</millis>
  <sequence>159</sequence>
  <level>START</level>
  <class>com.kms.katalon.core.logging.XmlKeywordLogger</class>
  <method>startKeyword</method>
  <thread>1</thread>
  <message>Start action : selectOptionByIndex(findTestObject(\&amp;quot;REALRatings/NorthHighland/Page_REALrating/Main Qualification\&amp;quot;), MainQualificationCount)</message>
  <nestedLevel>1</nestedLevel>
  <property name="startLine">67</property>
  <property name="stepIndex">21</property>
</record>
<record>
  <date>2019-08-06T15:25:29</date>
  <millis>1565085329222</millis>
  <sequence>171</sequence>
  <level>PASSED</level>
  <class>com.kms.katalon.core.logging.XmlKeywordLogger</class>
  <method>logMessage</method>
  <thread>1</thread>
  <message>All options with index in [3] are selected on object &amp;apos;Object Repository/REALRatings/NorthHighland/Page_REALrating/Main Qualification&amp;apos;</message>
  <nestedLevel>1</nestedLevel>
</record>
<record>
  <date>2019-08-06T15:25:29</date>
  <millis>1565085329222</millis>
  <sequence>172</sequence>
  <level>END</level>
  <class>com.kms.katalon.core.logging.XmlKeywordLogger</class>
  <method>endKeyword</method>
  <thread>1</thread>
  <message>End action : selectOptionByIndex(findTestObject(\&amp;quot;REALRatings/NorthHighland/Page_REALrating/Main Qualification\&amp;quot;), MainQualificationCount)</message>
  <nestedLevel>1</nestedLevel>
</record>
<record>
  <date>2019-08-06T15:25:29</date>
  <millis>1565085329223</millis>
  <sequence>173</sequence>
  <level>START</level>
  <class>com.kms.katalon.core.logging.XmlKeywordLogger</class>
  <method>startKeyword</method>
  <thread>1</thread>
  <message>Start action : delay(5)</message>
  <nestedLevel>1</nestedLevel>
  <property name="startLine">69</property>
  <property name="stepIndex">22</property>
</record>
<record>
  <date>2019-08-06T15:25:34</date>
  <millis>1565085334233</millis>
  <sequence>175</sequence>
  <level>PASSED</level>
  <class>com.kms.katalon.core.logging.XmlKeywordLogger</class>
  <method>logMessage</method>
  <thread>1</thread>
  <message>Delayed 5 second(s)</message>
  <nestedLevel>1</nestedLevel>
</record>
<record>
  <date>2019-08-06T15:25:34</date>
  <millis>1565085334235</millis>
  <sequence>176</sequence>
  <level>END</level>
  <class>com.kms.katalon.core.logging.XmlKeywordLogger</class>
  <method>endKeyword</method>
  <thread>1</thread>
  <message>End action : delay(5)</message>
  <nestedLevel>1</nestedLevel>
</record>
<record>
  <date>2019-08-06T15:25:34</date>
  <millis>1565085334236</millis>
  <sequence>177</sequence>
  <level>START</level>
  <class>com.kms.katalon.core.logging.XmlKeywordLogger</class>
  <method>startKeyword</method>
  <thread>1</thread>
  <message>Start action : if (MainQualificationCount == 1)</message>
  <nestedLevel>1</nestedLevel>
  <property name="startLine">72</property>
  <property name="stepIndex">23</property>
  <property name="description">A-Level</property>
</record>
<record>
  <date>2019-08-06T15:25:34</date>
  <millis>1565085334238</millis>
  <sequence>178</sequence>
  <level>END</level>
  <class>com.kms.katalon.core.logging.XmlKeywordLogger</class>
  <method>endKeyword</method>
  <thread>1</thread>
  <message>End action : if (MainQualificationCount == 1)</message>
  <nestedLevel>1</nestedLevel>
</record>
<record>
  <date>2019-08-06T15:25:34</date>
  <millis>1565085334238</millis>
  <sequence>179</sequence>
  <level>START</level>
  <class>com.kms.katalon.core.logging.XmlKeywordLogger</class>
  <method>startKeyword</method>
  <thread>1</thread>
  <message>Start action : else if (MainQualificationCount == 2)</message>
  <nestedLevel>1</nestedLevel>
  <property name="startLine">117</property>
  <property name="stepIndex">24</property>
</record>
<record>
  <date>2019-08-06T15:25:34</date>
  <millis>1565085334239</millis>
  <sequence>180</sequence>
  <level>END</level>
  <class>com.kms.katalon.core.logging.XmlKeywordLogger</class>
  <method>endKeyword</method>
  <thread>1</thread>
  <message>End action : else if (MainQualificationCount == 2)</message>
  <nestedLevel>1</nestedLevel>
</record>
<record>
  <date>2019-08-06T15:25:34</date>
  <millis>1565085334240</millis>
  <sequence>181</sequence>
  <level>START</level>
  <class>com.kms.katalon.core.logging.XmlKeywordLogger</class>
  <method>startKeyword</method>
  <thread>1</thread>
  <message>Start action : else if (MainQualificationCount == 3)</message>
  <nestedLevel>1</nestedLevel>
  <property name="startLine">132</property>
  <property name="stepIndex">25</property>
</record>
<record>
  <date>2019-08-06T15:25:34</date>
  <millis>1565085334245</millis>
  <sequence>182</sequence>
  <level>START</level>
  <class>com.kms.katalon.core.logging.XmlKeywordLogger</class>
  <method>startKeyword</method>
  <thread>1</thread>
  <message>Start action : IBP1TotalOptions = getNumberOfTotalOption(findTestObject(\&amp;quot;REALRatings/NorthHighland/Page_REALrating/IBP One\&amp;quot;))</message>
  <nestedLevel>2</nestedLevel>
  <property name="startLine">133</property>
  <property name="stepIndex">1</property>
</record>
<record>
  <date>2019-08-06T15:25:34</date>
  <millis>1565085334342</millis>
  <sequence>189</sequence>
  <level>PASSED</level>
  <class>com.kms.katalon.core.logging.XmlKeywordLogger</class>
  <method>logMessage</method>
  <thread>1</thread>
  <message>8 options of object &amp;apos;Object Repository/REALRatings/NorthHighland/Page_REALrating/IBP One&amp;apos; counted</message>
  <nestedLevel>1</nestedLevel>
</record>
<record>
  <date>2019-08-06T15:25:34</date>
  <millis>1565085334343</millis>
  <sequence>190</sequence>
  <level>END</level>
  <class>com.kms.katalon.core.logging.XmlKeywordLogger</class>
  <method>endKeyword</method>
  <thread>1</thread>
  <message>End action : IBP1TotalOptions = getNumberOfTotalOption(findTestObject(\&amp;quot;REALRatings/NorthHighland/Page_REALrating/IBP One\&amp;quot;))</message>
  <nestedLevel>2</nestedLevel>
</record>
<record>
  <date>2019-08-06T15:25:34</date>
  <millis>1565085334343</millis>
  <sequence>191</sequence>
  <level>START</level>
  <class>com.kms.katalon.core.logging.XmlKeywordLogger</class>
  <method>startKeyword</method>
  <thread>1</thread>
  <message>Start action : IBP1count = 1 + rad.nextInt(IBP1TotalOptions - 1)</message>
  <nestedLevel>2</nestedLevel>
  <property name="startLine">135</property>
  <property name="stepIndex">2</property>
</record>
<record>
  <date>2019-08-06T15:25:34</date>
  <millis>1565085334344</millis>
  <sequence>192</sequence>
  <level>END</level>
  <class>com.kms.katalon.core.logging.XmlKeywordLogger</class>
  <method>endKeyword</method>
  <thread>1</thread>
  <message>End action : IBP1count = 1 + rad.nextInt(IBP1TotalOptions - 1)</message>
  <nestedLevel>2</nestedLevel>
</record>
<record>
  <date>2019-08-06T15:25:34</date>
  <millis>1565085334344</millis>
  <sequence>193</sequence>
  <level>START</level>
  <class>com.kms.katalon.core.logging.XmlKeywordLogger</class>
  <method>startKeyword</method>
  <thread>1</thread>
  <message>Start action : selectOptionByIndex(findTestObject(\&amp;quot;REALRatings/NorthHighland/Page_REALrating/IBP One\&amp;quot;), IBP1count)</message>
  <nestedLevel>2</nestedLevel>
  <property name="startLine">137</property>
  <property name="stepIndex">3</property>
</record>
<record>
  <date>2019-08-06T15:25:34</date>
  <millis>1565085334525</millis>
  <sequence>205</sequence>
  <level>PASSED</level>
  <class>com.kms.katalon.core.logging.XmlKeywordLogger</class>
  <method>logMessage</method>
  <thread>1</thread>
  <message>All options with index in [2] are selected on object &amp;apos;Object Repository/REALRatings/NorthHighland/Page_REALrating/IBP One&amp;apos;</message>
  <nestedLevel>1</nestedLevel>
</record>
<record>
  <date>2019-08-06T15:25:34</date>
  <millis>1565085334526</millis>
  <sequence>206</sequence>
  <level>END</level>
  <class>com.kms.katalon.core.logging.XmlKeywordLogger</class>
  <method>endKeyword</method>
  <thread>1</thread>
  <message>End action : selectOptionByIndex(findTestObject(\&amp;quot;REALRatings/NorthHighland/Page_REALrating/IBP One\&amp;quot;), IBP1count)</message>
  <nestedLevel>2</nestedLevel>
</record>
<record>
  <date>2019-08-06T15:25:34</date>
  <millis>1565085334526</millis>
  <sequence>207</sequence>
  <level>START</level>
  <class>com.kms.katalon.core.logging.XmlKeywordLogger</class>
  <method>startKeyword</method>
  <thread>1</thread>
  <message>Start action : IBY1TotalPoints = getNumberOfTotalOption(findTestObject(\&amp;quot;REALRatings/NorthHighland/Page_REALrating/IBP1 Year\&amp;quot;))</message>
  <nestedLevel>2</nestedLevel>
  <property name="startLine">139</property>
  <property name="stepIndex">4</property>
</record>
<record>
  <date>2019-08-06T15:25:34</date>
  <millis>1565085334590</millis>
  <sequence>214</sequence>
  <level>PASSED</level>
  <class>com.kms.katalon.core.logging.XmlKeywordLogger</class>
  <method>logMessage</method>
  <thread>1</thread>
  <message>71 options of object &amp;apos;Object Repository/REALRatings/NorthHighland/Page_REALrating/IBP1 Year&amp;apos; counted</message>
  <nestedLevel>1</nestedLevel>
</record>
<record>
  <date>2019-08-06T15:25:34</date>
  <millis>1565085334590</millis>
  <sequence>215</sequence>
  <level>END</level>
  <class>com.kms.katalon.core.logging.XmlKeywordLogger</class>
  <method>endKeyword</method>
  <thread>1</thread>
  <message>End action : IBY1TotalPoints = getNumberOfTotalOption(findTestObject(\&amp;quot;REALRatings/NorthHighland/Page_REALrating/IBP1 Year\&amp;quot;))</message>
  <nestedLevel>2</nestedLevel>
</record>
<record>
  <date>2019-08-06T15:25:34</date>
  <millis>1565085334590</millis>
  <sequence>216</sequence>
  <level>START</level>
  <class>com.kms.katalon.core.logging.XmlKeywordLogger</class>
  <method>startKeyword</method>
  <thread>1</thread>
  <message>Start action : IBY1count = 1 + rad.nextInt(IBY1TotalPoints - 1)</message>
  <nestedLevel>2</nestedLevel>
  <property name="startLine">141</property>
  <property name="stepIndex">5</property>
</record>
<record>
  <date>2019-08-06T15:25:34</date>
  <millis>1565085334591</millis>
  <sequence>217</sequence>
  <level>END</level>
  <class>com.kms.katalon.core.logging.XmlKeywordLogger</class>
  <method>endKeyword</method>
  <thread>1</thread>
  <message>End action : IBY1count = 1 + rad.nextInt(IBY1TotalPoints - 1)</message>
  <nestedLevel>2</nestedLevel>
</record>
<record>
  <date>2019-08-06T15:25:34</date>
  <millis>1565085334591</millis>
  <sequence>218</sequence>
  <level>START</level>
  <class>com.kms.katalon.core.logging.XmlKeywordLogger</class>
  <method>startKeyword</method>
  <thread>1</thread>
  <message>Start action : selectOptionByIndex(findTestObject(\&amp;quot;REALRatings/NorthHighland/Page_REALrating/IBP1 Year\&amp;quot;), IBY1count)</message>
  <nestedLevel>2</nestedLevel>
  <property name="startLine">143</property>
  <property name="stepIndex">6</property>
</record>
<record>
  <date>2019-08-06T15:25:34</date>
  <millis>1565085334923</millis>
  <sequence>230</sequence>
  <level>PASSED</level>
  <class>com.kms.katalon.core.logging.XmlKeywordLogger</class>
  <method>logMessage</method>
  <thread>1</thread>
  <message>All options with index in [35] are selected on object &amp;apos;Object Repository/REALRatings/NorthHighland/Page_REALrating/IBP1 Year&amp;apos;</message>
  <nestedLevel>1</nestedLevel>
</record>
<record>
  <date>2019-08-06T15:25:34</date>
  <millis>1565085334923</millis>
  <sequence>231</sequence>
  <level>END</level>
  <class>com.kms.katalon.core.logging.XmlKeywordLogger</class>
  <method>endKeyword</method>
  <thread>1</thread>
  <message>End action : selectOptionByIndex(findTestObject(\&amp;quot;REALRatings/NorthHighland/Page_REALrating/IBP1 Year\&amp;quot;), IBY1count)</message>
  <nestedLevel>2</nestedLevel>
</record>
<record>
  <date>2019-08-06T15:25:34</date>
  <millis>1565085334924</millis>
  <sequence>232</sequence>
  <level>START</level>
  <class>com.kms.katalon.core.logging.XmlKeywordLogger</class>
  <method>startKeyword</method>
  <thread>1</thread>
  <message>Start action : IBP2TotalOptions = getNumberOfTotalOption(findTestObject(\&amp;quot;REALRatings/NorthHighland/Page_REALrating/IBP Two\&amp;quot;))</message>
  <nestedLevel>2</nestedLevel>
  <property name="startLine">145</property>
  <property name="stepIndex">7</property>
</record>
<record>
  <date>2019-08-06T15:25:35</date>
  <millis>1565085335001</millis>
  <sequence>239</sequence>
  <level>PASSED</level>
  <class>com.kms.katalon.core.logging.XmlKeywordLogger</class>
  <method>logMessage</method>
  <thread>1</thread>
  <message>8 options of object &amp;apos;Object Repository/REALRatings/NorthHighland/Page_REALrating/IBP Two&amp;apos; counted</message>
  <nestedLevel>1</nestedLevel>
</record>
<record>
  <date>2019-08-06T15:25:35</date>
  <millis>1565085335001</millis>
  <sequence>240</sequence>
  <level>END</level>
  <class>com.kms.katalon.core.logging.XmlKeywordLogger</class>
  <method>endKeyword</method>
  <thread>1</thread>
  <message>End action : IBP2TotalOptions = getNumberOfTotalOption(findTestObject(\&amp;quot;REALRatings/NorthHighland/Page_REALrating/IBP Two\&amp;quot;))</message>
  <nestedLevel>2</nestedLevel>
</record>
<record>
  <date>2019-08-06T15:25:35</date>
  <millis>1565085335002</millis>
  <sequence>241</sequence>
  <level>START</level>
  <class>com.kms.katalon.core.logging.XmlKeywordLogger</class>
  <method>startKeyword</method>
  <thread>1</thread>
  <message>Start action : IBP2count = 1 + rad.nextInt(IBP2TotalOptions - 1)</message>
  <nestedLevel>2</nestedLevel>
  <property name="startLine">147</property>
  <property name="stepIndex">8</property>
</record>
<record>
  <date>2019-08-06T15:25:35</date>
  <millis>1565085335002</millis>
  <sequence>242</sequence>
  <level>END</level>
  <class>com.kms.katalon.core.logging.XmlKeywordLogger</class>
  <method>endKeyword</method>
  <thread>1</thread>
  <message>End action : IBP2count = 1 + rad.nextInt(IBP2TotalOptions - 1)</message>
  <nestedLevel>2</nestedLevel>
</record>
<record>
  <date>2019-08-06T15:25:35</date>
  <millis>1565085335002</millis>
  <sequence>243</sequence>
  <level>START</level>
  <class>com.kms.katalon.core.logging.XmlKeywordLogger</class>
  <method>startKeyword</method>
  <thread>1</thread>
  <message>Start action : selectOptionByIndex(findTestObject(\&amp;quot;REALRatings/NorthHighland/Page_REALrating/IBP Two\&amp;quot;), IBP2count)</message>
  <nestedLevel>2</nestedLevel>
  <property name="startLine">149</property>
  <property name="stepIndex">9</property>
</record>
<record>
  <date>2019-08-06T15:25:35</date>
  <millis>1565085335109</millis>
  <sequence>255</sequence>
  <level>PASSED</level>
  <class>com.kms.katalon.core.logging.XmlKeywordLogger</class>
  <method>logMessage</method>
  <thread>1</thread>
  <message>All options with index in [3] are selected on object &amp;apos;Object Repository/REALRatings/NorthHighland/Page_REALrating/IBP Two&amp;apos;</message>
  <nestedLevel>1</nestedLevel>
</record>
<record>
  <date>2019-08-06T15:25:35</date>
  <millis>1565085335110</millis>
  <sequence>256</sequence>
  <level>END</level>
  <class>com.kms.katalon.core.logging.XmlKeywordLogger</class>
  <method>endKeyword</method>
  <thread>1</thread>
  <message>End action : selectOptionByIndex(findTestObject(\&amp;quot;REALRatings/NorthHighland/Page_REALrating/IBP Two\&amp;quot;), IBP2count)</message>
  <nestedLevel>2</nestedLevel>
</record>
<record>
  <date>2019-08-06T15:25:35</date>
  <millis>1565085335110</millis>
  <sequence>257</sequence>
  <level>START</level>
  <class>com.kms.katalon.core.logging.XmlKeywordLogger</class>
  <method>startKeyword</method>
  <thread>1</thread>
  <message>Start action : IBY2TotalOptions = getNumberOfSelectedOption(findTestObject(\&amp;quot;REALRatings/NorthHighland/Page_REALrating/IBP2 Year\&amp;quot;))</message>
  <nestedLevel>2</nestedLevel>
  <property name="startLine">151</property>
  <property name="stepIndex">10</property>
</record>
<record>
  <date>2019-08-06T15:25:35</date>
  <millis>1565085335895</millis>
  <sequence>264</sequence>
  <level>PASSED</level>
  <class>com.kms.katalon.core.logging.XmlKeywordLogger</class>
  <method>logMessage</method>
  <thread>1</thread>
  <message>1 selected options of object &amp;apos;Object Repository/REALRatings/NorthHighland/Page_REALrating/IBP2 Year&amp;apos; counted</message>
  <nestedLevel>1</nestedLevel>
</record>
<record>
  <date>2019-08-06T15:25:35</date>
  <millis>1565085335895</millis>
  <sequence>265</sequence>
  <level>END</level>
  <class>com.kms.katalon.core.logging.XmlKeywordLogger</class>
  <method>endKeyword</method>
  <thread>1</thread>
  <message>End action : IBY2TotalOptions = getNumberOfSelectedOption(findTestObject(\&amp;quot;REALRatings/NorthHighland/Page_REALrating/IBP2 Year\&amp;quot;))</message>
  <nestedLevel>2</nestedLevel>
</record>
<record>
  <date>2019-08-06T15:25:35</date>
  <millis>1565085335896</millis>
  <sequence>266</sequence>
  <level>START</level>
  <class>com.kms.katalon.core.logging.XmlKeywordLogger</class>
  <method>startKeyword</method>
  <thread>1</thread>
  <message>Start action : IBY2count = 1 + rad.nextInt(IBY2TotalOptions - 1)</message>
  <nestedLevel>2</nestedLevel>
  <property name="startLine">153</property>
  <property name="stepIndex">11</property>
</record>
<record>
  <date>2019-08-06T15:25:35</date>
  <millis>1565085335905</millis>
  <sequence>268</sequence>
  <logger>com.kms.katalon.core.logging.XmlKeywordLogger</logger>
  <level>ERROR</level>
  <class>com.kms.katalon.core.logging.XmlKeywordLogger</class>
  <method>logMessage</method>
  <thread>1</thread>
  <message>else if (MainQualificationCount == 3) FAILED.\nReason:\njava.lang.IllegalArgumentException: bound must be positive\r\n\tat java_util_Random$nextInt.call(Unknown Source)\r\n\tat Form Submission.run(Form Submission:153)\r\n\tat com.kms.katalon.core.main.ScriptEngine.run(ScriptEngine.java:194)\r\n\tat com.kms.katalon.core.main.ScriptEngine.runScriptAsRawText(ScriptEngine.java:119)\r\n\tat com.kms.katalon.core.main.TestCaseExecutor.runScript(TestCaseExecutor.java:331)\r\n\tat com.kms.katalon.core.main.TestCaseExecutor.doExecute(TestCaseExecutor.java:322)\r\n\tat com.kms.katalon.core.main.TestCaseExecutor.processExecutionPhase(TestCaseExecutor.java:301)\r\n\tat com.kms.katalon.core.main.TestCaseExecutor.accessMainPhase(TestCaseExecutor.java:293)\r\n\tat com.kms.katalon.core.main.TestCaseExecutor.execute(TestCaseExecutor.java:227)\r\n\tat com.kms.katalon.core.main.TestSuiteExecutor.accessTestCaseMainPhase(TestSuiteExecutor.java:129)\r\n\tat com.kms.katalon.core.main.TestSuiteExecutor.accessTestSuiteMainPhase(TestSuiteExecutor.java:112)\r\n\tat com.kms.katalon.core.main.TestSuiteExecutor.execute(TestSuiteExecutor.java:81)\r\n\tat com.kms.katalon.core.main.TestCaseMain.startTestSuite(TestCaseMain.java:157)\r\n\tat com.kms.katalon.core.main.TestCaseMain$startTestSuite$0.call(Unknown Source)\r\n\tat TempTestSuite1565085312849.run(TempTestSuite1565085312849.groovy:35)\r\n</message>
  <exception>
    <message>java.lang.IllegalArgumentException: bound must be positive</message>
    <frame>
      <class>java_util_Random$nextInt</class>
      <method>call</method>
    </frame>
    <frame>
      <class>Form Submission</class>
      <method>run</method>
      <line>153</line>
    </frame>
    <frame>
      <class>com.kms.katalon.core.main.ScriptEngine</class>
      <method>run</method>
      <line>194</line>
    </frame>
    <frame>
      <class>com.kms.katalon.core.main.ScriptEngine</class>
      <method>runScriptAsRawText</method>
      <line>119</line>
    </frame>
    <frame>
      <class>com.kms.katalon.core.main.TestCaseExecutor</class>
      <method>runScript</method>
      <line>331</line>
    </frame>
    <frame>
      <class>com.kms.katalon.core.main.TestCaseExecutor</class>
      <method>doExecute</method>
      <line>322</line>
    </frame>
    <frame>
      <class>com.kms.katalon.core.main.TestCaseExecutor</class>
      <method>processExecutionPhase</method>
      <line>301</line>
    </frame>
    <frame>
      <class>com.kms.katalon.core.main.TestCaseExecutor</class>
      <method>accessMainPhase</method>
      <line>293</line>
    </frame>
    <frame>
      <class>com.kms.katalon.core.main.TestCaseExecutor</class>
      <method>execute</method>
      <line>227</line>
    </frame>
    <frame>
      <class>com.kms.katalon.core.main.TestSuiteExecutor</class>
      <method>accessTestCaseMainPhase</method>
      <line>129</line>
    </frame>
    <frame>
      <class>com.kms.katalon.core.main.TestSuiteExecutor</class>
      <method>accessTestSuiteMainPhase</method>
      <line>112</line>
    </frame>
    <frame>
      <class>com.kms.katalon.core.main.TestSuiteExecutor</class>
      <method>execute</method>
      <line>81</line>
    </frame>
    <frame>
      <class>com.kms.katalon.core.main.TestCaseMain</class>
      <method>startTestSuite</method>
      <line>157</line>
    </frame>
    <frame>
      <class>com.kms.katalon.core.main.TestCaseMain$startTestSuite$0</class>
      <method>call</method>
    </frame>
    <frame>
      <class>TempTestSuite1565085312849</class>
      <method>run</method>
      <line>35</line>
    </frame>
  </exception>
  <nestedLevel>0</nestedLevel>
</record>
<record>
  <date>2019-08-06T15:25:35</date>
  <millis>1565085335905</millis>
  <sequence>269</sequence>
  <level>END</level>
  <class>com.kms.katalon.core.logging.XmlKeywordLogger</class>
  <method>endKeyword</method>
  <thread>1</thread>
  <message>End action : IBY2count = 1 + rad.nextInt(IBY2TotalOptions - 1)</message>
  <nestedLevel>2</nestedLevel>
</record>
<record>
  <date>2019-08-06T15:25:35</date>
  <millis>1565085335906</millis>
  <sequence>270</sequence>
  <level>END</level>
  <class>com.kms.katalon.core.logging.XmlKeywordLogger</class>
  <method>endKeyword</method>
  <thread>1</thread>
  <message>End action : else if (MainQualificationCount == 3)</message>
  <nestedLevel>1</nestedLevel>
</record>
<record>
  <date>2019-08-06T15:25:35</date>
  <millis>1565085335906</millis>
  <sequence>272</sequence>
  <logger>com.kms.katalon.core.logging.XmlKeywordLogger</logger>
  <level>ERROR</level>
  <class>com.kms.katalon.core.logging.XmlKeywordLogger</class>
  <method>logMessage</method>
  <thread>1</thread>
  <message>Test Cases/REALratings/DAVIS POLK/Form Submission FAILED.\nReason:\njava.lang.IllegalArgumentException: bound must be positive\r\n\tat java_util_Random$nextInt.call(Unknown Source)\r\n\tat Form Submission.run(Form Submission:153)\r\n\tat com.kms.katalon.core.main.ScriptEngine.run(ScriptEngine.java:194)\r\n\tat com.kms.katalon.core.main.ScriptEngine.runScriptAsRawText(ScriptEngine.java:119)\r\n\tat com.kms.katalon.core.main.TestCaseExecutor.runScript(TestCaseExecutor.java:331)\r\n\tat com.kms.katalon.core.main.TestCaseExecutor.doExecute(TestCaseExecutor.java:322)\r\n\tat com.kms.katalon.core.main.TestCaseExecutor.processExecutionPhase(TestCaseExecutor.java:301)\r\n\tat com.kms.katalon.core.main.TestCaseExecutor.accessMainPhase(TestCaseExecutor.java:293)\r\n\tat com.kms.katalon.core.main.TestCaseExecutor.execute(TestCaseExecutor.java:227)\r\n\tat com.kms.katalon.core.main.TestSuiteExecutor.accessTestCaseMainPhase(TestSuiteExecutor.java:129)\r\n\tat com.kms.katalon.core.main.TestSuiteExecutor.accessTestSuiteMainPhase(TestSuiteExecutor.java:112)\r\n\tat com.kms.katalon.core.main.TestSuiteExecutor.execute(TestSuiteExecutor.java:81)\r\n\tat com.kms.katalon.core.main.TestCaseMain.startTestSuite(TestCaseMain.java:157)\r\n\tat com.kms.katalon.core.main.TestCaseMain$startTestSuite$0.call(Unknown Source)\r\n\tat TempTestSuite1565085312849.run(TempTestSuite1565085312849.groovy:35)\r\n</message>
  <exception>
    <message>java.lang.IllegalArgumentException: bound must be positive</message>
    <frame>
      <class>java_util_Random$nextInt</class>
      <method>call</method>
    </frame>
    <frame>
      <class>Form Submission</class>
      <method>run</method>
      <line>153</line>
    </frame>
    <frame>
      <class>com.kms.katalon.core.main.ScriptEngine</class>
      <method>run</method>
      <line>194</line>
    </frame>
    <frame>
      <class>com.kms.katalon.core.main.ScriptEngine</class>
      <method>runScriptAsRawText</method>
      <line>119</line>
    </frame>
    <frame>
      <class>com.kms.katalon.core.main.TestCaseExecutor</class>
      <method>runScript</method>
      <line>331</line>
    </frame>
    <frame>
      <class>com.kms.katalon.core.main.TestCaseExecutor</class>
      <method>doExecute</method>
      <line>322</line>
    </frame>
    <frame>
      <class>com.kms.katalon.core.main.TestCaseExecutor</class>
      <method>processExecutionPhase</method>
      <line>301</line>
    </frame>
    <frame>
      <class>com.kms.katalon.core.main.TestCaseExecutor</class>
      <method>accessMainPhase</method>
      <line>293</line>
    </frame>
    <frame>
      <class>com.kms.katalon.core.main.TestCaseExecutor</class>
      <method>execute</method>
      <line>227</line>
    </frame>
    <frame>
      <class>com.kms.katalon.core.main.TestSuiteExecutor</class>
      <method>accessTestCaseMainPhase</method>
      <line>129</line>
    </frame>
    <frame>
      <class>com.kms.katalon.core.main.TestSuiteExecutor</class>
      <method>accessTestSuiteMainPhase</method>
      <line>112</line>
    </frame>
    <frame>
      <class>com.kms.katalon.core.main.TestSuiteExecutor</class>
      <method>execute</method>
      <line>81</line>
    </frame>
    <frame>
      <class>com.kms.katalon.core.main.TestCaseMain</class>
      <method>startTestSuite</method>
      <line>157</line>
    </frame>
    <frame>
      <class>com.kms.katalon.core.main.TestCaseMain$startTestSuite$0</class>
      <method>call</method>
    </frame>
    <frame>
      <class>TempTestSuite1565085312849</class>
      <method>run</method>
      <line>35</line>
    </frame>
  </exception>
  <nestedLevel>0</nestedLevel>
</record>
<record>
  <date>2019-08-06T15:25:35</date>
  <millis>1565085335907</millis>
  <sequence>273</sequence>
  <level>END</level>
  <class>com.kms.katalon.core.logging.XmlKeywordLogger</class>
  <method>endTest</method>
  <thread>1</thread>
  <message>End Test Case : Test Cases/REALratings/DAVIS POLK/Form Submission</message>
  <nestedLevel>0</nestedLevel>
</record>
<record>
  <date>2019-08-06T15:25:35</date>
  <millis>1565085335918</millis>
  <sequence>274</sequence>
  <level>START</level>
  <class>com.kms.katalon.core.logging.XmlKeywordLogger</class>
  <method>startTest</method>
  <thread>1</thread>
  <message>Start Test Case : Test Cases/REALratings/DAVIS POLK/Login</message>
  <nestedLevel>1</nestedLevel>
  <property name="name">Test Cases/REALratings/DAVIS POLK/Login</property>
  <property name="description"></property>
  <property name="id">Test Cases/REALratings/DAVIS POLK/Login</property>
  <property name="source">C:\\Users\\sambhavi\\git\\didactic-octo-spork\\Test Cases\\REALratings\\DAVIS POLK\\Login.tc</property>
  <property name="isOptional">false</property>
</record>
<record>
  <date>2019-08-06T15:25:36</date>
  <millis>1565085336219</millis>
  <sequence>276</sequence>
  <level>START</level>
  <class>com.kms.katalon.core.logging.XmlKeywordLogger</class>
  <method>startKeyword</method>
  <thread>1</thread>
  <message>Start action : comment(\&amp;quot;DAVIS POLK- Login\&amp;quot;)</message>
  <nestedLevel>1</nestedLevel>
  <property name="startLine">16</property>
  <property name="stepIndex">1</property>
</record>
<record>
  <date>2019-08-06T15:25:36</date>
  <millis>1565085336240</millis>
  <sequence>277</sequence>
  <level>INFO</level>
  <class>com.kms.katalon.core.logging.XmlKeywordLogger</class>
  <method>logMessage</method>
  <thread>1</thread>
  <message>DAVIS POLK- Login</message>
  <nestedLevel>1</nestedLevel>
</record>
<record>
  <date>2019-08-06T15:25:36</date>
  <millis>1565085336241</millis>
  <sequence>278</sequence>
  <level>END</level>
  <class>com.kms.katalon.core.logging.XmlKeywordLogger</class>
  <method>endKeyword</method>
  <thread>1</thread>
  <message>End action : comment(\&amp;quot;DAVIS POLK- Login\&amp;quot;)</message>
  <nestedLevel>1</nestedLevel>
</record>
<record>
  <date>2019-08-06T15:25:36</date>
  <millis>1565085336242</millis>
  <sequence>279</sequence>
  <level>START</level>
  <class>com.kms.katalon.core.logging.XmlKeywordLogger</class>
  <method>startKeyword</method>
  <thread>1</thread>
  <message>Start action : openBrowser(\&amp;quot;\&amp;quot;)</message>
  <nestedLevel>1</nestedLevel>
  <property name="startLine">19</property>
  <property name="stepIndex">2</property>
  <property name="description">Open Browser</property>
</record>
<record>
  <date>2019-08-06T15:25:36</date>
  <millis>1565085336248</millis>
  <sequence>281</sequence>
  <level>WARNING</level>
  <class>com.kms.katalon.core.logging.XmlKeywordLogger</class>
  <method>logMessage</method>
  <thread>1</thread>
  <message>A browser is already opened. Closing browser and opening a new one</message>
  <nestedLevel>1</nestedLevel>
</record>
<record>
  <date>2019-08-06T15:25:37</date>
  <millis>1565085337008</millis>
  <sequence>282</sequence>
  <level>INFO</level>
  <class>com.kms.katalon.core.logging.XmlKeywordLogger</class>
  <method>logMessage</method>
  <thread>1</thread>
  <message>Starting &amp;apos;Chrome&amp;apos; driver</message>
  <nestedLevel>1</nestedLevel>
</record>
