<?xml version="1.0" encoding="UTF-8" standalone="no"?>
<!DOCTYPE log SYSTEM "logger.dtd">
<log>
<record>
  <date>2019-06-14T15:10:19</date>
  <millis>1560505219278</millis>
  <sequence>0</sequence>
  <level>START</level>
  <class>com.kms.katalon.core.logging.XmlKeywordLogger</class>
  <method>startSuite</method>
  <thread>1</thread>
  <message>Start Test Suite : Test Suites/Apply Now/Volunteer with us</message>
  <nestedLevel>0</nestedLevel>
  <property name="name">Volunteer with us</property>
  <property name="description"></property>
  <property name="id">Test Suites/Apply Now/Volunteer with us</property>
</record>
<record>
  <date>2019-06-14T15:10:19</date>
  <millis>1560505219294</millis>
  <sequence>1</sequence>
  <level>RUN_DATA</level>
  <class>com.kms.katalon.core.logging.XmlKeywordLogger</class>
  <method>logMessage</method>
  <thread>1</thread>
  <message>hostName = sambhavi - sambhavi.jmandigital.in</message>
  <nestedLevel>0</nestedLevel>
  <property name="hostName">sambhavi - sambhavi.jmandigital.in</property>
</record>
<record>
  <date>2019-06-14T15:10:19</date>
  <millis>1560505219295</millis>
  <sequence>2</sequence>
  <level>RUN_DATA</level>
  <class>com.kms.katalon.core.logging.XmlKeywordLogger</class>
  <method>logMessage</method>
  <thread>1</thread>
  <message>os = Windows 10 64bit</message>
  <nestedLevel>0</nestedLevel>
  <property name="os">Windows 10 64bit</property>
</record>
<record>
  <date>2019-06-14T15:10:19</date>
  <millis>1560505219296</millis>
  <sequence>3</sequence>
  <level>RUN_DATA</level>
  <class>com.kms.katalon.core.logging.XmlKeywordLogger</class>
  <method>logMessage</method>
  <thread>1</thread>
  <message>hostAddress = 192.168.0.185</message>
  <nestedLevel>0</nestedLevel>
  <property name="hostAddress">192.168.0.185</property>
</record>
<record>
  <date>2019-06-14T15:10:19</date>
  <millis>1560505219297</millis>
  <sequence>4</sequence>
  <level>RUN_DATA</level>
  <class>com.kms.katalon.core.logging.XmlKeywordLogger</class>
  <method>logMessage</method>
  <thread>1</thread>
  <message>katalonVersion = 6.0.5.10</message>
  <nestedLevel>0</nestedLevel>
  <property name="katalonVersion">6.0.5.10</property>
</record>
<record>
  <date>2019-06-14T15:10:19</date>
  <millis>1560505219540</millis>
  <sequence>5</sequence>
  <level>START</level>
  <class>com.kms.katalon.core.logging.XmlKeywordLogger</class>
  <method>startTest</method>
  <thread>1</thread>
  <message>Start Test Case : Test Cases/ApplyNow/Volunteer with us</message>
  <nestedLevel>1</nestedLevel>
  <property name="name">Test Cases/ApplyNow/Volunteer with us</property>
  <property name="description"></property>
  <property name="id">Test Cases/ApplyNow/Volunteer with us</property>
  <property name="source">C:\\Users\\sambhavi\\git\\didactic-octo-spork\\Test Cases\\ApplyNow\\Volunteer with us.tc</property>
  <property name="isOptional">false</property>
</record>
<record>
  <date>2019-06-14T15:10:19</date>
  <millis>1560505219904</millis>
  <sequence>7</sequence>
  <level>START</level>
  <class>com.kms.katalon.core.logging.XmlKeywordLogger</class>
  <method>startKeyword</method>
  <thread>1</thread>
  <message>Start action : comment(\&amp;quot;Volunteer with us - Details\&amp;quot;)</message>
  <nestedLevel>1</nestedLevel>
  <property name="startLine">16</property>
  <property name="stepIndex">1</property>
</record>
<record>
  <date>2019-06-14T15:10:20</date>
  <millis>1560505220020</millis>
  <sequence>8</sequence>
  <level>INFO</level>
  <class>com.kms.katalon.core.logging.XmlKeywordLogger</class>
  <method>logMessage</method>
  <thread>1</thread>
  <message>Volunteer with us - Details</message>
  <nestedLevel>1</nestedLevel>
</record>
<record>
  <date>2019-06-14T15:10:20</date>
  <millis>1560505220022</millis>
  <sequence>9</sequence>
  <level>END</level>
  <class>com.kms.katalon.core.logging.XmlKeywordLogger</class>
  <method>endKeyword</method>
  <thread>1</thread>
  <message>End action : comment(\&amp;quot;Volunteer with us - Details\&amp;quot;)</message>
  <nestedLevel>1</nestedLevel>
</record>
<record>
  <date>2019-06-14T15:10:20</date>
  <millis>1560505220022</millis>
  <sequence>10</sequence>
  <level>START</level>
  <class>com.kms.katalon.core.logging.XmlKeywordLogger</class>
  <method>startKeyword</method>
  <thread>1</thread>
  <message>Start action : openBrowser(\&amp;quot;\&amp;quot;)</message>
  <nestedLevel>1</nestedLevel>
  <property name="startLine">19</property>
  <property name="stepIndex">2</property>
  <property name="description">Opening Browser</property>
</record>
<record>
  <date>2019-06-14T15:10:20</date>
  <millis>1560505220254</millis>
  <sequence>12</sequence>
  <level>INFO</level>
  <class>com.kms.katalon.core.logging.XmlKeywordLogger</class>
  <method>logMessage</method>
  <thread>1</thread>
  <message>Starting &amp;apos;Chrome&amp;apos; driver</message>
  <nestedLevel>1</nestedLevel>
</record>
<record>
  <date>2019-06-14T15:10:20</date>
  <millis>1560505220283</millis>
  <sequence>13</sequence>
  <level>INFO</level>
  <class>com.kms.katalon.core.logging.XmlKeywordLogger</class>
  <method>logMessage</method>
  <thread>1</thread>
  <message>Action delay is set to 0 seconds</message>
  <nestedLevel>1</nestedLevel>
</record>
<record>
  <date>2019-06-14T15:10:23</date>
  <millis>1560505223865</millis>
  <sequence>15</sequence>
  <level>RUN_DATA</level>
  <class>com.kms.katalon.core.logging.XmlKeywordLogger</class>
  <method>logMessage</method>
  <thread>1</thread>
  <message>sessionId = e5f80df8fd34fdff03d4480650db3cab</message>
  <nestedLevel>1</nestedLevel>
  <property name="sessionId">e5f80df8fd34fdff03d4480650db3cab</property>
</record>
<record>
  <date>2019-06-14T15:10:23</date>
  <millis>1560505223897</millis>
  <sequence>16</sequence>
  <level>RUN_DATA</level>
  <class>com.kms.katalon.core.logging.XmlKeywordLogger</class>
  <method>logMessage</method>
  <thread>1</thread>
  <message>browser = Chrome 74.0.3729.169</message>
  <nestedLevel>1</nestedLevel>
  <property name="browser">Chrome 74.0.3729.169</property>
</record>
<record>
  <date>2019-06-14T15:10:23</date>
  <millis>1560505223898</millis>
  <sequence>17</sequence>
  <level>RUN_DATA</level>
  <class>com.kms.katalon.core.logging.XmlKeywordLogger</class>
  <method>logMessage</method>
  <thread>1</thread>
  <message>platform = Windows 10</message>
  <nestedLevel>1</nestedLevel>
  <property name="platform">Windows 10</property>
</record>
<record>
  <date>2019-06-14T15:10:23</date>
  <millis>1560505223901</millis>
  <sequence>18</sequence>
  <level>RUN_DATA</level>
  <class>com.kms.katalon.core.logging.XmlKeywordLogger</class>
  <method>logMessage</method>
  <thread>1</thread>
  <message>seleniumVersion = 3.7.1</message>
  <nestedLevel>1</nestedLevel>
  <property name="seleniumVersion">3.7.1</property>
</record>
<record>
  <date>2019-06-14T15:10:23</date>
  <millis>1560505223904</millis>
  <sequence>19</sequence>
  <level>RUN_DATA</level>
  <class>com.kms.katalon.core.logging.XmlKeywordLogger</class>
  <method>logMessage</method>
  <thread>1</thread>
  <message>proxyInformation = ProxyInformation{proxyOption=NO_PROXY, proxyServerType=HTTP, password=, proxyServerAddress=, proxyServerPort=0}</message>
  <nestedLevel>1</nestedLevel>
  <property name="proxyInformation">ProxyInformation{proxyOption=NO_PROXY, proxyServerType=HTTP, password=, proxyServerAddress=, proxyServerPort=0}</property>
</record>
<record>
  <date>2019-06-14T15:10:23</date>
  <millis>1560505223904</millis>
  <sequence>20</sequence>
  <level>PASSED</level>
  <class>com.kms.katalon.core.logging.XmlKeywordLogger</class>
  <method>logMessage</method>
  <thread>1</thread>
  <message>Browser is opened with url: &amp;apos;&amp;apos;</message>
  <nestedLevel>1</nestedLevel>
</record>
<record>
  <date>2019-06-14T15:10:23</date>
  <millis>1560505223905</millis>
  <sequence>21</sequence>
  <level>END</level>
  <class>com.kms.katalon.core.logging.XmlKeywordLogger</class>
  <method>endKeyword</method>
  <thread>1</thread>
  <message>End action : openBrowser(\&amp;quot;\&amp;quot;)</message>
  <nestedLevel>1</nestedLevel>
</record>
<record>
  <date>2019-06-14T15:10:23</date>
  <millis>1560505223905</millis>
  <sequence>22</sequence>
  <level>START</level>
  <class>com.kms.katalon.core.logging.XmlKeywordLogger</class>
  <method>startKeyword</method>
  <thread>1</thread>
  <message>Start action : navigateToUrl(\&amp;quot;https://uat.upreach.org.uk\&amp;quot;)</message>
  <nestedLevel>1</nestedLevel>
  <property name="startLine">22</property>
  <property name="stepIndex">3</property>
  <property name="description">Navigating to URL</property>
</record>
<record>
  <date>2019-06-14T15:11:04</date>
  <millis>1560505264420</millis>
  <sequence>25</sequence>
  <level>PASSED</level>
  <class>com.kms.katalon.core.logging.XmlKeywordLogger</class>
  <method>logMessage</method>
  <thread>1</thread>
  <message>Navigate to &amp;apos;https://uat.upreach.org.uk&amp;apos; successfully</message>
  <nestedLevel>1</nestedLevel>
</record>
<record>
  <date>2019-06-14T15:11:04</date>
  <millis>1560505264420</millis>
  <sequence>26</sequence>
  <level>END</level>
  <class>com.kms.katalon.core.logging.XmlKeywordLogger</class>
  <method>endKeyword</method>
  <thread>1</thread>
  <message>End action : navigateToUrl(\&amp;quot;https://uat.upreach.org.uk\&amp;quot;)</message>
  <nestedLevel>1</nestedLevel>
</record>
<record>
  <date>2019-06-14T15:11:04</date>
  <millis>1560505264421</millis>
  <sequence>27</sequence>
  <level>START</level>
  <class>com.kms.katalon.core.logging.XmlKeywordLogger</class>
  <method>startKeyword</method>
  <thread>1</thread>
  <message>Start action : maximizeWindow()</message>
  <nestedLevel>1</nestedLevel>
  <property name="startLine">24</property>
  <property name="stepIndex">4</property>
</record>
<record>
  <date>2019-06-14T15:11:05</date>
  <millis>1560505265573</millis>
  <sequence>29</sequence>
  <level>PASSED</level>
  <class>com.kms.katalon.core.logging.XmlKeywordLogger</class>
  <method>logMessage</method>
  <thread>1</thread>
  <message>Current window maximized</message>
  <nestedLevel>1</nestedLevel>
</record>
<record>
  <date>2019-06-14T15:11:05</date>
  <millis>1560505265574</millis>
  <sequence>30</sequence>
  <level>END</level>
  <class>com.kms.katalon.core.logging.XmlKeywordLogger</class>
  <method>endKeyword</method>
  <thread>1</thread>
  <message>End action : maximizeWindow()</message>
  <nestedLevel>1</nestedLevel>
</record>
<record>
  <date>2019-06-14T15:11:05</date>
  <millis>1560505265575</millis>
  <sequence>31</sequence>
  <level>START</level>
  <class>com.kms.katalon.core.logging.XmlKeywordLogger</class>
  <method>startKeyword</method>
  <thread>1</thread>
  <message>Start action : click(findTestObject(\&amp;quot;ApplyNow/Volunteer with us/our partner\&amp;quot;))</message>
  <nestedLevel>1</nestedLevel>
  <property name="startLine">27</property>
  <property name="stepIndex">5</property>
  <property name="description">Click on Partners</property>
</record>
<record>
  <date>2019-06-14T15:11:11</date>
  <millis>1560505271511</millis>
  <sequence>38</sequence>
  <level>PASSED</level>
  <class>com.kms.katalon.core.logging.XmlKeywordLogger</class>
  <method>logMessage</method>
  <thread>1</thread>
  <message>Object: &amp;apos;Object Repository/ApplyNow/Volunteer with us/our partner&amp;apos; is clicked on</message>
  <nestedLevel>1</nestedLevel>
</record>
<record>
  <date>2019-06-14T15:11:11</date>
  <millis>1560505271513</millis>
  <sequence>39</sequence>
  <level>END</level>
  <class>com.kms.katalon.core.logging.XmlKeywordLogger</class>
  <method>endKeyword</method>
  <thread>1</thread>
  <message>End action : click(findTestObject(\&amp;quot;ApplyNow/Volunteer with us/our partner\&amp;quot;))</message>
  <nestedLevel>1</nestedLevel>
</record>
<record>
  <date>2019-06-14T15:11:11</date>
  <millis>1560505271513</millis>
  <sequence>40</sequence>
  <level>START</level>
  <class>com.kms.katalon.core.logging.XmlKeywordLogger</class>
  <method>startKeyword</method>
  <thread>1</thread>
  <message>Start action : setText(findTestObject(\&amp;quot;ApplyNow/Volunteer with us/Firstname\&amp;quot;), \&amp;quot;Mark\&amp;quot;)</message>
  <nestedLevel>1</nestedLevel>
  <property name="startLine">30</property>
  <property name="stepIndex">6</property>
  <property name="description">Enter &apos;First Name&apos;</property>
</record>
<record>
  <date>2019-06-14T15:11:11</date>
  <millis>1560505271651</millis>
  <sequence>52</sequence>
  <level>PASSED</level>
  <class>com.kms.katalon.core.logging.XmlKeywordLogger</class>
  <method>logMessage</method>
  <thread>1</thread>
  <message>Text &amp;apos;Mark&amp;apos; is set on object &amp;apos;Object Repository/ApplyNow/Volunteer with us/Firstname&amp;apos;</message>
  <nestedLevel>1</nestedLevel>
</record>
<record>
  <date>2019-06-14T15:11:11</date>
  <millis>1560505271652</millis>
  <sequence>53</sequence>
  <level>END</level>
  <class>com.kms.katalon.core.logging.XmlKeywordLogger</class>
  <method>endKeyword</method>
  <thread>1</thread>
  <message>End action : setText(findTestObject(\&amp;quot;ApplyNow/Volunteer with us/Firstname\&amp;quot;), \&amp;quot;Mark\&amp;quot;)</message>
  <nestedLevel>1</nestedLevel>
</record>
<record>
  <date>2019-06-14T15:11:11</date>
  <millis>1560505271653</millis>
  <sequence>54</sequence>
  <level>START</level>
  <class>com.kms.katalon.core.logging.XmlKeywordLogger</class>
  <method>startKeyword</method>
  <thread>1</thread>
  <message>Start action : setText(findTestObject(\&amp;quot;ApplyNow/Volunteer with us/Lastname\&amp;quot;), \&amp;quot;Levis\&amp;quot;)</message>
  <nestedLevel>1</nestedLevel>
  <property name="startLine">33</property>
  <property name="stepIndex">7</property>
  <property name="description">Enter &apos;LastName&apos;</property>
</record>
<record>
  <date>2019-06-14T15:11:11</date>
  <millis>1560505271759</millis>
  <sequence>66</sequence>
  <level>PASSED</level>
  <class>com.kms.katalon.core.logging.XmlKeywordLogger</class>
  <method>logMessage</method>
  <thread>1</thread>
  <message>Text &amp;apos;Levis&amp;apos; is set on object &amp;apos;Object Repository/ApplyNow/Volunteer with us/Lastname&amp;apos;</message>
  <nestedLevel>1</nestedLevel>
</record>
<record>
  <date>2019-06-14T15:11:11</date>
  <millis>1560505271760</millis>
  <sequence>67</sequence>
  <level>END</level>
  <class>com.kms.katalon.core.logging.XmlKeywordLogger</class>
  <method>endKeyword</method>
  <thread>1</thread>
  <message>End action : setText(findTestObject(\&amp;quot;ApplyNow/Volunteer with us/Lastname\&amp;quot;), \&amp;quot;Levis\&amp;quot;)</message>
  <nestedLevel>1</nestedLevel>
</record>
<record>
  <date>2019-06-14T15:11:11</date>
  <millis>1560505271760</millis>
  <sequence>68</sequence>
  <level>START</level>
  <class>com.kms.katalon.core.logging.XmlKeywordLogger</class>
  <method>startKeyword</method>
  <thread>1</thread>
  <message>Start action : setText(findTestObject(\&amp;quot;ApplyNow/Volunteer with us/Contact number\&amp;quot;), \&amp;quot;07704512535\&amp;quot;)</message>
  <nestedLevel>1</nestedLevel>
  <property name="startLine">36</property>
  <property name="stepIndex">8</property>
  <property name="description">Enter Contact Number</property>
</record>
<record>
  <date>2019-06-14T15:11:11</date>
  <millis>1560505271863</millis>
  <sequence>80</sequence>
  <level>PASSED</level>
  <class>com.kms.katalon.core.logging.XmlKeywordLogger</class>
  <method>logMessage</method>
  <thread>1</thread>
  <message>Text &amp;apos;07704512535&amp;apos; is set on object &amp;apos;Object Repository/ApplyNow/Volunteer with us/Contact number&amp;apos;</message>
  <nestedLevel>1</nestedLevel>
</record>
<record>
  <date>2019-06-14T15:11:11</date>
  <millis>1560505271863</millis>
  <sequence>81</sequence>
  <level>END</level>
  <class>com.kms.katalon.core.logging.XmlKeywordLogger</class>
  <method>endKeyword</method>
  <thread>1</thread>
  <message>End action : setText(findTestObject(\&amp;quot;ApplyNow/Volunteer with us/Contact number\&amp;quot;), \&amp;quot;07704512535\&amp;quot;)</message>
  <nestedLevel>1</nestedLevel>
</record>
<record>
  <date>2019-06-14T15:11:11</date>
  <millis>1560505271864</millis>
  <sequence>82</sequence>
  <level>START</level>
  <class>com.kms.katalon.core.logging.XmlKeywordLogger</class>
  <method>startKeyword</method>
  <thread>1</thread>
  <message>Start action : rad = new java.util.Random()</message>
  <nestedLevel>1</nestedLevel>
  <property name="startLine">38</property>
  <property name="stepIndex">9</property>
</record>
<record>
  <date>2019-06-14T15:11:11</date>
  <millis>1560505271868</millis>
  <sequence>83</sequence>
  <level>END</level>
  <class>com.kms.katalon.core.logging.XmlKeywordLogger</class>
  <method>endKeyword</method>
  <thread>1</thread>
  <message>End action : rad = new java.util.Random()</message>
  <nestedLevel>1</nestedLevel>
</record>
<record>
  <date>2019-06-14T15:11:11</date>
  <millis>1560505271868</millis>
  <sequence>84</sequence>
  <level>START</level>
  <class>com.kms.katalon.core.logging.XmlKeywordLogger</class>
  <method>startKeyword</method>
  <thread>1</thread>
  <message>Start action : Email = rad.nextInt(2000)</message>
  <nestedLevel>1</nestedLevel>
  <property name="startLine">40</property>
  <property name="stepIndex">10</property>
</record>
<record>
  <date>2019-06-14T15:11:11</date>
  <millis>1560505271870</millis>
  <sequence>85</sequence>
  <level>END</level>
  <class>com.kms.katalon.core.logging.XmlKeywordLogger</class>
  <method>endKeyword</method>
  <thread>1</thread>
  <message>End action : Email = rad.nextInt(2000)</message>
  <nestedLevel>1</nestedLevel>
</record>
<record>
  <date>2019-06-14T15:11:11</date>
  <millis>1560505271870</millis>
  <sequence>86</sequence>
  <level>START</level>
  <class>com.kms.katalon.core.logging.XmlKeywordLogger</class>
  <method>startKeyword</method>
  <thread>1</thread>
  <message>Start action : setText(findTestObject(\&amp;quot;ApplyNow/Volunteer with us/Email\&amp;quot;), \&amp;quot;personal\&amp;quot; + Email + \&amp;quot;@test.com\&amp;quot;)</message>
  <nestedLevel>1</nestedLevel>
  <property name="startLine">43</property>
  <property name="stepIndex">11</property>
  <property name="description">Enter Email </property>
</record>
<record>
  <date>2019-06-14T15:11:12</date>
  <millis>1560505272078</millis>
  <sequence>98</sequence>
  <level>PASSED</level>
  <class>com.kms.katalon.core.logging.XmlKeywordLogger</class>
  <method>logMessage</method>
  <thread>1</thread>
  <message>Text &amp;apos;personal9@test.com&amp;apos; is set on object &amp;apos;Object Repository/ApplyNow/Volunteer with us/Email&amp;apos;</message>
  <nestedLevel>1</nestedLevel>
</record>
<record>
  <date>2019-06-14T15:11:12</date>
  <millis>1560505272079</millis>
  <sequence>99</sequence>
  <level>END</level>
  <class>com.kms.katalon.core.logging.XmlKeywordLogger</class>
  <method>endKeyword</method>
  <thread>1</thread>
  <message>End action : setText(findTestObject(\&amp;quot;ApplyNow/Volunteer with us/Email\&amp;quot;), \&amp;quot;personal\&amp;quot; + Email + \&amp;quot;@test.com\&amp;quot;)</message>
  <nestedLevel>1</nestedLevel>
</record>
<record>
  <date>2019-06-14T15:11:12</date>
  <millis>1560505272079</millis>
  <sequence>100</sequence>
  <level>START</level>
  <class>com.kms.katalon.core.logging.XmlKeywordLogger</class>
  <method>startKeyword</method>
  <thread>1</thread>
  <message>Start action : setText(findTestObject(\&amp;quot;ApplyNow/Volunteer with us/Current employer\&amp;quot;), \&amp;quot;ppp\&amp;quot;)</message>
  <nestedLevel>1</nestedLevel>
  <property name="startLine">46</property>
  <property name="stepIndex">12</property>
  <property name="description">Enter &apos;Current Employer&apos;</property>
</record>
<record>
  <date>2019-06-14T15:11:12</date>
  <millis>1560505272204</millis>
  <sequence>112</sequence>
  <level>PASSED</level>
  <class>com.kms.katalon.core.logging.XmlKeywordLogger</class>
  <method>logMessage</method>
  <thread>1</thread>
  <message>Text &amp;apos;ppp&amp;apos; is set on object &amp;apos;Object Repository/ApplyNow/Volunteer with us/Current employer&amp;apos;</message>
  <nestedLevel>1</nestedLevel>
</record>
<record>
  <date>2019-06-14T15:11:12</date>
  <millis>1560505272204</millis>
  <sequence>113</sequence>
  <level>END</level>
  <class>com.kms.katalon.core.logging.XmlKeywordLogger</class>
  <method>endKeyword</method>
  <thread>1</thread>
  <message>End action : setText(findTestObject(\&amp;quot;ApplyNow/Volunteer with us/Current employer\&amp;quot;), \&amp;quot;ppp\&amp;quot;)</message>
  <nestedLevel>1</nestedLevel>
</record>
<record>
  <date>2019-06-14T15:11:12</date>
  <millis>1560505272205</millis>
  <sequence>114</sequence>
  <level>START</level>
  <class>com.kms.katalon.core.logging.XmlKeywordLogger</class>
  <method>startKeyword</method>
  <thread>1</thread>
  <message>Start action : setText(findTestObject(\&amp;quot;ApplyNow/Volunteer with us/how you can help\&amp;quot;), \&amp;quot;Volunteer with upReach\&amp;quot;)</message>
  <nestedLevel>1</nestedLevel>
  <property name="startLine">49</property>
  <property name="stepIndex">13</property>
  <property name="description">Enter &apos;How you can help&apos; - Description</property>
</record>
<record>
  <date>2019-06-14T15:11:12</date>
  <millis>1560505272371</millis>
  <sequence>126</sequence>
  <level>PASSED</level>
  <class>com.kms.katalon.core.logging.XmlKeywordLogger</class>
  <method>logMessage</method>
  <thread>1</thread>
  <message>Text &amp;apos;Volunteer with upReach&amp;apos; is set on object &amp;apos;Object Repository/ApplyNow/Volunteer with us/how you can help&amp;apos;</message>
  <nestedLevel>1</nestedLevel>
</record>
<record>
  <date>2019-06-14T15:11:12</date>
  <millis>1560505272371</millis>
  <sequence>127</sequence>
  <level>END</level>
  <class>com.kms.katalon.core.logging.XmlKeywordLogger</class>
  <method>endKeyword</method>
  <thread>1</thread>
  <message>End action : setText(findTestObject(\&amp;quot;ApplyNow/Volunteer with us/how you can help\&amp;quot;), \&amp;quot;Volunteer with upReach\&amp;quot;)</message>
  <nestedLevel>1</nestedLevel>
</record>
<record>
  <date>2019-06-14T15:11:12</date>
  <millis>1560505272371</millis>
  <sequence>128</sequence>
  <level>START</level>
  <class>com.kms.katalon.core.logging.XmlKeywordLogger</class>
  <method>startKeyword</method>
  <thread>1</thread>
  <message>Start action : setText(findTestObject(\&amp;quot;ApplyNow/Volunteer with us/previous skills\&amp;quot;), \&amp;quot;Product Manager\&amp;quot;)</message>
  <nestedLevel>1</nestedLevel>
  <property name="startLine">52</property>
  <property name="stepIndex">14</property>
  <property name="description">Enter &apos;Previous Skills&apos;</property>
</record>
<record>
  <date>2019-06-14T15:11:12</date>
  <millis>1560505272524</millis>
  <sequence>140</sequence>
  <level>PASSED</level>
  <class>com.kms.katalon.core.logging.XmlKeywordLogger</class>
  <method>logMessage</method>
  <thread>1</thread>
  <message>Text &amp;apos;Product Manager&amp;apos; is set on object &amp;apos;Object Repository/ApplyNow/Volunteer with us/previous skills&amp;apos;</message>
  <nestedLevel>1</nestedLevel>
</record>
<record>
  <date>2019-06-14T15:11:12</date>
  <millis>1560505272525</millis>
  <sequence>141</sequence>
  <level>END</level>
  <class>com.kms.katalon.core.logging.XmlKeywordLogger</class>
  <method>endKeyword</method>
  <thread>1</thread>
  <message>End action : setText(findTestObject(\&amp;quot;ApplyNow/Volunteer with us/previous skills\&amp;quot;), \&amp;quot;Product Manager\&amp;quot;)</message>
  <nestedLevel>1</nestedLevel>
</record>
<record>
  <date>2019-06-14T15:11:12</date>
  <millis>1560505272525</millis>
  <sequence>142</sequence>
  <level>START</level>
  <class>com.kms.katalon.core.logging.XmlKeywordLogger</class>
  <method>startKeyword</method>
  <thread>1</thread>
  <message>Start action : click(findTestObject(\&amp;quot;ApplyNow/Volunteer with us/Submit\&amp;quot;))</message>
  <nestedLevel>1</nestedLevel>
  <property name="startLine">55</property>
  <property name="stepIndex">15</property>
  <property name="description">Click on Submit button</property>
</record>
<record>
  <date>2019-06-14T15:11:12</date>
  <millis>1560505272595</millis>
  <sequence>149</sequence>
  <level>PASSED</level>
  <class>com.kms.katalon.core.logging.XmlKeywordLogger</class>
  <method>logMessage</method>
  <thread>1</thread>
  <message>Object: &amp;apos;Object Repository/ApplyNow/Volunteer with us/Submit&amp;apos; is clicked on</message>
  <nestedLevel>1</nestedLevel>
</record>
<record>
  <date>2019-06-14T15:11:12</date>
  <millis>1560505272595</millis>
  <sequence>150</sequence>
  <level>END</level>
  <class>com.kms.katalon.core.logging.XmlKeywordLogger</class>
  <method>endKeyword</method>
  <thread>1</thread>
  <message>End action : click(findTestObject(\&amp;quot;ApplyNow/Volunteer with us/Submit\&amp;quot;))</message>
  <nestedLevel>1</nestedLevel>
</record>
<record>
  <date>2019-06-14T15:11:12</date>
  <millis>1560505272595</millis>
  <sequence>151</sequence>
  <level>PASSED</level>
  <class>com.kms.katalon.core.logging.XmlKeywordLogger</class>
  <method>logMessage</method>
  <thread>1</thread>
  <message>Test Cases/ApplyNow/Volunteer with us</message>
  <nestedLevel>1</nestedLevel>
</record>
<record>
  <date>2019-06-14T15:11:12</date>
  <millis>1560505272596</millis>
  <sequence>152</sequence>
  <level>END</level>
  <class>com.kms.katalon.core.logging.XmlKeywordLogger</class>
  <method>endTest</method>
  <thread>1</thread>
  <message>End Test Case : Test Cases/ApplyNow/Volunteer with us</message>
  <nestedLevel>0</nestedLevel>
</record>
<record>
  <date>2019-06-14T15:11:13</date>
  <millis>1560505273344</millis>
  <sequence>153</sequence>
  <level>END</level>
  <class>com.kms.katalon.core.logging.XmlKeywordLogger</class>
  <method>endSuite</method>
  <thread>1</thread>
  <message>End Test Suite : Test Suites/Apply Now/Volunteer with us</message>
  <nestedLevel>0</nestedLevel>
</record>
</log>
