<?xml version="1.0" encoding="UTF-8" standalone="no"?>
<!DOCTYPE log SYSTEM "logger.dtd">
<log>
<record>
  <date>2019-07-08T11:27:58</date>
  <millis>1562565478983</millis>
  <sequence>0</sequence>
  <level>START</level>
  <class>com.kms.katalon.core.logging.XmlKeywordLogger</class>
  <method>startSuite</method>
  <thread>1</thread>
  <message>Start Test Suite : Test Suites/REALratings/CIL</message>
  <nestedLevel>0</nestedLevel>
  <property name="name">CIL</property>
  <property name="description"></property>
  <property name="id">Test Suites/REALratings/CIL</property>
</record>
<record>
  <date>2019-07-08T11:27:59</date>
  <millis>1562565479002</millis>
  <sequence>1</sequence>
  <level>RUN_DATA</level>
  <class>com.kms.katalon.core.logging.XmlKeywordLogger</class>
  <method>logMessage</method>
  <thread>1</thread>
  <message>hostName = SAMBHAVI$ - sambhavi.jmandigital.in</message>
  <nestedLevel>0</nestedLevel>
  <property name="hostName">SAMBHAVI$ - sambhavi.jmandigital.in</property>
</record>
<record>
  <date>2019-07-08T11:27:59</date>
  <millis>1562565479030</millis>
  <sequence>2</sequence>
  <level>RUN_DATA</level>
  <class>com.kms.katalon.core.logging.XmlKeywordLogger</class>
  <method>logMessage</method>
  <thread>1</thread>
  <message>os = Windows 10 64bit</message>
  <nestedLevel>0</nestedLevel>
  <property name="os">Windows 10 64bit</property>
</record>
<record>
  <date>2019-07-08T11:27:59</date>
  <millis>1562565479031</millis>
  <sequence>3</sequence>
  <level>RUN_DATA</level>
  <class>com.kms.katalon.core.logging.XmlKeywordLogger</class>
  <method>logMessage</method>
  <thread>1</thread>
  <message>hostAddress = 192.168.0.185</message>
  <nestedLevel>0</nestedLevel>
  <property name="hostAddress">192.168.0.185</property>
</record>
<record>
  <date>2019-07-08T11:27:59</date>
  <millis>1562565479034</millis>
  <sequence>4</sequence>
  <level>RUN_DATA</level>
  <class>com.kms.katalon.core.logging.XmlKeywordLogger</class>
  <method>logMessage</method>
  <thread>1</thread>
  <message>katalonVersion = 6.0.5.10</message>
  <nestedLevel>0</nestedLevel>
  <property name="katalonVersion">6.0.5.10</property>
</record>
<record>
  <date>2019-07-08T11:27:59</date>
  <millis>1562565479669</millis>
  <sequence>5</sequence>
  <level>START</level>
  <class>com.kms.katalon.core.logging.XmlKeywordLogger</class>
  <method>startTest</method>
  <thread>1</thread>
  <message>Start Test Case : Test Cases/REALratings/CIL/Form Submission</message>
  <nestedLevel>1</nestedLevel>
  <property name="name">Test Cases/REALratings/CIL/Form Submission</property>
  <property name="description"></property>
  <property name="id">Test Cases/REALratings/CIL/Form Submission</property>
  <property name="source">C:\\Users\\sambhavi\\git\\didactic-octo-spork\\Test Cases\\REALratings\\CIL\\Form Submission.tc</property>
  <property name="isOptional">false</property>
</record>
<record>
  <date>2019-07-08T11:28:02</date>
  <millis>1562565482775</millis>
  <sequence>7</sequence>
  <level>START</level>
  <class>com.kms.katalon.core.logging.XmlKeywordLogger</class>
  <method>startKeyword</method>
  <thread>1</thread>
  <message>Start action : comment(\&amp;quot;CIL REAlrating - Form Submission\&amp;quot;)</message>
  <nestedLevel>1</nestedLevel>
  <property name="startLine">16</property>
  <property name="stepIndex">1</property>
</record>
<record>
  <date>2019-07-08T11:28:02</date>
  <millis>1562565482845</millis>
  <sequence>8</sequence>
  <level>INFO</level>
  <class>com.kms.katalon.core.logging.XmlKeywordLogger</class>
  <method>logMessage</method>
  <thread>1</thread>
  <message>CIL REAlrating - Form Submission</message>
  <nestedLevel>1</nestedLevel>
</record>
<record>
  <date>2019-07-08T11:28:02</date>
  <millis>1562565482848</millis>
  <sequence>9</sequence>
  <level>END</level>
  <class>com.kms.katalon.core.logging.XmlKeywordLogger</class>
  <method>endKeyword</method>
  <thread>1</thread>
  <message>End action : comment(\&amp;quot;CIL REAlrating - Form Submission\&amp;quot;)</message>
  <nestedLevel>1</nestedLevel>
</record>
<record>
  <date>2019-07-08T11:28:02</date>
  <millis>1562565482848</millis>
  <sequence>10</sequence>
  <level>START</level>
  <class>com.kms.katalon.core.logging.XmlKeywordLogger</class>
  <method>startKeyword</method>
  <thread>1</thread>
  <message>Start action : openBrowser(\&amp;quot;\&amp;quot;)</message>
  <nestedLevel>1</nestedLevel>
  <property name="startLine">19</property>
  <property name="stepIndex">2</property>
  <property name="description">Open Browser</property>
</record>
<record>
  <date>2019-07-08T11:28:03</date>
  <millis>1562565483415</millis>
  <sequence>12</sequence>
  <level>INFO</level>
  <class>com.kms.katalon.core.logging.XmlKeywordLogger</class>
  <method>logMessage</method>
  <thread>1</thread>
  <message>Starting &amp;apos;Chrome&amp;apos; driver</message>
  <nestedLevel>1</nestedLevel>
</record>
<record>
  <date>2019-07-08T11:28:03</date>
  <millis>1562565483495</millis>
  <sequence>13</sequence>
  <level>INFO</level>
  <class>com.kms.katalon.core.logging.XmlKeywordLogger</class>
  <method>logMessage</method>
  <thread>1</thread>
  <message>Action delay is set to 0 seconds</message>
  <nestedLevel>1</nestedLevel>
</record>
<record>
  <date>2019-07-08T11:28:10</date>
  <millis>1562565490417</millis>
  <sequence>15</sequence>
  <level>RUN_DATA</level>
  <class>com.kms.katalon.core.logging.XmlKeywordLogger</class>
  <method>logMessage</method>
  <thread>1</thread>
  <message>sessionId = d7be6298c64705efad747d5418da5991</message>
  <nestedLevel>1</nestedLevel>
  <property name="sessionId">d7be6298c64705efad747d5418da5991</property>
</record>
<record>
  <date>2019-07-08T11:28:10</date>
  <millis>1562565490432</millis>
  <sequence>16</sequence>
  <level>RUN_DATA</level>
  <class>com.kms.katalon.core.logging.XmlKeywordLogger</class>
  <method>logMessage</method>
  <thread>1</thread>
  <message>browser = Chrome 75.0.3770.100</message>
  <nestedLevel>1</nestedLevel>
  <property name="browser">Chrome 75.0.3770.100</property>
</record>
<record>
  <date>2019-07-08T11:28:10</date>
  <millis>1562565490433</millis>
  <sequence>17</sequence>
  <level>RUN_DATA</level>
  <class>com.kms.katalon.core.logging.XmlKeywordLogger</class>
  <method>logMessage</method>
  <thread>1</thread>
  <message>platform = Windows 10</message>
  <nestedLevel>1</nestedLevel>
  <property name="platform">Windows 10</property>
</record>
<record>
  <date>2019-07-08T11:28:10</date>
  <millis>1562565490435</millis>
  <sequence>18</sequence>
  <level>RUN_DATA</level>
  <class>com.kms.katalon.core.logging.XmlKeywordLogger</class>
  <method>logMessage</method>
  <thread>1</thread>
  <message>seleniumVersion = 3.7.1</message>
  <nestedLevel>1</nestedLevel>
  <property name="seleniumVersion">3.7.1</property>
</record>
<record>
  <date>2019-07-08T11:28:10</date>
  <millis>1562565490435</millis>
  <sequence>19</sequence>
  <level>RUN_DATA</level>
  <class>com.kms.katalon.core.logging.XmlKeywordLogger</class>
  <method>logMessage</method>
  <thread>1</thread>
  <message>proxyInformation = ProxyInformation{proxyOption=NO_PROXY, proxyServerType=HTTP, password=, proxyServerAddress=, proxyServerPort=0}</message>
  <nestedLevel>1</nestedLevel>
  <property name="proxyInformation">ProxyInformation{proxyOption=NO_PROXY, proxyServerType=HTTP, password=, proxyServerAddress=, proxyServerPort=0}</property>
</record>
<record>
  <date>2019-07-08T11:28:10</date>
  <millis>1562565490436</millis>
  <sequence>20</sequence>
  <level>PASSED</level>
  <class>com.kms.katalon.core.logging.XmlKeywordLogger</class>
  <method>logMessage</method>
  <thread>1</thread>
  <message>Browser is opened with url: &amp;apos;&amp;apos;</message>
  <nestedLevel>1</nestedLevel>
</record>
<record>
  <date>2019-07-08T11:28:10</date>
  <millis>1562565490437</millis>
  <sequence>21</sequence>
  <level>END</level>
  <class>com.kms.katalon.core.logging.XmlKeywordLogger</class>
  <method>endKeyword</method>
  <thread>1</thread>
  <message>End action : openBrowser(\&amp;quot;\&amp;quot;)</message>
  <nestedLevel>1</nestedLevel>
</record>
<record>
  <date>2019-07-08T11:28:10</date>
  <millis>1562565490437</millis>
  <sequence>22</sequence>
  <level>START</level>
  <class>com.kms.katalon.core.logging.XmlKeywordLogger</class>
  <method>startKeyword</method>
  <thread>1</thread>
  <message>Start action : navigateToUrl(\&amp;quot;https://uat-cil.realrating.co.uk/\&amp;quot;)</message>
  <nestedLevel>1</nestedLevel>
  <property name="startLine">22</property>
  <property name="stepIndex">3</property>
  <property name="description">Launch CIL Application</property>
</record>
<record>
  <date>2019-07-08T11:28:20</date>
  <millis>1562565500146</millis>
  <sequence>25</sequence>
  <level>PASSED</level>
  <class>com.kms.katalon.core.logging.XmlKeywordLogger</class>
  <method>logMessage</method>
  <thread>1</thread>
  <message>Navigate to &amp;apos;https://uat-cil.realrating.co.uk/&amp;apos; successfully</message>
  <nestedLevel>1</nestedLevel>
</record>
<record>
  <date>2019-07-08T11:28:20</date>
  <millis>1562565500147</millis>
  <sequence>26</sequence>
  <level>END</level>
  <class>com.kms.katalon.core.logging.XmlKeywordLogger</class>
  <method>endKeyword</method>
  <thread>1</thread>
  <message>End action : navigateToUrl(\&amp;quot;https://uat-cil.realrating.co.uk/\&amp;quot;)</message>
  <nestedLevel>1</nestedLevel>
</record>
<record>
  <date>2019-07-08T11:28:20</date>
  <millis>1562565500147</millis>
  <sequence>27</sequence>
  <level>START</level>
  <class>com.kms.katalon.core.logging.XmlKeywordLogger</class>
  <method>startKeyword</method>
  <thread>1</thread>
  <message>Start action : maximizeWindow()</message>
  <nestedLevel>1</nestedLevel>
  <property name="startLine">24</property>
  <property name="stepIndex">4</property>
</record>
<record>
  <date>2019-07-08T11:28:21</date>
  <millis>1562565501312</millis>
  <sequence>29</sequence>
  <level>PASSED</level>
  <class>com.kms.katalon.core.logging.XmlKeywordLogger</class>
  <method>logMessage</method>
  <thread>1</thread>
  <message>Current window maximized</message>
  <nestedLevel>1</nestedLevel>
</record>
<record>
  <date>2019-07-08T11:28:21</date>
  <millis>1562565501314</millis>
  <sequence>30</sequence>
  <level>END</level>
  <class>com.kms.katalon.core.logging.XmlKeywordLogger</class>
  <method>endKeyword</method>
  <thread>1</thread>
  <message>End action : maximizeWindow()</message>
  <nestedLevel>1</nestedLevel>
</record>
<record>
  <date>2019-07-08T11:28:21</date>
  <millis>1562565501315</millis>
  <sequence>31</sequence>
  <level>START</level>
  <class>com.kms.katalon.core.logging.XmlKeywordLogger</class>
  <method>startKeyword</method>
  <thread>1</thread>
  <message>Start action : rad = new java.util.Random()</message>
  <nestedLevel>1</nestedLevel>
  <property name="startLine">26</property>
  <property name="stepIndex">5</property>
</record>
<record>
  <date>2019-07-08T11:28:21</date>
  <millis>1562565501332</millis>
  <sequence>32</sequence>
  <level>END</level>
  <class>com.kms.katalon.core.logging.XmlKeywordLogger</class>
  <method>endKeyword</method>
  <thread>1</thread>
  <message>End action : rad = new java.util.Random()</message>
  <nestedLevel>1</nestedLevel>
</record>
<record>
  <date>2019-07-08T11:28:21</date>
  <millis>1562565501333</millis>
  <sequence>33</sequence>
  <level>START</level>
  <class>com.kms.katalon.core.logging.XmlKeywordLogger</class>
  <method>startKeyword</method>
  <thread>1</thread>
  <message>Start action : comment(\&amp;quot;Basic Information\&amp;quot;)</message>
  <nestedLevel>1</nestedLevel>
  <property name="startLine">28</property>
  <property name="stepIndex">6</property>
</record>
<record>
  <date>2019-07-08T11:28:21</date>
  <millis>1562565501337</millis>
  <sequence>34</sequence>
  <level>INFO</level>
  <class>com.kms.katalon.core.logging.XmlKeywordLogger</class>
  <method>logMessage</method>
  <thread>1</thread>
  <message>Basic Information</message>
  <nestedLevel>1</nestedLevel>
</record>
<record>
  <date>2019-07-08T11:28:21</date>
  <millis>1562565501338</millis>
  <sequence>35</sequence>
  <level>END</level>
  <class>com.kms.katalon.core.logging.XmlKeywordLogger</class>
  <method>endKeyword</method>
  <thread>1</thread>
  <message>End action : comment(\&amp;quot;Basic Information\&amp;quot;)</message>
  <nestedLevel>1</nestedLevel>
</record>
<record>
  <date>2019-07-08T11:28:21</date>
  <millis>1562565501339</millis>
  <sequence>36</sequence>
  <level>START</level>
  <class>com.kms.katalon.core.logging.XmlKeywordLogger</class>
  <method>startKeyword</method>
  <thread>1</thread>
  <message>Start action : setText(findTestObject(\&amp;quot;REALRatings/NorthHighland/Page_REALrating/First Name\&amp;quot;), findTestData(\&amp;quot;getEmployable/Applicants\&amp;quot;).getValue(1, 1))</message>
  <nestedLevel>1</nestedLevel>
  <property name="startLine">31</property>
  <property name="stepIndex">7</property>
  <property name="description">Enter First Name</property>
</record>
<record>
  <date>2019-07-08T11:28:22</date>
  <millis>1562565502632</millis>
  <sequence>51</sequence>
  <level>PASSED</level>
  <class>com.kms.katalon.core.logging.XmlKeywordLogger</class>
  <method>logMessage</method>
  <thread>1</thread>
  <message>Text &amp;apos;Asha&amp;apos; is set on object &amp;apos;Object Repository/REALRatings/NorthHighland/Page_REALrating/First Name&amp;apos;</message>
  <nestedLevel>1</nestedLevel>
</record>
<record>
  <date>2019-07-08T11:28:22</date>
  <millis>1562565502633</millis>
  <sequence>52</sequence>
  <level>END</level>
  <class>com.kms.katalon.core.logging.XmlKeywordLogger</class>
  <method>endKeyword</method>
  <thread>1</thread>
  <message>End action : setText(findTestObject(\&amp;quot;REALRatings/NorthHighland/Page_REALrating/First Name\&amp;quot;), findTestData(\&amp;quot;getEmployable/Applicants\&amp;quot;).getValue(1, 1))</message>
  <nestedLevel>1</nestedLevel>
</record>
<record>
  <date>2019-07-08T11:28:22</date>
  <millis>1562565502633</millis>
  <sequence>53</sequence>
  <level>START</level>
  <class>com.kms.katalon.core.logging.XmlKeywordLogger</class>
  <method>startKeyword</method>
  <thread>1</thread>
  <message>Start action : setText(findTestObject(\&amp;quot;REALRatings/NorthHighland/Page_REALrating/Last Name\&amp;quot;), findTestData(\&amp;quot;getEmployable/Applicants\&amp;quot;).getValue(2, 1))</message>
  <nestedLevel>1</nestedLevel>
  <property name="startLine">35</property>
  <property name="stepIndex">8</property>
  <property name="description">Enter Last Name</property>
</record>
<record>
  <date>2019-07-08T11:28:22</date>
  <millis>1562565502876</millis>
  <sequence>68</sequence>
  <level>PASSED</level>
  <class>com.kms.katalon.core.logging.XmlKeywordLogger</class>
  <method>logMessage</method>
  <thread>1</thread>
  <message>Text &amp;apos;Rajendran&amp;apos; is set on object &amp;apos;Object Repository/REALRatings/NorthHighland/Page_REALrating/Last Name&amp;apos;</message>
  <nestedLevel>1</nestedLevel>
</record>
<record>
  <date>2019-07-08T11:28:22</date>
  <millis>1562565502876</millis>
  <sequence>69</sequence>
  <level>END</level>
  <class>com.kms.katalon.core.logging.XmlKeywordLogger</class>
  <method>endKeyword</method>
  <thread>1</thread>
  <message>End action : setText(findTestObject(\&amp;quot;REALRatings/NorthHighland/Page_REALrating/Last Name\&amp;quot;), findTestData(\&amp;quot;getEmployable/Applicants\&amp;quot;).getValue(2, 1))</message>
  <nestedLevel>1</nestedLevel>
</record>
<record>
  <date>2019-07-08T11:28:22</date>
  <millis>1562565502877</millis>
  <sequence>70</sequence>
  <level>START</level>
  <class>com.kms.katalon.core.logging.XmlKeywordLogger</class>
  <method>startKeyword</method>
  <thread>1</thread>
  <message>Start action : Email = rad.nextInt(2000)</message>
  <nestedLevel>1</nestedLevel>
  <property name="startLine">39</property>
  <property name="stepIndex">9</property>
  <property name="description">Enter University Email</property>
</record>
<record>
  <date>2019-07-08T11:28:22</date>
  <millis>1562565502878</millis>
  <sequence>71</sequence>
  <level>END</level>
  <class>com.kms.katalon.core.logging.XmlKeywordLogger</class>
  <method>endKeyword</method>
  <thread>1</thread>
  <message>End action : Email = rad.nextInt(2000)</message>
  <nestedLevel>1</nestedLevel>
</record>
<record>
  <date>2019-07-08T11:28:22</date>
  <millis>1562565502879</millis>
  <sequence>72</sequence>
  <level>START</level>
  <class>com.kms.katalon.core.logging.XmlKeywordLogger</class>
  <method>startKeyword</method>
  <thread>1</thread>
  <message>Start action : setText(findTestObject(\&amp;quot;REALRatings/NorthHighland/Page_REALrating/University Emailid\&amp;quot;), \&amp;quot;nh\&amp;quot; + Email + \&amp;quot;@test.com\&amp;quot;)</message>
  <nestedLevel>1</nestedLevel>
  <property name="startLine">41</property>
  <property name="stepIndex">10</property>
</record>
<record>
  <date>2019-07-08T11:28:23</date>
  <millis>1562565503235</millis>
  <sequence>84</sequence>
  <level>PASSED</level>
  <class>com.kms.katalon.core.logging.XmlKeywordLogger</class>
  <method>logMessage</method>
  <thread>1</thread>
  <message>Text &amp;apos;nh1801@test.com&amp;apos; is set on object &amp;apos;Object Repository/REALRatings/NorthHighland/Page_REALrating/University Emailid&amp;apos;</message>
  <nestedLevel>1</nestedLevel>
</record>
<record>
  <date>2019-07-08T11:28:23</date>
  <millis>1562565503236</millis>
  <sequence>85</sequence>
  <level>END</level>
  <class>com.kms.katalon.core.logging.XmlKeywordLogger</class>
  <method>endKeyword</method>
  <thread>1</thread>
  <message>End action : setText(findTestObject(\&amp;quot;REALRatings/NorthHighland/Page_REALrating/University Emailid\&amp;quot;), \&amp;quot;nh\&amp;quot; + Email + \&amp;quot;@test.com\&amp;quot;)</message>
  <nestedLevel>1</nestedLevel>
</record>
<record>
  <date>2019-07-08T11:28:23</date>
  <millis>1562565503236</millis>
  <sequence>86</sequence>
  <level>START</level>
  <class>com.kms.katalon.core.logging.XmlKeywordLogger</class>
  <method>startKeyword</method>
  <thread>1</thread>
  <message>Start action : click(findTestObject(\&amp;quot;REALRatings/NorthHighland/Page_REALrating/First Next\&amp;quot;), STOP_ON_FAILURE)</message>
  <nestedLevel>1</nestedLevel>
  <property name="startLine">44</property>
  <property name="stepIndex">11</property>
  <property name="description">Click NEXT</property>
</record>
<record>
  <date>2019-07-08T11:28:23</date>
  <millis>1562565503803</millis>
  <sequence>93</sequence>
  <level>PASSED</level>
  <class>com.kms.katalon.core.logging.XmlKeywordLogger</class>
  <method>logMessage</method>
  <thread>1</thread>
  <message>Object: &amp;apos;Object Repository/REALRatings/NorthHighland/Page_REALrating/First Next&amp;apos; is clicked on</message>
  <nestedLevel>1</nestedLevel>
</record>
<record>
  <date>2019-07-08T11:28:23</date>
  <millis>1562565503803</millis>
  <sequence>94</sequence>
  <level>END</level>
  <class>com.kms.katalon.core.logging.XmlKeywordLogger</class>
  <method>endKeyword</method>
  <thread>1</thread>
  <message>End action : click(findTestObject(\&amp;quot;REALRatings/NorthHighland/Page_REALrating/First Next\&amp;quot;), STOP_ON_FAILURE)</message>
  <nestedLevel>1</nestedLevel>
</record>
<record>
  <date>2019-07-08T11:28:23</date>
  <millis>1562565503803</millis>
  <sequence>95</sequence>
  <level>START</level>
  <class>com.kms.katalon.core.logging.XmlKeywordLogger</class>
  <method>startKeyword</method>
  <thread>1</thread>
  <message>Start action : comment(\&amp;quot;Main Qualifications\&amp;quot;)</message>
  <nestedLevel>1</nestedLevel>
  <property name="startLine">46</property>
  <property name="stepIndex">12</property>
</record>
<record>
  <date>2019-07-08T11:28:23</date>
  <millis>1562565503805</millis>
  <sequence>96</sequence>
  <level>INFO</level>
  <class>com.kms.katalon.core.logging.XmlKeywordLogger</class>
  <method>logMessage</method>
  <thread>1</thread>
  <message>Main Qualifications</message>
  <nestedLevel>1</nestedLevel>
</record>
<record>
  <date>2019-07-08T11:28:23</date>
  <millis>1562565503806</millis>
  <sequence>97</sequence>
  <level>END</level>
  <class>com.kms.katalon.core.logging.XmlKeywordLogger</class>
  <method>endKeyword</method>
  <thread>1</thread>
  <message>End action : comment(\&amp;quot;Main Qualifications\&amp;quot;)</message>
  <nestedLevel>1</nestedLevel>
</record>
<record>
  <date>2019-07-08T11:28:23</date>
  <millis>1562565503806</millis>
  <sequence>98</sequence>
  <level>START</level>
  <class>com.kms.katalon.core.logging.XmlKeywordLogger</class>
  <method>startKeyword</method>
  <thread>1</thread>
  <message>Start action : ALevelYearTotalOptions = getNumberOfTotalOption(findTestObject(\&amp;quot;REALRatings/NorthHighland/Page_REALrating/A Level Year\&amp;quot;))</message>
  <nestedLevel>1</nestedLevel>
  <property name="startLine">49</property>
  <property name="stepIndex">13</property>
  <property name="description">A-Level year</property>
</record>
<record>
  <date>2019-07-08T11:28:24</date>
  <millis>1562565504125</millis>
  <sequence>105</sequence>
  <level>PASSED</level>
  <class>com.kms.katalon.core.logging.XmlKeywordLogger</class>
  <method>logMessage</method>
  <thread>1</thread>
  <message>71 options of object &amp;apos;Object Repository/REALRatings/NorthHighland/Page_REALrating/A Level Year&amp;apos; counted</message>
  <nestedLevel>1</nestedLevel>
</record>
<record>
  <date>2019-07-08T11:28:24</date>
  <millis>1562565504126</millis>
  <sequence>106</sequence>
  <level>END</level>
  <class>com.kms.katalon.core.logging.XmlKeywordLogger</class>
  <method>endKeyword</method>
  <thread>1</thread>
  <message>End action : ALevelYearTotalOptions = getNumberOfTotalOption(findTestObject(\&amp;quot;REALRatings/NorthHighland/Page_REALrating/A Level Year\&amp;quot;))</message>
  <nestedLevel>1</nestedLevel>
</record>
<record>
  <date>2019-07-08T11:28:24</date>
  <millis>1562565504126</millis>
  <sequence>107</sequence>
  <level>START</level>
  <class>com.kms.katalon.core.logging.XmlKeywordLogger</class>
  <method>startKeyword</method>
  <thread>1</thread>
  <message>Start action : ALevelYearcount = 1 + rad.nextInt(ALevelYearTotalOptions - 1)</message>
  <nestedLevel>1</nestedLevel>
  <property name="startLine">51</property>
  <property name="stepIndex">14</property>
</record>
<record>
  <date>2019-07-08T11:28:24</date>
  <millis>1562565504128</millis>
  <sequence>108</sequence>
  <level>END</level>
  <class>com.kms.katalon.core.logging.XmlKeywordLogger</class>
  <method>endKeyword</method>
  <thread>1</thread>
  <message>End action : ALevelYearcount = 1 + rad.nextInt(ALevelYearTotalOptions - 1)</message>
  <nestedLevel>1</nestedLevel>
</record>
<record>
  <date>2019-07-08T11:28:24</date>
  <millis>1562565504128</millis>
  <sequence>109</sequence>
  <level>START</level>
  <class>com.kms.katalon.core.logging.XmlKeywordLogger</class>
  <method>startKeyword</method>
  <thread>1</thread>
  <message>Start action : selectOptionByIndex(findTestObject(\&amp;quot;REALRatings/NorthHighland/Page_REALrating/A Level Year\&amp;quot;), ALevelYearcount)</message>
  <nestedLevel>1</nestedLevel>
  <property name="startLine">53</property>
  <property name="stepIndex">15</property>
</record>
<record>
  <date>2019-07-08T11:28:25</date>
  <millis>1562565505656</millis>
  <sequence>121</sequence>
  <level>PASSED</level>
  <class>com.kms.katalon.core.logging.XmlKeywordLogger</class>
  <method>logMessage</method>
  <thread>1</thread>
  <message>All options with index in [36] are selected on object &amp;apos;Object Repository/REALRatings/NorthHighland/Page_REALrating/A Level Year&amp;apos;</message>
  <nestedLevel>1</nestedLevel>
</record>
<record>
  <date>2019-07-08T11:28:25</date>
  <millis>1562565505657</millis>
  <sequence>122</sequence>
  <level>END</level>
  <class>com.kms.katalon.core.logging.XmlKeywordLogger</class>
  <method>endKeyword</method>
  <thread>1</thread>
  <message>End action : selectOptionByIndex(findTestObject(\&amp;quot;REALRatings/NorthHighland/Page_REALrating/A Level Year\&amp;quot;), ALevelYearcount)</message>
  <nestedLevel>1</nestedLevel>
</record>
<record>
  <date>2019-07-08T11:28:25</date>
  <millis>1562565505658</millis>
  <sequence>123</sequence>
  <level>START</level>
  <class>com.kms.katalon.core.logging.XmlKeywordLogger</class>
  <method>startKeyword</method>
  <thread>1</thread>
  <message>Start action : GCSEYearTotalOptions = getNumberOfTotalOption(findTestObject(\&amp;quot;REALRatings/NorthHighland/Page_REALrating/GCSE Year\&amp;quot;))</message>
  <nestedLevel>1</nestedLevel>
  <property name="startLine">56</property>
  <property name="stepIndex">16</property>
  <property name="description">GCSE Year</property>
</record>
<record>
  <date>2019-07-08T11:28:26</date>
  <millis>1562565506014</millis>
  <sequence>130</sequence>
  <level>PASSED</level>
  <class>com.kms.katalon.core.logging.XmlKeywordLogger</class>
  <method>logMessage</method>
  <thread>1</thread>
  <message>71 options of object &amp;apos;Object Repository/REALRatings/NorthHighland/Page_REALrating/GCSE Year&amp;apos; counted</message>
  <nestedLevel>1</nestedLevel>
</record>
<record>
  <date>2019-07-08T11:28:26</date>
  <millis>1562565506014</millis>
  <sequence>131</sequence>
  <level>END</level>
  <class>com.kms.katalon.core.logging.XmlKeywordLogger</class>
  <method>endKeyword</method>
  <thread>1</thread>
  <message>End action : GCSEYearTotalOptions = getNumberOfTotalOption(findTestObject(\&amp;quot;REALRatings/NorthHighland/Page_REALrating/GCSE Year\&amp;quot;))</message>
  <nestedLevel>1</nestedLevel>
</record>
<record>
  <date>2019-07-08T11:28:26</date>
  <millis>1562565506015</millis>
  <sequence>132</sequence>
  <level>START</level>
  <class>com.kms.katalon.core.logging.XmlKeywordLogger</class>
  <method>startKeyword</method>
  <thread>1</thread>
  <message>Start action : GCSEYearCount = 1 + rad.nextInt(GCSEYearTotalOptions - 1)</message>
  <nestedLevel>1</nestedLevel>
  <property name="startLine">58</property>
  <property name="stepIndex">17</property>
</record>
<record>
  <date>2019-07-08T11:28:26</date>
  <millis>1562565506015</millis>
  <sequence>133</sequence>
  <level>END</level>
  <class>com.kms.katalon.core.logging.XmlKeywordLogger</class>
  <method>endKeyword</method>
  <thread>1</thread>
  <message>End action : GCSEYearCount = 1 + rad.nextInt(GCSEYearTotalOptions - 1)</message>
  <nestedLevel>1</nestedLevel>
</record>
<record>
  <date>2019-07-08T11:28:26</date>
  <millis>1562565506015</millis>
  <sequence>134</sequence>
  <level>START</level>
  <class>com.kms.katalon.core.logging.XmlKeywordLogger</class>
  <method>startKeyword</method>
  <thread>1</thread>
  <message>Start action : selectOptionByIndex(findTestObject(\&amp;quot;REALRatings/NorthHighland/Page_REALrating/GCSE Year\&amp;quot;), GCSEYearCount)</message>
  <nestedLevel>1</nestedLevel>
  <property name="startLine">60</property>
  <property name="stepIndex">18</property>
</record>
<record>
  <date>2019-07-08T11:28:26</date>
  <millis>1562565506378</millis>
  <sequence>146</sequence>
  <level>PASSED</level>
  <class>com.kms.katalon.core.logging.XmlKeywordLogger</class>
  <method>logMessage</method>
  <thread>1</thread>
  <message>All options with index in [24] are selected on object &amp;apos;Object Repository/REALRatings/NorthHighland/Page_REALrating/GCSE Year&amp;apos;</message>
  <nestedLevel>1</nestedLevel>
</record>
<record>
  <date>2019-07-08T11:28:26</date>
  <millis>1562565506378</millis>
  <sequence>147</sequence>
  <level>END</level>
  <class>com.kms.katalon.core.logging.XmlKeywordLogger</class>
  <method>endKeyword</method>
  <thread>1</thread>
  <message>End action : selectOptionByIndex(findTestObject(\&amp;quot;REALRatings/NorthHighland/Page_REALrating/GCSE Year\&amp;quot;), GCSEYearCount)</message>
  <nestedLevel>1</nestedLevel>
</record>
<record>
  <date>2019-07-08T11:28:26</date>
  <millis>1562565506378</millis>
  <sequence>148</sequence>
  <level>START</level>
  <class>com.kms.katalon.core.logging.XmlKeywordLogger</class>
  <method>startKeyword</method>
  <thread>1</thread>
  <message>Start action : MainQualificationTotaloptions = getNumberOfTotalOption(findTestObject(\&amp;quot;REALRatings/NorthHighland/Page_REALrating/Main Qualification\&amp;quot;))</message>
  <nestedLevel>1</nestedLevel>
  <property name="startLine">63</property>
  <property name="stepIndex">19</property>
  <property name="description">Select Main Qualification</property>
</record>
<record>
  <date>2019-07-08T11:28:26</date>
  <millis>1562565506458</millis>
  <sequence>155</sequence>
  <level>PASSED</level>
  <class>com.kms.katalon.core.logging.XmlKeywordLogger</class>
  <method>logMessage</method>
  <thread>1</thread>
  <message>6 options of object &amp;apos;Object Repository/REALRatings/NorthHighland/Page_REALrating/Main Qualification&amp;apos; counted</message>
  <nestedLevel>1</nestedLevel>
</record>
<record>
  <date>2019-07-08T11:28:26</date>
  <millis>1562565506458</millis>
  <sequence>156</sequence>
  <level>END</level>
  <class>com.kms.katalon.core.logging.XmlKeywordLogger</class>
  <method>endKeyword</method>
  <thread>1</thread>
  <message>End action : MainQualificationTotaloptions = getNumberOfTotalOption(findTestObject(\&amp;quot;REALRatings/NorthHighland/Page_REALrating/Main Qualification\&amp;quot;))</message>
  <nestedLevel>1</nestedLevel>
</record>
<record>
  <date>2019-07-08T11:28:26</date>
  <millis>1562565506459</millis>
  <sequence>157</sequence>
  <level>START</level>
  <class>com.kms.katalon.core.logging.XmlKeywordLogger</class>
  <method>startKeyword</method>
  <thread>1</thread>
  <message>Start action : MainQualificationCount = 1 + rad.nextInt(MainQualificationTotaloptions - 1)</message>
  <nestedLevel>1</nestedLevel>
  <property name="startLine">65</property>
  <property name="stepIndex">20</property>
</record>
<record>
  <date>2019-07-08T11:28:26</date>
  <millis>1562565506459</millis>
  <sequence>158</sequence>
  <level>END</level>
  <class>com.kms.katalon.core.logging.XmlKeywordLogger</class>
  <method>endKeyword</method>
  <thread>1</thread>
  <message>End action : MainQualificationCount = 1 + rad.nextInt(MainQualificationTotaloptions - 1)</message>
  <nestedLevel>1</nestedLevel>
</record>
<record>
  <date>2019-07-08T11:28:26</date>
  <millis>1562565506459</millis>
  <sequence>159</sequence>
  <level>START</level>
  <class>com.kms.katalon.core.logging.XmlKeywordLogger</class>
  <method>startKeyword</method>
  <thread>1</thread>
  <message>Start action : selectOptionByIndex(findTestObject(\&amp;quot;REALRatings/NorthHighland/Page_REALrating/Main Qualification\&amp;quot;), MainQualificationCount)</message>
  <nestedLevel>1</nestedLevel>
  <property name="startLine">67</property>
  <property name="stepIndex">21</property>
</record>
<record>
  <date>2019-07-08T11:28:26</date>
  <millis>1562565506588</millis>
  <sequence>171</sequence>
  <level>PASSED</level>
  <class>com.kms.katalon.core.logging.XmlKeywordLogger</class>
  <method>logMessage</method>
  <thread>1</thread>
  <message>All options with index in [4] are selected on object &amp;apos;Object Repository/REALRatings/NorthHighland/Page_REALrating/Main Qualification&amp;apos;</message>
  <nestedLevel>1</nestedLevel>
</record>
<record>
  <date>2019-07-08T11:28:26</date>
  <millis>1562565506589</millis>
  <sequence>172</sequence>
  <level>END</level>
  <class>com.kms.katalon.core.logging.XmlKeywordLogger</class>
  <method>endKeyword</method>
  <thread>1</thread>
  <message>End action : selectOptionByIndex(findTestObject(\&amp;quot;REALRatings/NorthHighland/Page_REALrating/Main Qualification\&amp;quot;), MainQualificationCount)</message>
  <nestedLevel>1</nestedLevel>
</record>
<record>
  <date>2019-07-08T11:28:26</date>
  <millis>1562565506589</millis>
  <sequence>173</sequence>
  <level>START</level>
  <class>com.kms.katalon.core.logging.XmlKeywordLogger</class>
  <method>startKeyword</method>
  <thread>1</thread>
  <message>Start action : delay(5)</message>
  <nestedLevel>1</nestedLevel>
  <property name="startLine">69</property>
  <property name="stepIndex">22</property>
</record>
<record>
  <date>2019-07-08T11:28:31</date>
  <millis>1562565511598</millis>
  <sequence>175</sequence>
  <level>PASSED</level>
  <class>com.kms.katalon.core.logging.XmlKeywordLogger</class>
  <method>logMessage</method>
  <thread>1</thread>
  <message>Delayed 5 second(s)</message>
  <nestedLevel>1</nestedLevel>
</record>
<record>
  <date>2019-07-08T11:28:31</date>
  <millis>1562565511598</millis>
  <sequence>176</sequence>
  <level>END</level>
  <class>com.kms.katalon.core.logging.XmlKeywordLogger</class>
  <method>endKeyword</method>
  <thread>1</thread>
  <message>End action : delay(5)</message>
  <nestedLevel>1</nestedLevel>
</record>
<record>
  <date>2019-07-08T11:28:31</date>
  <millis>1562565511599</millis>
  <sequence>177</sequence>
  <level>START</level>
  <class>com.kms.katalon.core.logging.XmlKeywordLogger</class>
  <method>startKeyword</method>
  <thread>1</thread>
  <message>Start action : if (MainQualificationCount == 1)</message>
  <nestedLevel>1</nestedLevel>
  <property name="startLine">72</property>
  <property name="stepIndex">23</property>
  <property name="description">A-Level</property>
</record>
<record>
  <date>2019-07-08T11:28:31</date>
  <millis>1562565511599</millis>
  <sequence>178</sequence>
  <level>END</level>
  <class>com.kms.katalon.core.logging.XmlKeywordLogger</class>
  <method>endKeyword</method>
  <thread>1</thread>
  <message>End action : if (MainQualificationCount == 1)</message>
  <nestedLevel>1</nestedLevel>
</record>
<record>
  <date>2019-07-08T11:28:31</date>
  <millis>1562565511599</millis>
  <sequence>179</sequence>
  <level>START</level>
  <class>com.kms.katalon.core.logging.XmlKeywordLogger</class>
  <method>startKeyword</method>
  <thread>1</thread>
  <message>Start action : else if (MainQualificationCount == 2)</message>
  <nestedLevel>1</nestedLevel>
  <property name="startLine">117</property>
  <property name="stepIndex">24</property>
</record>
<record>
  <date>2019-07-08T11:28:31</date>
  <millis>1562565511600</millis>
  <sequence>180</sequence>
  <level>END</level>
  <class>com.kms.katalon.core.logging.XmlKeywordLogger</class>
  <method>endKeyword</method>
  <thread>1</thread>
  <message>End action : else if (MainQualificationCount == 2)</message>
  <nestedLevel>1</nestedLevel>
</record>
<record>
  <date>2019-07-08T11:28:31</date>
  <millis>1562565511600</millis>
  <sequence>181</sequence>
  <level>START</level>
  <class>com.kms.katalon.core.logging.XmlKeywordLogger</class>
  <method>startKeyword</method>
  <thread>1</thread>
  <message>Start action : else if (MainQualificationCount == 3)</message>
  <nestedLevel>1</nestedLevel>
  <property name="startLine">132</property>
  <property name="stepIndex">25</property>
</record>
<record>
  <date>2019-07-08T11:28:31</date>
  <millis>1562565511600</millis>
  <sequence>182</sequence>
  <level>END</level>
  <class>com.kms.katalon.core.logging.XmlKeywordLogger</class>
  <method>endKeyword</method>
  <thread>1</thread>
  <message>End action : else if (MainQualificationCount == 3)</message>
  <nestedLevel>1</nestedLevel>
</record>
<record>
  <date>2019-07-08T11:28:31</date>
  <millis>1562565511600</millis>
  <sequence>183</sequence>
  <level>START</level>
  <class>com.kms.katalon.core.logging.XmlKeywordLogger</class>
  <method>startKeyword</method>
  <thread>1</thread>
  <message>Start action : else if (MainQualificationCount == 4)</message>
  <nestedLevel>1</nestedLevel>
  <property name="startLine">168</property>
  <property name="stepIndex">26</property>
</record>
<record>
  <date>2019-07-08T11:28:31</date>
  <millis>1562565511601</millis>
  <sequence>184</sequence>
  <level>START</level>
  <class>com.kms.katalon.core.logging.XmlKeywordLogger</class>
  <method>startKeyword</method>
  <thread>1</thread>
  <message>Start action : setText(findTestObject(\&amp;quot;REALRatings/NorthHighland/Page_REALrating/Other Qualification\&amp;quot;), \&amp;quot;other ouualifications \&amp;quot;)</message>
  <nestedLevel>2</nestedLevel>
  <property name="startLine">169</property>
  <property name="stepIndex">1</property>
</record>
<record>
  <date>2019-07-08T11:28:31</date>
  <millis>1562565511847</millis>
  <sequence>196</sequence>
  <level>PASSED</level>
  <class>com.kms.katalon.core.logging.XmlKeywordLogger</class>
  <method>logMessage</method>
  <thread>1</thread>
  <message>Text &amp;apos;other ouualifications &amp;apos; is set on object &amp;apos;Object Repository/REALRatings/NorthHighland/Page_REALrating/Other Qualification&amp;apos;</message>
  <nestedLevel>1</nestedLevel>
</record>
<record>
  <date>2019-07-08T11:28:31</date>
  <millis>1562565511848</millis>
  <sequence>197</sequence>
  <level>END</level>
  <class>com.kms.katalon.core.logging.XmlKeywordLogger</class>
  <method>endKeyword</method>
  <thread>1</thread>
  <message>End action : setText(findTestObject(\&amp;quot;REALRatings/NorthHighland/Page_REALrating/Other Qualification\&amp;quot;), \&amp;quot;other ouualifications \&amp;quot;)</message>
  <nestedLevel>2</nestedLevel>
</record>
<record>
  <date>2019-07-08T11:28:31</date>
  <millis>1562565511848</millis>
  <sequence>198</sequence>
  <level>END</level>
  <class>com.kms.katalon.core.logging.XmlKeywordLogger</class>
  <method>endKeyword</method>
  <thread>1</thread>
  <message>End action : else if (MainQualificationCount == 4)</message>
  <nestedLevel>1</nestedLevel>
</record>
<record>
  <date>2019-07-08T11:28:31</date>
  <millis>1562565511848</millis>
  <sequence>199</sequence>
  <level>START</level>
  <class>com.kms.katalon.core.logging.XmlKeywordLogger</class>
  <method>startKeyword</method>
  <thread>1</thread>
  <message>Start action : setText(findTestObject(\&amp;quot;REALRatings/NorthHighland/Page_REALrating/A Level School\&amp;quot;), findTestData(\&amp;quot;getEmployable/Applicants\&amp;quot;).getValue(6, 1))</message>
  <nestedLevel>1</nestedLevel>
  <property name="startLine">187</property>
  <property name="stepIndex">28</property>
  <property name="description">Alevel School</property>
</record>
<record>
  <date>2019-07-08T11:28:32</date>
  <millis>1562565512237</millis>
  <sequence>214</sequence>
  <level>PASSED</level>
  <class>com.kms.katalon.core.logging.XmlKeywordLogger</class>
  <method>logMessage</method>
  <thread>1</thread>
  <message>Text &amp;apos;Kings Richard School&amp;apos; is set on object &amp;apos;Object Repository/REALRatings/NorthHighland/Page_REALrating/A Level School&amp;apos;</message>
  <nestedLevel>1</nestedLevel>
</record>
<record>
  <date>2019-07-08T11:28:32</date>
  <millis>1562565512238</millis>
  <sequence>215</sequence>
  <level>END</level>
  <class>com.kms.katalon.core.logging.XmlKeywordLogger</class>
  <method>endKeyword</method>
  <thread>1</thread>
  <message>End action : setText(findTestObject(\&amp;quot;REALRatings/NorthHighland/Page_REALrating/A Level School\&amp;quot;), findTestData(\&amp;quot;getEmployable/Applicants\&amp;quot;).getValue(6, 1))</message>
  <nestedLevel>1</nestedLevel>
</record>
<record>
  <date>2019-07-08T11:28:32</date>
  <millis>1562565512238</millis>
  <sequence>216</sequence>
  <level>START</level>
  <class>com.kms.katalon.core.logging.XmlKeywordLogger</class>
  <method>startKeyword</method>
  <thread>1</thread>
  <message>Start action : setText(findTestObject(\&amp;quot;REALRatings/NorthHighland/Page_REALrating/GCSE School\&amp;quot;), findTestData(\&amp;quot;getEmployable/Applicants\&amp;quot;).getValue(7, 1))</message>
  <nestedLevel>1</nestedLevel>
  <property name="startLine">191</property>
  <property name="stepIndex">29</property>
  <property name="description">GCSE School</property>
</record>
<record>
  <date>2019-07-08T11:28:32</date>
  <millis>1562565512630</millis>
  <sequence>231</sequence>
  <level>PASSED</level>
  <class>com.kms.katalon.core.logging.XmlKeywordLogger</class>
  <method>logMessage</method>
  <thread>1</thread>
  <message>Text &amp;apos;Kings Richard School&amp;apos; is set on object &amp;apos;Object Repository/REALRatings/NorthHighland/Page_REALrating/GCSE School&amp;apos;</message>
  <nestedLevel>1</nestedLevel>
</record>
<record>
  <date>2019-07-08T11:28:32</date>
  <millis>1562565512630</millis>
  <sequence>232</sequence>
  <level>END</level>
  <class>com.kms.katalon.core.logging.XmlKeywordLogger</class>
  <method>endKeyword</method>
  <thread>1</thread>
  <message>End action : setText(findTestObject(\&amp;quot;REALRatings/NorthHighland/Page_REALrating/GCSE School\&amp;quot;), findTestData(\&amp;quot;getEmployable/Applicants\&amp;quot;).getValue(7, 1))</message>
  <nestedLevel>1</nestedLevel>
</record>
<record>
  <date>2019-07-08T11:28:32</date>
  <millis>1562565512631</millis>
  <sequence>233</sequence>
  <level>START</level>
  <class>com.kms.katalon.core.logging.XmlKeywordLogger</class>
  <method>startKeyword</method>
  <thread>1</thread>
  <message>Start action : click(findTestObject(\&amp;quot;REALRatings/NorthHighland/Page_REALrating/Gender\&amp;quot;))</message>
  <nestedLevel>1</nestedLevel>
  <property name="startLine">195</property>
  <property name="stepIndex">30</property>
  <property name="description">Gender</property>
</record>
<record>
  <date>2019-07-08T11:28:32</date>
  <millis>1562565512750</millis>
  <sequence>240</sequence>
  <level>PASSED</level>
  <class>com.kms.katalon.core.logging.XmlKeywordLogger</class>
  <method>logMessage</method>
  <thread>1</thread>
  <message>Object: &amp;apos;Object Repository/REALRatings/NorthHighland/Page_REALrating/Gender&amp;apos; is clicked on</message>
  <nestedLevel>1</nestedLevel>
</record>
<record>
  <date>2019-07-08T11:28:32</date>
  <millis>1562565512751</millis>
  <sequence>241</sequence>
  <level>END</level>
  <class>com.kms.katalon.core.logging.XmlKeywordLogger</class>
  <method>endKeyword</method>
  <thread>1</thread>
  <message>End action : click(findTestObject(\&amp;quot;REALRatings/NorthHighland/Page_REALrating/Gender\&amp;quot;))</message>
  <nestedLevel>1</nestedLevel>
</record>
<record>
  <date>2019-07-08T11:28:32</date>
  <millis>1562565512751</millis>
  <sequence>242</sequence>
  <level>START</level>
  <class>com.kms.katalon.core.logging.XmlKeywordLogger</class>
  <method>startKeyword</method>
  <thread>1</thread>
  <message>Start action : setText(findTestObject(\&amp;quot;REALRatings/NorthHighland/Page_REALrating/ALevelPostcode\&amp;quot;), findTestData(\&amp;quot;getEmployable/Applicants\&amp;quot;).getValue(8, 1))</message>
  <nestedLevel>1</nestedLevel>
  <property name="startLine">198</property>
  <property name="stepIndex">31</property>
  <property name="description">ALevel PostalCode</property>
</record>
<record>
  <date>2019-07-08T11:28:32</date>
  <millis>1562565512976</millis>
  <sequence>257</sequence>
  <level>PASSED</level>
  <class>com.kms.katalon.core.logging.XmlKeywordLogger</class>
  <method>logMessage</method>
  <thread>1</thread>
  <message>Text &amp;apos;NW64DN&amp;apos; is set on object &amp;apos;Object Repository/REALRatings/NorthHighland/Page_REALrating/ALevelPostcode&amp;apos;</message>
  <nestedLevel>1</nestedLevel>
</record>
<record>
  <date>2019-07-08T11:28:32</date>
  <millis>1562565512977</millis>
  <sequence>258</sequence>
  <level>END</level>
  <class>com.kms.katalon.core.logging.XmlKeywordLogger</class>
  <method>endKeyword</method>
  <thread>1</thread>
  <message>End action : setText(findTestObject(\&amp;quot;REALRatings/NorthHighland/Page_REALrating/ALevelPostcode\&amp;quot;), findTestData(\&amp;quot;getEmployable/Applicants\&amp;quot;).getValue(8, 1))</message>
  <nestedLevel>1</nestedLevel>
</record>
<record>
  <date>2019-07-08T11:28:32</date>
  <millis>1562565512977</millis>
  <sequence>259</sequence>
  <level>START</level>
  <class>com.kms.katalon.core.logging.XmlKeywordLogger</class>
  <method>startKeyword</method>
  <thread>1</thread>
  <message>Start action : setText(findTestObject(\&amp;quot;REALRatings/NorthHighland/Page_REALrating/GCSEPostcode\&amp;quot;), findTestData(\&amp;quot;getEmployable/Applicants\&amp;quot;).getValue(9, 1))</message>
  <nestedLevel>1</nestedLevel>
  <property name="startLine">202</property>
  <property name="stepIndex">32</property>
  <property name="description">GCSE PostalCode</property>
</record>
<record>
  <date>2019-07-08T11:28:33</date>
  <millis>1562565513207</millis>
  <sequence>274</sequence>
  <level>PASSED</level>
  <class>com.kms.katalon.core.logging.XmlKeywordLogger</class>
  <method>logMessage</method>
  <thread>1</thread>
  <message>Text &amp;apos;AL60AA&amp;apos; is set on object &amp;apos;Object Repository/REALRatings/NorthHighland/Page_REALrating/GCSEPostcode&amp;apos;</message>
  <nestedLevel>1</nestedLevel>
</record>
<record>
  <date>2019-07-08T11:28:33</date>
  <millis>1562565513208</millis>
  <sequence>275</sequence>
  <level>END</level>
  <class>com.kms.katalon.core.logging.XmlKeywordLogger</class>
  <method>endKeyword</method>
  <thread>1</thread>
  <message>End action : setText(findTestObject(\&amp;quot;REALRatings/NorthHighland/Page_REALrating/GCSEPostcode\&amp;quot;), findTestData(\&amp;quot;getEmployable/Applicants\&amp;quot;).getValue(9, 1))</message>
  <nestedLevel>1</nestedLevel>
</record>
<record>
  <date>2019-07-08T11:28:33</date>
  <millis>1562565513208</millis>
  <sequence>276</sequence>
  <level>START</level>
  <class>com.kms.katalon.core.logging.XmlKeywordLogger</class>
  <method>startKeyword</method>
  <thread>1</thread>
  <message>Start action : click(findTestObject(\&amp;quot;REALRatings/NorthHighland/Page_REALrating/TickAnyStatement\&amp;quot;))</message>
  <nestedLevel>1</nestedLevel>
  <property name="startLine">206</property>
  <property name="stepIndex">33</property>
  <property name="description">Tick Any Statement</property>
</record>
<record>
  <date>2019-07-08T11:28:33</date>
  <millis>1562565513386</millis>
  <sequence>283</sequence>
  <level>PASSED</level>
  <class>com.kms.katalon.core.logging.XmlKeywordLogger</class>
  <method>logMessage</method>
  <thread>1</thread>
  <message>Object: &amp;apos;Object Repository/REALRatings/NorthHighland/Page_REALrating/TickAnyStatement&amp;apos; is clicked on</message>
  <nestedLevel>1</nestedLevel>
</record>
<record>
  <date>2019-07-08T11:28:33</date>
  <millis>1562565513387</millis>
  <sequence>284</sequence>
  <level>END</level>
  <class>com.kms.katalon.core.logging.XmlKeywordLogger</class>
  <method>endKeyword</method>
  <thread>1</thread>
  <message>End action : click(findTestObject(\&amp;quot;REALRatings/NorthHighland/Page_REALrating/TickAnyStatement\&amp;quot;))</message>
  <nestedLevel>1</nestedLevel>
</record>
<record>
  <date>2019-07-08T11:28:33</date>
  <millis>1562565513387</millis>
  <sequence>285</sequence>
  <level>START</level>
  <class>com.kms.katalon.core.logging.XmlKeywordLogger</class>
  <method>startKeyword</method>
  <thread>1</thread>
  <message>Start action : click(findTestObject(\&amp;quot;REALRatings/NorthHighland/Page_REALrating/ConfirmAggreement\&amp;quot;))</message>
  <nestedLevel>1</nestedLevel>
  <property name="startLine">209</property>
  <property name="stepIndex">34</property>
  <property name="description">User Agreement</property>
</record>
<record>
  <date>2019-07-08T11:28:33</date>
  <millis>1562565513503</millis>
  <sequence>292</sequence>
  <level>PASSED</level>
  <class>com.kms.katalon.core.logging.XmlKeywordLogger</class>
  <method>logMessage</method>
  <thread>1</thread>
  <message>Object: &amp;apos;Object Repository/REALRatings/NorthHighland/Page_REALrating/ConfirmAggreement&amp;apos; is clicked on</message>
  <nestedLevel>1</nestedLevel>
</record>
<record>
  <date>2019-07-08T11:28:33</date>
  <millis>1562565513503</millis>
  <sequence>293</sequence>
  <level>END</level>
  <class>com.kms.katalon.core.logging.XmlKeywordLogger</class>
  <method>endKeyword</method>
  <thread>1</thread>
  <message>End action : click(findTestObject(\&amp;quot;REALRatings/NorthHighland/Page_REALrating/ConfirmAggreement\&amp;quot;))</message>
  <nestedLevel>1</nestedLevel>
</record>
<record>
  <date>2019-07-08T11:28:33</date>
  <millis>1562565513503</millis>
  <sequence>294</sequence>
  <level>START</level>
  <class>com.kms.katalon.core.logging.XmlKeywordLogger</class>
  <method>startKeyword</method>
  <thread>1</thread>
  <message>Start action : click(findTestObject(\&amp;quot;REALRatings/NorthHighland/Page_REALrating/Submit\&amp;quot;))</message>
  <nestedLevel>1</nestedLevel>
  <property name="startLine">212</property>
  <property name="stepIndex">35</property>
  <property name="description">Click on Submit Button</property>
</record>
<record>
  <date>2019-07-08T11:28:33</date>
  <millis>1562565513616</millis>
  <sequence>301</sequence>
  <level>PASSED</level>
  <class>com.kms.katalon.core.logging.XmlKeywordLogger</class>
  <method>logMessage</method>
  <thread>1</thread>
  <message>Object: &amp;apos;Object Repository/REALRatings/NorthHighland/Page_REALrating/Submit&amp;apos; is clicked on</message>
  <nestedLevel>1</nestedLevel>
</record>
<record>
  <date>2019-07-08T11:28:33</date>
  <millis>1562565513617</millis>
  <sequence>302</sequence>
  <level>END</level>
  <class>com.kms.katalon.core.logging.XmlKeywordLogger</class>
  <method>endKeyword</method>
  <thread>1</thread>
  <message>End action : click(findTestObject(\&amp;quot;REALRatings/NorthHighland/Page_REALrating/Submit\&amp;quot;))</message>
  <nestedLevel>1</nestedLevel>
</record>
<record>
  <date>2019-07-08T11:28:33</date>
  <millis>1562565513617</millis>
  <sequence>303</sequence>
  <level>START</level>
  <class>com.kms.katalon.core.logging.XmlKeywordLogger</class>
  <method>startKeyword</method>
  <thread>1</thread>
  <message>Start action : delay(5)</message>
  <nestedLevel>1</nestedLevel>
  <property name="startLine">214</property>
  <property name="stepIndex">36</property>
</record>
<record>
  <date>2019-07-08T11:28:38</date>
  <millis>1562565518619</millis>
  <sequence>305</sequence>
  <level>PASSED</level>
  <class>com.kms.katalon.core.logging.XmlKeywordLogger</class>
  <method>logMessage</method>
  <thread>1</thread>
  <message>Delayed 5 second(s)</message>
  <nestedLevel>1</nestedLevel>
</record>
<record>
  <date>2019-07-08T11:28:38</date>
  <millis>1562565518620</millis>
  <sequence>306</sequence>
  <level>END</level>
  <class>com.kms.katalon.core.logging.XmlKeywordLogger</class>
  <method>endKeyword</method>
  <thread>1</thread>
  <message>End action : delay(5)</message>
  <nestedLevel>1</nestedLevel>
</record>
<record>
  <date>2019-07-08T11:28:38</date>
  <millis>1562565518621</millis>
  <sequence>307</sequence>
  <level>START</level>
  <class>com.kms.katalon.core.logging.XmlKeywordLogger</class>
  <method>startKeyword</method>
  <thread>1</thread>
  <message>Start action : assert getUrl() == \&amp;quot;https://uat-cil.realrating.co.uk/thankyou\&amp;quot;</message>
  <nestedLevel>1</nestedLevel>
  <property name="startLine">217</property>
  <property name="stepIndex">37</property>
  <property name="description">verify Sucessfull Form Submission</property>
</record>
<record>
  <date>2019-07-08T11:28:38</date>
  <millis>1562565518662</millis>
  <sequence>309</sequence>
  <level>PASSED</level>
  <class>com.kms.katalon.core.logging.XmlKeywordLogger</class>
  <method>logMessage</method>
  <thread>1</thread>
  <message>Current window&amp;apos;s url is: &amp;apos;https://uat-cil.realrating.co.uk/thankyou&amp;apos;</message>
  <nestedLevel>1</nestedLevel>
</record>
<record>
  <date>2019-07-08T11:28:38</date>
  <millis>1562565518663</millis>
  <sequence>310</sequence>
  <level>END</level>
  <class>com.kms.katalon.core.logging.XmlKeywordLogger</class>
  <method>endKeyword</method>
  <thread>1</thread>
  <message>End action : assert getUrl() == \&amp;quot;https://uat-cil.realrating.co.uk/thankyou\&amp;quot;</message>
  <nestedLevel>1</nestedLevel>
</record>
<record>
  <date>2019-07-08T11:28:38</date>
  <millis>1562565518663</millis>
  <sequence>311</sequence>
  <level>START</level>
  <class>com.kms.katalon.core.logging.XmlKeywordLogger</class>
  <method>startKeyword</method>
  <thread>1</thread>
  <message>Start action : takeScreenshot()</message>
  <nestedLevel>1</nestedLevel>
  <property name="startLine">219</property>
  <property name="stepIndex">38</property>
</record>
<record>
  <date>2019-07-08T11:28:38</date>
  <millis>1562565518951</millis>
  <sequence>312</sequence>
  <level>PASSED</level>
  <class>com.kms.katalon.core.logging.XmlKeywordLogger</class>
  <method>logMessage</method>
  <thread>1</thread>
  <message>Taking screenshot successfully</message>
  <nestedLevel>1</nestedLevel>
  <property name="attachment">C:\\Users\\sambhavi\\git\\didactic-octo-spork\\Reports\\REALratings\\CIL\\20190708_112754\\1562565518681.png</property>
</record>
<record>
  <date>2019-07-08T11:28:38</date>
  <millis>1562565518951</millis>
  <sequence>313</sequence>
  <level>END</level>
  <class>com.kms.katalon.core.logging.XmlKeywordLogger</class>
  <method>endKeyword</method>
  <thread>1</thread>
  <message>End action : takeScreenshot()</message>
  <nestedLevel>1</nestedLevel>
</record>
<record>
  <date>2019-07-08T11:28:38</date>
  <millis>1562565518951</millis>
  <sequence>314</sequence>
  <level>PASSED</level>
  <class>com.kms.katalon.core.logging.XmlKeywordLogger</class>
  <method>logMessage</method>
  <thread>1</thread>
  <message>Test Cases/REALratings/CIL/Form Submission</message>
  <nestedLevel>1</nestedLevel>
</record>
<record>
  <date>2019-07-08T11:28:38</date>
  <millis>1562565518952</millis>
  <sequence>315</sequence>
  <level>END</level>
  <class>com.kms.katalon.core.logging.XmlKeywordLogger</class>
  <method>endTest</method>
  <thread>1</thread>
  <message>End Test Case : Test Cases/REALratings/CIL/Form Submission</message>
  <nestedLevel>0</nestedLevel>
</record>
<record>
  <date>2019-07-08T11:28:38</date>
  <millis>1562565518967</millis>
  <sequence>316</sequence>
  <level>START</level>
  <class>com.kms.katalon.core.logging.XmlKeywordLogger</class>
  <method>startTest</method>
  <thread>1</thread>
  <message>Start Test Case : Test Cases/REALratings/CIL/Login</message>
  <nestedLevel>1</nestedLevel>
  <property name="name">Test Cases/REALratings/CIL/Login</property>
  <property name="description"></property>
  <property name="id">Test Cases/REALratings/CIL/Login</property>
  <property name="source">C:\\Users\\sambhavi\\git\\didactic-octo-spork\\Test Cases\\REALratings\\CIL\\Login.tc</property>
  <property name="isOptional">false</property>
</record>
<record>
  <date>2019-07-08T11:28:39</date>
  <millis>1562565519139</millis>
  <sequence>318</sequence>
  <level>START</level>
  <class>com.kms.katalon.core.logging.XmlKeywordLogger</class>
  <method>startKeyword</method>
  <thread>1</thread>
  <message>Start action : comment(\&amp;quot;CIL- Login\&amp;quot;)</message>
  <nestedLevel>1</nestedLevel>
  <property name="startLine">16</property>
  <property name="stepIndex">1</property>
</record>
<record>
  <date>2019-07-08T11:28:39</date>
  <millis>1562565519142</millis>
  <sequence>319</sequence>
  <level>INFO</level>
  <class>com.kms.katalon.core.logging.XmlKeywordLogger</class>
  <method>logMessage</method>
  <thread>1</thread>
  <message>CIL- Login</message>
  <nestedLevel>1</nestedLevel>
</record>
<record>
  <date>2019-07-08T11:28:39</date>
  <millis>1562565519142</millis>
  <sequence>320</sequence>
  <level>END</level>
  <class>com.kms.katalon.core.logging.XmlKeywordLogger</class>
  <method>endKeyword</method>
  <thread>1</thread>
  <message>End action : comment(\&amp;quot;CIL- Login\&amp;quot;)</message>
  <nestedLevel>1</nestedLevel>
</record>
<record>
  <date>2019-07-08T11:28:39</date>
  <millis>1562565519143</millis>
  <sequence>321</sequence>
  <level>START</level>
  <class>com.kms.katalon.core.logging.XmlKeywordLogger</class>
  <method>startKeyword</method>
  <thread>1</thread>
  <message>Start action : openBrowser(\&amp;quot;\&amp;quot;)</message>
  <nestedLevel>1</nestedLevel>
  <property name="startLine">19</property>
  <property name="stepIndex">2</property>
  <property name="description">Open Browser</property>
</record>
<record>
  <date>2019-07-08T11:28:39</date>
  <millis>1562565519170</millis>
  <sequence>323</sequence>
  <level>WARNING</level>
  <class>com.kms.katalon.core.logging.XmlKeywordLogger</class>
  <method>logMessage</method>
  <thread>1</thread>
  <message>A browser is already opened. Closing browser and opening a new one</message>
  <nestedLevel>1</nestedLevel>
</record>
<record>
  <date>2019-07-08T11:28:39</date>
  <millis>1562565519805</millis>
  <sequence>324</sequence>
  <level>INFO</level>
  <class>com.kms.katalon.core.logging.XmlKeywordLogger</class>
  <method>logMessage</method>
  <thread>1</thread>
  <message>Starting &amp;apos;Chrome&amp;apos; driver</message>
  <nestedLevel>1</nestedLevel>
</record>
<record>
  <date>2019-07-08T11:28:43</date>
  <millis>1562565523088</millis>
  <sequence>326</sequence>
  <level>RUN_DATA</level>
  <class>com.kms.katalon.core.logging.XmlKeywordLogger</class>
  <method>logMessage</method>
  <thread>1</thread>
  <message>sessionId = 612476a9df95595889150b8f70f43cd1</message>
  <nestedLevel>1</nestedLevel>
  <property name="sessionId">612476a9df95595889150b8f70f43cd1</property>
</record>
<record>
  <date>2019-07-08T11:28:43</date>
  <millis>1562565523095</millis>
  <sequence>327</sequence>
  <level>RUN_DATA</level>
  <class>com.kms.katalon.core.logging.XmlKeywordLogger</class>
  <method>logMessage</method>
  <thread>1</thread>
  <message>browser = Chrome 75.0.3770.100</message>
  <nestedLevel>1</nestedLevel>
  <property name="browser">Chrome 75.0.3770.100</property>
</record>
<record>
  <date>2019-07-08T11:28:43</date>
  <millis>1562565523095</millis>
  <sequence>328</sequence>
  <level>RUN_DATA</level>
  <class>com.kms.katalon.core.logging.XmlKeywordLogger</class>
  <method>logMessage</method>
  <thread>1</thread>
  <message>platform = Windows 10</message>
  <nestedLevel>1</nestedLevel>
  <property name="platform">Windows 10</property>
</record>
<record>
  <date>2019-07-08T11:28:43</date>
  <millis>1562565523096</millis>
  <sequence>329</sequence>
  <level>RUN_DATA</level>
  <class>com.kms.katalon.core.logging.XmlKeywordLogger</class>
  <method>logMessage</method>
  <thread>1</thread>
  <message>seleniumVersion = 3.7.1</message>
  <nestedLevel>1</nestedLevel>
  <property name="seleniumVersion">3.7.1</property>
</record>
<record>
  <date>2019-07-08T11:28:43</date>
  <millis>1562565523096</millis>
  <sequence>330</sequence>
  <level>RUN_DATA</level>
  <class>com.kms.katalon.core.logging.XmlKeywordLogger</class>
  <method>logMessage</method>
  <thread>1</thread>
  <message>proxyInformation = ProxyInformation{proxyOption=NO_PROXY, proxyServerType=HTTP, password=, proxyServerAddress=, proxyServerPort=0}</message>
  <nestedLevel>1</nestedLevel>
  <property name="proxyInformation">ProxyInformation{proxyOption=NO_PROXY, proxyServerType=HTTP, password=, proxyServerAddress=, proxyServerPort=0}</property>
</record>
<record>
  <date>2019-07-08T11:28:43</date>
  <millis>1562565523096</millis>
  <sequence>331</sequence>
  <level>PASSED</level>
  <class>com.kms.katalon.core.logging.XmlKeywordLogger</class>
  <method>logMessage</method>
  <thread>1</thread>
  <message>Browser is opened with url: &amp;apos;&amp;apos;</message>
  <nestedLevel>1</nestedLevel>
</record>
<record>
  <date>2019-07-08T11:28:43</date>
  <millis>1562565523097</millis>
  <sequence>332</sequence>
  <level>END</level>
  <class>com.kms.katalon.core.logging.XmlKeywordLogger</class>
  <method>endKeyword</method>
  <thread>1</thread>
  <message>End action : openBrowser(\&amp;quot;\&amp;quot;)</message>
  <nestedLevel>1</nestedLevel>
</record>
<record>
  <date>2019-07-08T11:28:43</date>
  <millis>1562565523097</millis>
  <sequence>333</sequence>
  <level>START</level>
  <class>com.kms.katalon.core.logging.XmlKeywordLogger</class>
  <method>startKeyword</method>
  <thread>1</thread>
  <message>Start action : navigateToUrl(\&amp;quot;https://uat-cil.realrating.co.uk/login\&amp;quot;)</message>
  <nestedLevel>1</nestedLevel>
  <property name="startLine">22</property>
  <property name="stepIndex">3</property>
  <property name="description">Login to CIL Application</property>
</record>
<record>
  <date>2019-07-08T11:28:48</date>
  <millis>1562565528666</millis>
  <sequence>336</sequence>
  <level>PASSED</level>
  <class>com.kms.katalon.core.logging.XmlKeywordLogger</class>
  <method>logMessage</method>
  <thread>1</thread>
  <message>Navigate to &amp;apos;https://uat-cil.realrating.co.uk/login&amp;apos; successfully</message>
  <nestedLevel>1</nestedLevel>
</record>
<record>
  <date>2019-07-08T11:28:48</date>
  <millis>1562565528667</millis>
  <sequence>337</sequence>
  <level>END</level>
  <class>com.kms.katalon.core.logging.XmlKeywordLogger</class>
  <method>endKeyword</method>
  <thread>1</thread>
  <message>End action : navigateToUrl(\&amp;quot;https://uat-cil.realrating.co.uk/login\&amp;quot;)</message>
  <nestedLevel>1</nestedLevel>
</record>
<record>
  <date>2019-07-08T11:28:48</date>
  <millis>1562565528667</millis>
  <sequence>338</sequence>
  <level>START</level>
  <class>com.kms.katalon.core.logging.XmlKeywordLogger</class>
  <method>startKeyword</method>
  <thread>1</thread>
  <message>Start action : maximizeWindow()</message>
  <nestedLevel>1</nestedLevel>
  <property name="startLine">24</property>
  <property name="stepIndex">4</property>
</record>
<record>
  <date>2019-07-08T11:28:49</date>
  <millis>1562565529782</millis>
  <sequence>340</sequence>
  <level>PASSED</level>
  <class>com.kms.katalon.core.logging.XmlKeywordLogger</class>
  <method>logMessage</method>
  <thread>1</thread>
  <message>Current window maximized</message>
  <nestedLevel>1</nestedLevel>
</record>
<record>
  <date>2019-07-08T11:28:49</date>
  <millis>1562565529783</millis>
  <sequence>341</sequence>
  <level>END</level>
  <class>com.kms.katalon.core.logging.XmlKeywordLogger</class>
  <method>endKeyword</method>
  <thread>1</thread>
  <message>End action : maximizeWindow()</message>
  <nestedLevel>1</nestedLevel>
</record>
<record>
  <date>2019-07-08T11:28:49</date>
  <millis>1562565529783</millis>
  <sequence>342</sequence>
  <level>START</level>
  <class>com.kms.katalon.core.logging.XmlKeywordLogger</class>
  <method>startKeyword</method>
  <thread>1</thread>
  <message>Start action : setText(findTestObject(\&amp;quot;REALRatings/Greensill/login/Page_RealRating/input_E-Mail Address_email\&amp;quot;), \&amp;quot;john@upreach.org.uk\&amp;quot;)</message>
  <nestedLevel>1</nestedLevel>
  <property name="startLine">27</property>
  <property name="stepIndex">5</property>
  <property name="description">Enter Email Address</property>
</record>
<record>
  <date>2019-07-08T11:28:49</date>
  <millis>1562565529947</millis>
  <sequence>354</sequence>
  <level>PASSED</level>
  <class>com.kms.katalon.core.logging.XmlKeywordLogger</class>
  <method>logMessage</method>
  <thread>1</thread>
  <message>Text &amp;apos;john@upreach.org.uk&amp;apos; is set on object &amp;apos;Object Repository/REALRatings/Greensill/login/Page_RealRating/input_E-Mail Address_email&amp;apos;</message>
  <nestedLevel>1</nestedLevel>
</record>
<record>
  <date>2019-07-08T11:28:49</date>
  <millis>1562565529948</millis>
  <sequence>355</sequence>
  <level>END</level>
  <class>com.kms.katalon.core.logging.XmlKeywordLogger</class>
  <method>endKeyword</method>
  <thread>1</thread>
  <message>End action : setText(findTestObject(\&amp;quot;REALRatings/Greensill/login/Page_RealRating/input_E-Mail Address_email\&amp;quot;), \&amp;quot;john@upreach.org.uk\&amp;quot;)</message>
  <nestedLevel>1</nestedLevel>
</record>
<record>
  <date>2019-07-08T11:28:49</date>
  <millis>1562565529948</millis>
  <sequence>356</sequence>
  <level>START</level>
  <class>com.kms.katalon.core.logging.XmlKeywordLogger</class>
  <method>startKeyword</method>
  <thread>1</thread>
  <message>Start action : setEncryptedText(findTestObject(\&amp;quot;REALRatings/Greensill/login/Page_RealRating/input_Password_password\&amp;quot;), \&amp;quot;YPztdU12xyABLAH+eFFt4w==\&amp;quot;)</message>
  <nestedLevel>1</nestedLevel>
  <property name="startLine">30</property>
  <property name="stepIndex">6</property>
  <property name="description">Enter Password</property>
</record>
<record>
  <date>2019-07-08T11:28:50</date>
  <millis>1562565530078</millis>
  <sequence>365</sequence>
  <level>PASSED</level>
  <class>com.kms.katalon.core.logging.XmlKeywordLogger</class>
  <method>logMessage</method>
  <thread>1</thread>
  <message>Text ****** has been set on object &amp;apos;Object Repository/REALRatings/Greensill/login/Page_RealRating/input_Password_password&amp;apos;</message>
  <nestedLevel>1</nestedLevel>
</record>
<record>
  <date>2019-07-08T11:28:50</date>
  <millis>1562565530078</millis>
  <sequence>366</sequence>
  <level>END</level>
  <class>com.kms.katalon.core.logging.XmlKeywordLogger</class>
  <method>endKeyword</method>
  <thread>1</thread>
  <message>End action : setEncryptedText(findTestObject(\&amp;quot;REALRatings/Greensill/login/Page_RealRating/input_Password_password\&amp;quot;), \&amp;quot;YPztdU12xyABLAH+eFFt4w==\&amp;quot;)</message>
  <nestedLevel>1</nestedLevel>
</record>
<record>
  <date>2019-07-08T11:28:50</date>
  <millis>1562565530078</millis>
  <sequence>367</sequence>
  <level>START</level>
  <class>com.kms.katalon.core.logging.XmlKeywordLogger</class>
  <method>startKeyword</method>
  <thread>1</thread>
  <message>Start action : click(findTestObject(\&amp;quot;REALRatings/Greensill/login/Page_RealRating/button_Login\&amp;quot;))</message>
  <nestedLevel>1</nestedLevel>
  <property name="startLine">33</property>
  <property name="stepIndex">7</property>
  <property name="description">Click On Login</property>
</record>
<record>
  <date>2019-07-08T11:28:53</date>
  <millis>1562565533848</millis>
  <sequence>374</sequence>
  <level>PASSED</level>
  <class>com.kms.katalon.core.logging.XmlKeywordLogger</class>
  <method>logMessage</method>
  <thread>1</thread>
  <message>Object: &amp;apos;Object Repository/REALRatings/Greensill/login/Page_RealRating/button_Login&amp;apos; is clicked on</message>
  <nestedLevel>1</nestedLevel>
</record>
<record>
  <date>2019-07-08T11:28:53</date>
  <millis>1562565533849</millis>
  <sequence>375</sequence>
  <level>END</level>
  <class>com.kms.katalon.core.logging.XmlKeywordLogger</class>
  <method>endKeyword</method>
  <thread>1</thread>
  <message>End action : click(findTestObject(\&amp;quot;REALRatings/Greensill/login/Page_RealRating/button_Login\&amp;quot;))</message>
  <nestedLevel>1</nestedLevel>
</record>
<record>
  <date>2019-07-08T11:28:53</date>
  <millis>1562565533849</millis>
  <sequence>376</sequence>
  <level>START</level>
  <class>com.kms.katalon.core.logging.XmlKeywordLogger</class>
  <method>startKeyword</method>
  <thread>1</thread>
  <message>Start action : getAllLinksOnCurrentPage(false, [])</message>
  <nestedLevel>1</nestedLevel>
  <property name="startLine">36</property>
  <property name="stepIndex">8</property>
  <property name="description">Get All Links On Current Page - A-Level</property>
</record>
<record>
  <date>2019-07-08T11:28:54</date>
  <millis>1562565534175</millis>
  <sequence>379</sequence>
  <level>PASSED</level>
  <class>com.kms.katalon.core.logging.XmlKeywordLogger</class>
  <method>logMessage</method>
  <thread>1</thread>
  <message>Found 16 unique links on the page https://uat-cil.realrating.co.uk/home</message>
  <nestedLevel>1</nestedLevel>
</record>
<record>
  <date>2019-07-08T11:28:54</date>
  <millis>1562565534175</millis>
  <sequence>380</sequence>
  <level>END</level>
  <class>com.kms.katalon.core.logging.XmlKeywordLogger</class>
  <method>endKeyword</method>
  <thread>1</thread>
  <message>End action : getAllLinksOnCurrentPage(false, [])</message>
  <nestedLevel>1</nestedLevel>
</record>
<record>
  <date>2019-07-08T11:28:54</date>
  <millis>1562565534175</millis>
  <sequence>381</sequence>
  <level>START</level>
  <class>com.kms.katalon.core.logging.XmlKeywordLogger</class>
  <method>startKeyword</method>
  <thread>1</thread>
  <message>Start action : verifyAllLinksOnCurrentPageAccessible(false, [])</message>
  <nestedLevel>1</nestedLevel>
  <property name="startLine">39</property>
  <property name="stepIndex">9</property>
  <property name="description">Verify All Links On Current Page Accessible - A-Level</property>
</record>
<record>
  <date>2019-07-08T11:28:54</date>
  <millis>1562565534502</millis>
  <sequence>384</sequence>
  <level>PASSED</level>
  <class>com.kms.katalon.core.logging.XmlKeywordLogger</class>
  <method>logMessage</method>
  <thread>1</thread>
  <message>Found 16 unique links on the page https://uat-cil.realrating.co.uk/home</message>
  <nestedLevel>1</nestedLevel>
</record>
<record>
  <date>2019-07-08T11:29:00</date>
  <millis>1562565540539</millis>
  <sequence>387</sequence>
  <level>INFO</level>
  <class>com.kms.katalon.core.logging.XmlKeywordLogger</class>
  <method>logMessage</method>
  <thread>1</thread>
  <message>HAR: C:\\Users\\sambhavi\\git\\didactic-octo-spork\\Reports\\REALratings\\CIL\\20190708_112754\\requests\\main\\0.har</message>
  <nestedLevel>1</nestedLevel>
  <property name="harId">8b08cd58-e920-422e-b199-5a8e0be0cef8</property>
</record>
<record>
  <date>2019-07-08T11:29:00</date>
  <millis>1562565540629</millis>
  <sequence>388</sequence>
  <level>PASSED</level>
  <class>com.kms.katalon.core.logging.XmlKeywordLogger</class>
  <method>logMessage</method>
  <thread>1</thread>
  <message>Send request successfully</message>
  <nestedLevel>1</nestedLevel>
</record>
<record>
  <date>2019-07-08T11:29:01</date>
  <millis>1562565541566</millis>
  <sequence>390</sequence>
  <level>INFO</level>
  <class>com.kms.katalon.core.logging.XmlKeywordLogger</class>
  <method>logMessage</method>
  <thread>1</thread>
  <message>HAR: C:\\Users\\sambhavi\\git\\didactic-octo-spork\\Reports\\REALratings\\CIL\\20190708_112754\\requests\\main\\1.har</message>
  <nestedLevel>1</nestedLevel>
  <property name="harId">cedb0b3c-096e-41ee-8c65-c3caea002e3a</property>
</record>
<record>
  <date>2019-07-08T11:29:01</date>
  <millis>1562565541631</millis>
  <sequence>391</sequence>
  <level>PASSED</level>
  <class>com.kms.katalon.core.logging.XmlKeywordLogger</class>
  <method>logMessage</method>
  <thread>1</thread>
  <message>Send request successfully</message>
  <nestedLevel>1</nestedLevel>
</record>
<record>
  <date>2019-07-08T11:29:02</date>
  <millis>1562565542181</millis>
  <sequence>393</sequence>
  <level>INFO</level>
  <class>com.kms.katalon.core.logging.XmlKeywordLogger</class>
  <method>logMessage</method>
  <thread>1</thread>
  <message>HAR: C:\\Users\\sambhavi\\git\\didactic-octo-spork\\Reports\\REALratings\\CIL\\20190708_112754\\requests\\main\\2.har</message>
  <nestedLevel>1</nestedLevel>
  <property name="harId">63fe25ae-59eb-4e32-b2d2-63a62ed450a1</property>
</record>
<record>
  <date>2019-07-08T11:29:02</date>
  <millis>1562565542192</millis>
  <sequence>394</sequence>
  <level>PASSED</level>
  <class>com.kms.katalon.core.logging.XmlKeywordLogger</class>
  <method>logMessage</method>
  <thread>1</thread>
  <message>Send request successfully</message>
  <nestedLevel>1</nestedLevel>
</record>
<record>
  <date>2019-07-08T11:29:02</date>
  <millis>1562565542739</millis>
  <sequence>396</sequence>
  <level>INFO</level>
  <class>com.kms.katalon.core.logging.XmlKeywordLogger</class>
  <method>logMessage</method>
  <thread>1</thread>
  <message>HAR: C:\\Users\\sambhavi\\git\\didactic-octo-spork\\Reports\\REALratings\\CIL\\20190708_112754\\requests\\main\\3.har</message>
  <nestedLevel>1</nestedLevel>
  <property name="harId">70a29920-aa29-4918-94af-0650d564396d</property>
</record>
<record>
  <date>2019-07-08T11:29:02</date>
  <millis>1562565542768</millis>
  <sequence>397</sequence>
  <level>PASSED</level>
  <class>com.kms.katalon.core.logging.XmlKeywordLogger</class>
  <method>logMessage</method>
  <thread>1</thread>
  <message>Send request successfully</message>
  <nestedLevel>1</nestedLevel>
</record>
<record>
  <date>2019-07-08T11:29:13</date>
  <millis>1562565553341</millis>
  <sequence>399</sequence>
  <level>INFO</level>
  <class>com.kms.katalon.core.logging.XmlKeywordLogger</class>
  <method>logMessage</method>
  <thread>1</thread>
  <message>HAR: C:\\Users\\sambhavi\\git\\didactic-octo-spork\\Reports\\REALratings\\CIL\\20190708_112754\\requests\\main\\4.har</message>
  <nestedLevel>1</nestedLevel>
  <property name="harId">429887d7-1c2b-4dc0-8fad-a6670f5f9351</property>
</record>
<record>
  <date>2019-07-08T11:29:13</date>
  <millis>1562565553376</millis>
  <sequence>400</sequence>
  <level>PASSED</level>
  <class>com.kms.katalon.core.logging.XmlKeywordLogger</class>
  <method>logMessage</method>
  <thread>1</thread>
  <message>Send request successfully</message>
  <nestedLevel>1</nestedLevel>
</record>
<record>
  <date>2019-07-08T11:29:14</date>
  <millis>1562565554035</millis>
  <sequence>402</sequence>
  <level>INFO</level>
  <class>com.kms.katalon.core.logging.XmlKeywordLogger</class>
  <method>logMessage</method>
  <thread>1</thread>
  <message>HAR: C:\\Users\\sambhavi\\git\\didactic-octo-spork\\Reports\\REALratings\\CIL\\20190708_112754\\requests\\main\\5.har</message>
  <nestedLevel>1</nestedLevel>
  <property name="harId">c5abdfc4-4785-4304-82f2-3a843b595c49</property>
</record>
<record>
  <date>2019-07-08T11:29:14</date>
  <millis>1562565554074</millis>
  <sequence>403</sequence>
  <level>PASSED</level>
  <class>com.kms.katalon.core.logging.XmlKeywordLogger</class>
  <method>logMessage</method>
  <thread>1</thread>
  <message>Send request successfully</message>
  <nestedLevel>1</nestedLevel>
</record>
<record>
  <date>2019-07-08T11:29:35</date>
  <millis>1562565575088</millis>
  <sequence>405</sequence>
  <level>INFO</level>
  <class>com.kms.katalon.core.logging.XmlKeywordLogger</class>
  <method>logMessage</method>
  <thread>1</thread>
  <message>HAR: C:\\Users\\sambhavi\\git\\didactic-octo-spork\\Reports\\REALratings\\CIL\\20190708_112754\\requests\\main\\6.har</message>
  <nestedLevel>1</nestedLevel>
  <property name="harId">ea294654-f82c-4039-9070-df7c3f84afa2</property>
</record>
<record>
  <date>2019-07-08T11:29:35</date>
  <millis>1562565575097</millis>
  <sequence>406</sequence>
  <level>PASSED</level>
  <class>com.kms.katalon.core.logging.XmlKeywordLogger</class>
  <method>logMessage</method>
  <thread>1</thread>
  <message>Send request successfully</message>
  <nestedLevel>1</nestedLevel>
</record>
<record>
  <date>2019-07-08T11:29:36</date>
  <millis>1562565576450</millis>
  <sequence>408</sequence>
  <level>INFO</level>
  <class>com.kms.katalon.core.logging.XmlKeywordLogger</class>
  <method>logMessage</method>
  <thread>1</thread>
  <message>HAR: C:\\Users\\sambhavi\\git\\didactic-octo-spork\\Reports\\REALratings\\CIL\\20190708_112754\\requests\\main\\7.har</message>
  <nestedLevel>1</nestedLevel>
  <property name="harId">242fbd69-d8b7-42ea-8730-6c62be106656</property>
</record>
<record>
  <date>2019-07-08T11:29:36</date>
  <millis>1562565576462</millis>
  <sequence>409</sequence>
  <level>PASSED</level>
  <class>com.kms.katalon.core.logging.XmlKeywordLogger</class>
  <method>logMessage</method>
  <thread>1</thread>
  <message>Send request successfully</message>
  <nestedLevel>1</nestedLevel>
</record>
<record>
  <date>2019-07-08T11:29:37</date>
  <millis>1562565577016</millis>
  <sequence>411</sequence>
  <level>INFO</level>
  <class>com.kms.katalon.core.logging.XmlKeywordLogger</class>
  <method>logMessage</method>
  <thread>1</thread>
  <message>HAR: C:\\Users\\sambhavi\\git\\didactic-octo-spork\\Reports\\REALratings\\CIL\\20190708_112754\\requests\\main\\8.har</message>
  <nestedLevel>1</nestedLevel>
  <property name="harId">452d577c-d17e-4b65-a355-5ea283552448</property>
</record>
<record>
  <date>2019-07-08T11:29:37</date>
  <millis>1562565577022</millis>
  <sequence>412</sequence>
  <level>PASSED</level>
  <class>com.kms.katalon.core.logging.XmlKeywordLogger</class>
  <method>logMessage</method>
  <thread>1</thread>
  <message>Send request successfully</message>
  <nestedLevel>1</nestedLevel>
</record>
<record>
  <date>2019-07-08T11:29:38</date>
  <millis>1562565578257</millis>
  <sequence>414</sequence>
  <level>INFO</level>
  <class>com.kms.katalon.core.logging.XmlKeywordLogger</class>
  <method>logMessage</method>
  <thread>1</thread>
  <message>HAR: C:\\Users\\sambhavi\\git\\didactic-octo-spork\\Reports\\REALratings\\CIL\\20190708_112754\\requests\\main\\9.har</message>
  <nestedLevel>1</nestedLevel>
  <property name="harId">dd177722-995a-4276-99c2-0bce8792c59b</property>
</record>
<record>
  <date>2019-07-08T11:29:38</date>
  <millis>1562565578297</millis>
  <sequence>415</sequence>
  <level>PASSED</level>
  <class>com.kms.katalon.core.logging.XmlKeywordLogger</class>
  <method>logMessage</method>
  <thread>1</thread>
  <message>Send request successfully</message>
  <nestedLevel>1</nestedLevel>
</record>
<record>
  <date>2019-07-08T11:29:39</date>
  <millis>1562565579484</millis>
  <sequence>417</sequence>
  <level>INFO</level>
  <class>com.kms.katalon.core.logging.XmlKeywordLogger</class>
  <method>logMessage</method>
  <thread>1</thread>
  <message>HAR: C:\\Users\\sambhavi\\git\\didactic-octo-spork\\Reports\\REALratings\\CIL\\20190708_112754\\requests\\main\\10.har</message>
  <nestedLevel>1</nestedLevel>
  <property name="harId">74f528a3-b21e-47b5-a2ce-8fdc5dfb4c57</property>
</record>
<record>
  <date>2019-07-08T11:29:39</date>
  <millis>1562565579518</millis>
  <sequence>418</sequence>
  <level>PASSED</level>
  <class>com.kms.katalon.core.logging.XmlKeywordLogger</class>
  <method>logMessage</method>
  <thread>1</thread>
  <message>Send request successfully</message>
  <nestedLevel>1</nestedLevel>
</record>
<record>
  <date>2019-07-08T11:29:40</date>
  <millis>1562565580041</millis>
  <sequence>420</sequence>
  <level>INFO</level>
  <class>com.kms.katalon.core.logging.XmlKeywordLogger</class>
  <method>logMessage</method>
  <thread>1</thread>
  <message>HAR: C:\\Users\\sambhavi\\git\\didactic-octo-spork\\Reports\\REALratings\\CIL\\20190708_112754\\requests\\main\\11.har</message>
  <nestedLevel>1</nestedLevel>
  <property name="harId">96887294-39ca-4fc1-a297-1713407bc62c</property>
</record>
<record>
  <date>2019-07-08T11:29:40</date>
  <millis>1562565580064</millis>
  <sequence>421</sequence>
  <level>PASSED</level>
  <class>com.kms.katalon.core.logging.XmlKeywordLogger</class>
  <method>logMessage</method>
  <thread>1</thread>
  <message>Send request successfully</message>
  <nestedLevel>1</nestedLevel>
</record>
<record>
  <date>2019-07-08T11:29:41</date>
  <millis>1562565581948</millis>
  <sequence>423</sequence>
  <level>INFO</level>
  <class>com.kms.katalon.core.logging.XmlKeywordLogger</class>
  <method>logMessage</method>
  <thread>1</thread>
  <message>HAR: C:\\Users\\sambhavi\\git\\didactic-octo-spork\\Reports\\REALratings\\CIL\\20190708_112754\\requests\\main\\12.har</message>
  <nestedLevel>1</nestedLevel>
  <property name="harId">aa215eb0-5736-4fce-94ec-4c62d7bb10a8</property>
</record>
<record>
  <date>2019-07-08T11:29:41</date>
  <millis>1562565581968</millis>
  <sequence>424</sequence>
  <level>PASSED</level>
  <class>com.kms.katalon.core.logging.XmlKeywordLogger</class>
  <method>logMessage</method>
  <thread>1</thread>
  <message>Send request successfully</message>
  <nestedLevel>1</nestedLevel>
</record>
<record>
  <date>2019-07-08T11:29:48</date>
  <millis>1562565588585</millis>
  <sequence>426</sequence>
  <level>INFO</level>
  <class>com.kms.katalon.core.logging.XmlKeywordLogger</class>
  <method>logMessage</method>
  <thread>1</thread>
  <message>HAR: C:\\Users\\sambhavi\\git\\didactic-octo-spork\\Reports\\REALratings\\CIL\\20190708_112754\\requests\\main\\13.har</message>
  <nestedLevel>1</nestedLevel>
  <property name="harId">947a15bd-89e4-4ab9-939d-a3124c575095</property>
</record>
<record>
  <date>2019-07-08T11:29:48</date>
  <millis>1562565588604</millis>
  <sequence>427</sequence>
  <level>PASSED</level>
  <class>com.kms.katalon.core.logging.XmlKeywordLogger</class>
  <method>logMessage</method>
  <thread>1</thread>
  <message>Send request successfully</message>
  <nestedLevel>1</nestedLevel>
</record>
<record>
  <date>2019-07-08T11:29:49</date>
  <millis>1562565589076</millis>
  <sequence>429</sequence>
  <level>INFO</level>
  <class>com.kms.katalon.core.logging.XmlKeywordLogger</class>
  <method>logMessage</method>
  <thread>1</thread>
  <message>HAR: C:\\Users\\sambhavi\\git\\didactic-octo-spork\\Reports\\REALratings\\CIL\\20190708_112754\\requests\\main\\14.har</message>
  <nestedLevel>1</nestedLevel>
  <property name="harId">0f6a3619-5952-4760-b5f7-874d481727ae</property>
</record>
<record>
  <date>2019-07-08T11:29:49</date>
  <millis>1562565589086</millis>
  <sequence>430</sequence>
  <level>PASSED</level>
  <class>com.kms.katalon.core.logging.XmlKeywordLogger</class>
  <method>logMessage</method>
  <thread>1</thread>
  <message>Send request successfully</message>
  <nestedLevel>1</nestedLevel>
</record>
<record>
  <date>2019-07-08T11:29:49</date>
  <millis>1562565589616</millis>
  <sequence>432</sequence>
  <level>INFO</level>
  <class>com.kms.katalon.core.logging.XmlKeywordLogger</class>
  <method>logMessage</method>
  <thread>1</thread>
  <message>HAR: C:\\Users\\sambhavi\\git\\didactic-octo-spork\\Reports\\REALratings\\CIL\\20190708_112754\\requests\\main\\15.har</message>
  <nestedLevel>1</nestedLevel>
  <property name="harId">3e039e76-188e-49a4-989c-2d1d28e024e9</property>
</record>
<record>
  <date>2019-07-08T11:29:49</date>
  <millis>1562565589634</millis>
  <sequence>433</sequence>
  <level>PASSED</level>
  <class>com.kms.katalon.core.logging.XmlKeywordLogger</class>
  <method>logMessage</method>
  <thread>1</thread>
  <message>Send request successfully</message>
  <nestedLevel>1</nestedLevel>
</record>
<record>
  <date>2019-07-08T11:29:49</date>
  <millis>1562565589636</millis>
  <sequence>434</sequence>
  <level>WARNING</level>
  <class>com.kms.katalon.core.logging.XmlKeywordLogger</class>
  <method>logMessage</method>
  <thread>1</thread>
  <message>Found 1 inaccessible links [https://uat-cil.realrating.co.uk/home]</message>
  <nestedLevel>1</nestedLevel>
</record>
<record>
  <date>2019-07-08T11:29:49</date>
  <millis>1562565589636</millis>
  <sequence>435</sequence>
  <level>FAILED</level>
  <class>com.kms.katalon.core.logging.XmlKeywordLogger</class>
  <method>logMessage</method>
  <thread>1</thread>
  <message>Some of links on the current page are inaccessible</message>
  <nestedLevel>1</nestedLevel>
</record>
<record>
  <date>2019-07-08T11:29:49</date>
  <millis>1562565589637</millis>
  <sequence>436</sequence>
  <level>FAILED</level>
  <class>com.kms.katalon.core.logging.XmlKeywordLogger</class>
  <method>logMessage</method>
  <thread>1</thread>
  <message>Unable to verify all links on the page &amp;apos;https://uat-cil.realrating.co.uk/home&amp;apos; are accessible</message>
  <nestedLevel>1</nestedLevel>
</record>
<record>
  <date>2019-07-08T11:29:49</date>
  <millis>1562565589641</millis>
  <sequence>438</sequence>
  <logger>com.kms.katalon.core.logging.XmlKeywordLogger</logger>
  <level>FAILED</level>
  <class>com.kms.katalon.core.logging.XmlKeywordLogger</class>
  <method>logMessage</method>
  <thread>1</thread>
  <message>verifyAllLinksOnCurrentPageAccessible(false, []) FAILED.\nReason:\ncom.kms.katalon.core.exception.StepFailedException: Unable to verify all links on the page &amp;apos;https://uat-cil.realrating.co.uk/home&amp;apos; are accessible\r\n\tat com.kms.katalon.core.keyword.internal.KeywordMain.stepFailed(KeywordMain.groovy:48)\r\n\tat com.kms.katalon.core.webui.keyword.internal.WebUIKeywordMain.stepFailed(WebUIKeywordMain.groovy:65)\r\n\tat com.kms.katalon.core.webui.keyword.internal.WebUIKeywordMain.runKeyword(WebUIKeywordMain.groovy:27)\r\n\tat com.kms.katalon.core.webui.keyword.builtin.VerifyAllLinksOnCurrentPageAccessibleKeyword.verifyAllLinksOnCurrentPageAccessible(VerifyAllLinksOnCurrentPageAccessibleKeyword.groovy:48)\r\n\tat com.kms.katalon.core.webui.keyword.builtin.VerifyAllLinksOnCurrentPageAccessibleKeyword.execute(VerifyAllLinksOnCurrentPageAccessibleKeyword.groovy:32)\r\n\tat com.kms.katalon.core.keyword.internal.KeywordExecutor.executeKeywordForPlatform(KeywordExecutor.groovy:56)\r\n\tat com.kms.katalon.core.webui.keyword.WebUiBuiltInKeywords.verifyAllLinksOnCurrentPageAccessible(WebUiBuiltInKeywords.groovy:3754)\r\n\tat com.kms.katalon.core.webui.keyword.WebUiBuiltInKeywords$verifyAllLinksOnCurrentPageAccessible$11.call(Unknown Source)\r\n\tat Login.run(Login:39)\r\n\tat com.kms.katalon.core.main.ScriptEngine.run(ScriptEngine.java:194)\r\n\tat com.kms.katalon.core.main.ScriptEngine.runScriptAsRawText(ScriptEngine.java:119)\r\n\tat com.kms.katalon.core.main.TestCaseExecutor.runScript(TestCaseExecutor.java:331)\r\n\tat com.kms.katalon.core.main.TestCaseExecutor.doExecute(TestCaseExecutor.java:322)\r\n\tat com.kms.katalon.core.main.TestCaseExecutor.processExecutionPhase(TestCaseExecutor.java:301)\r\n\tat com.kms.katalon.core.main.TestCaseExecutor.accessMainPhase(TestCaseExecutor.java:293)\r\n\tat com.kms.katalon.core.main.TestCaseExecutor.execute(TestCaseExecutor.java:227)\r\n\tat com.kms.katalon.core.main.TestSuiteExecutor.accessTestCaseMainPhase(TestSuiteExecutor.java:129)\r\n\tat com.kms.katalon.core.main.TestSuiteExecutor.accessTestSuiteMainPhase(TestSuiteExecutor.java:112)\r\n\tat com.kms.katalon.core.main.TestSuiteExecutor.execute(TestSuiteExecutor.java:81)\r\n\tat com.kms.katalon.core.main.TestCaseMain.startTestSuite(TestCaseMain.java:157)\r\n\tat com.kms.katalon.core.main.TestCaseMain$startTestSuite$0.call(Unknown Source)\r\n\tat TempTestSuite1562565474419.run(TempTestSuite1562565474419.groovy:35)\r\n</message>
  <exception>
    <message>com.kms.katalon.core.exception.StepFailedException: Unable to verify all links on the page 'https://uat-cil.realrating.co.uk/home' are accessible</message>
    <frame>
      <class>com.kms.katalon.core.keyword.internal.KeywordMain</class>
      <method>stepFailed</method>
      <line>48</line>
    </frame>
    <frame>
      <class>com.kms.katalon.core.webui.keyword.internal.WebUIKeywordMain</class>
      <method>stepFailed</method>
      <line>65</line>
    </frame>
    <frame>
      <class>com.kms.katalon.core.webui.keyword.internal.WebUIKeywordMain</class>
      <method>runKeyword</method>
      <line>27</line>
    </frame>
    <frame>
      <class>com.kms.katalon.core.webui.keyword.builtin.VerifyAllLinksOnCurrentPageAccessibleKeyword</class>
      <method>verifyAllLinksOnCurrentPageAccessible</method>
      <line>48</line>
    </frame>
    <frame>
      <class>com.kms.katalon.core.webui.keyword.builtin.VerifyAllLinksOnCurrentPageAccessibleKeyword</class>
      <method>execute</method>
      <line>32</line>
    </frame>
    <frame>
      <class>com.kms.katalon.core.keyword.internal.KeywordExecutor</class>
      <method>executeKeywordForPlatform</method>
      <line>56</line>
    </frame>
    <frame>
      <class>com.kms.katalon.core.webui.keyword.WebUiBuiltInKeywords</class>
      <method>verifyAllLinksOnCurrentPageAccessible</method>
      <line>3754</line>
    </frame>
    <frame>
      <class>com.kms.katalon.core.webui.keyword.WebUiBuiltInKeywords$verifyAllLinksOnCurrentPageAccessible$11</class>
      <method>call</method>
    </frame>
    <frame>
      <class>Login</class>
      <method>run</method>
      <line>39</line>
    </frame>
    <frame>
      <class>com.kms.katalon.core.main.ScriptEngine</class>
      <method>run</method>
      <line>194</line>
    </frame>
    <frame>
      <class>com.kms.katalon.core.main.ScriptEngine</class>
      <method>runScriptAsRawText</method>
      <line>119</line>
    </frame>
    <frame>
      <class>com.kms.katalon.core.main.TestCaseExecutor</class>
      <method>runScript</method>
      <line>331</line>
    </frame>
    <frame>
      <class>com.kms.katalon.core.main.TestCaseExecutor</class>
      <method>doExecute</method>
      <line>322</line>
    </frame>
    <frame>
      <class>com.kms.katalon.core.main.TestCaseExecutor</class>
      <method>processExecutionPhase</method>
      <line>301</line>
    </frame>
    <frame>
      <class>com.kms.katalon.core.main.TestCaseExecutor</class>
      <method>accessMainPhase</method>
      <line>293</line>
    </frame>
    <frame>
      <class>com.kms.katalon.core.main.TestCaseExecutor</class>
      <method>execute</method>
      <line>227</line>
    </frame>
    <frame>
      <class>com.kms.katalon.core.main.TestSuiteExecutor</class>
      <method>accessTestCaseMainPhase</method>
      <line>129</line>
    </frame>
    <frame>
      <class>com.kms.katalon.core.main.TestSuiteExecutor</class>
      <method>accessTestSuiteMainPhase</method>
      <line>112</line>
    </frame>
    <frame>
      <class>com.kms.katalon.core.main.TestSuiteExecutor</class>
      <method>execute</method>
      <line>81</line>
    </frame>
    <frame>
      <class>com.kms.katalon.core.main.TestCaseMain</class>
      <method>startTestSuite</method>
      <line>157</line>
    </frame>
    <frame>
      <class>com.kms.katalon.core.main.TestCaseMain$startTestSuite$0</class>
      <method>call</method>
    </frame>
    <frame>
      <class>TempTestSuite1562565474419</class>
      <method>run</method>
      <line>35</line>
    </frame>
  </exception>
  <nestedLevel>0</nestedLevel>
</record>
<record>
  <date>2019-07-08T11:29:49</date>
  <millis>1562565589642</millis>
  <sequence>439</sequence>
  <level>END</level>
  <class>com.kms.katalon.core.logging.XmlKeywordLogger</class>
  <method>endKeyword</method>
  <thread>1</thread>
  <message>End action : verifyAllLinksOnCurrentPageAccessible(false, [])</message>
  <nestedLevel>1</nestedLevel>
</record>
<record>
  <date>2019-07-08T11:29:49</date>
  <millis>1562565589643</millis>
  <sequence>441</sequence>
  <logger>com.kms.katalon.core.logging.XmlKeywordLogger</logger>
  <level>FAILED</level>
  <class>com.kms.katalon.core.logging.XmlKeywordLogger</class>
  <method>logMessage</method>
  <thread>1</thread>
  <message>Test Cases/REALratings/CIL/Login FAILED.\nReason:\ncom.kms.katalon.core.exception.StepFailedException: Unable to verify all links on the page &amp;apos;https://uat-cil.realrating.co.uk/home&amp;apos; are accessible\r\n\tat com.kms.katalon.core.keyword.internal.KeywordMain.stepFailed(KeywordMain.groovy:48)\r\n\tat com.kms.katalon.core.webui.keyword.internal.WebUIKeywordMain.stepFailed(WebUIKeywordMain.groovy:65)\r\n\tat com.kms.katalon.core.webui.keyword.internal.WebUIKeywordMain.runKeyword(WebUIKeywordMain.groovy:27)\r\n\tat com.kms.katalon.core.webui.keyword.builtin.VerifyAllLinksOnCurrentPageAccessibleKeyword.verifyAllLinksOnCurrentPageAccessible(VerifyAllLinksOnCurrentPageAccessibleKeyword.groovy:48)\r\n\tat com.kms.katalon.core.webui.keyword.builtin.VerifyAllLinksOnCurrentPageAccessibleKeyword.execute(VerifyAllLinksOnCurrentPageAccessibleKeyword.groovy:32)\r\n\tat com.kms.katalon.core.keyword.internal.KeywordExecutor.executeKeywordForPlatform(KeywordExecutor.groovy:56)\r\n\tat com.kms.katalon.core.webui.keyword.WebUiBuiltInKeywords.verifyAllLinksOnCurrentPageAccessible(WebUiBuiltInKeywords.groovy:3754)\r\n\tat com.kms.katalon.core.webui.keyword.WebUiBuiltInKeywords$verifyAllLinksOnCurrentPageAccessible$11.call(Unknown Source)\r\n\tat Login.run(Login:39)\r\n\tat com.kms.katalon.core.main.ScriptEngine.run(ScriptEngine.java:194)\r\n\tat com.kms.katalon.core.main.ScriptEngine.runScriptAsRawText(ScriptEngine.java:119)\r\n\tat com.kms.katalon.core.main.TestCaseExecutor.runScript(TestCaseExecutor.java:331)\r\n\tat com.kms.katalon.core.main.TestCaseExecutor.doExecute(TestCaseExecutor.java:322)\r\n\tat com.kms.katalon.core.main.TestCaseExecutor.processExecutionPhase(TestCaseExecutor.java:301)\r\n\tat com.kms.katalon.core.main.TestCaseExecutor.accessMainPhase(TestCaseExecutor.java:293)\r\n\tat com.kms.katalon.core.main.TestCaseExecutor.execute(TestCaseExecutor.java:227)\r\n\tat com.kms.katalon.core.main.TestSuiteExecutor.accessTestCaseMainPhase(TestSuiteExecutor.java:129)\r\n\tat com.kms.katalon.core.main.TestSuiteExecutor.accessTestSuiteMainPhase(TestSuiteExecutor.java:112)\r\n\tat com.kms.katalon.core.main.TestSuiteExecutor.execute(TestSuiteExecutor.java:81)\r\n\tat com.kms.katalon.core.main.TestCaseMain.startTestSuite(TestCaseMain.java:157)\r\n\tat com.kms.katalon.core.main.TestCaseMain$startTestSuite$0.call(Unknown Source)\r\n\tat TempTestSuite1562565474419.run(TempTestSuite1562565474419.groovy:35)\r\n</message>
  <exception>
    <message>com.kms.katalon.core.exception.StepFailedException: Unable to verify all links on the page 'https://uat-cil.realrating.co.uk/home' are accessible</message>
    <frame>
      <class>com.kms.katalon.core.keyword.internal.KeywordMain</class>
      <method>stepFailed</method>
      <line>48</line>
    </frame>
    <frame>
      <class>com.kms.katalon.core.webui.keyword.internal.WebUIKeywordMain</class>
      <method>stepFailed</method>
      <line>65</line>
    </frame>
    <frame>
      <class>com.kms.katalon.core.webui.keyword.internal.WebUIKeywordMain</class>
      <method>runKeyword</method>
      <line>27</line>
    </frame>
    <frame>
      <class>com.kms.katalon.core.webui.keyword.builtin.VerifyAllLinksOnCurrentPageAccessibleKeyword</class>
      <method>verifyAllLinksOnCurrentPageAccessible</method>
      <line>48</line>
    </frame>
    <frame>
      <class>com.kms.katalon.core.webui.keyword.builtin.VerifyAllLinksOnCurrentPageAccessibleKeyword</class>
      <method>execute</method>
      <line>32</line>
    </frame>
    <frame>
      <class>com.kms.katalon.core.keyword.internal.KeywordExecutor</class>
      <method>executeKeywordForPlatform</method>
      <line>56</line>
    </frame>
    <frame>
      <class>com.kms.katalon.core.webui.keyword.WebUiBuiltInKeywords</class>
      <method>verifyAllLinksOnCurrentPageAccessible</method>
      <line>3754</line>
    </frame>
    <frame>
      <class>com.kms.katalon.core.webui.keyword.WebUiBuiltInKeywords$verifyAllLinksOnCurrentPageAccessible$11</class>
      <method>call</method>
    </frame>
    <frame>
      <class>Login</class>
      <method>run</method>
      <line>39</line>
    </frame>
    <frame>
      <class>com.kms.katalon.core.main.ScriptEngine</class>
      <method>run</method>
      <line>194</line>
    </frame>
    <frame>
      <class>com.kms.katalon.core.main.ScriptEngine</class>
      <method>runScriptAsRawText</method>
      <line>119</line>
    </frame>
    <frame>
      <class>com.kms.katalon.core.main.TestCaseExecutor</class>
      <method>runScript</method>
      <line>331</line>
    </frame>
    <frame>
      <class>com.kms.katalon.core.main.TestCaseExecutor</class>
      <method>doExecute</method>
      <line>322</line>
    </frame>
    <frame>
      <class>com.kms.katalon.core.main.TestCaseExecutor</class>
      <method>processExecutionPhase</method>
      <line>301</line>
    </frame>
    <frame>
      <class>com.kms.katalon.core.main.TestCaseExecutor</class>
      <method>accessMainPhase</method>
      <line>293</line>
    </frame>
    <frame>
      <class>com.kms.katalon.core.main.TestCaseExecutor</class>
      <method>execute</method>
      <line>227</line>
    </frame>
    <frame>
      <class>com.kms.katalon.core.main.TestSuiteExecutor</class>
      <method>accessTestCaseMainPhase</method>
      <line>129</line>
    </frame>
    <frame>
      <class>com.kms.katalon.core.main.TestSuiteExecutor</class>
      <method>accessTestSuiteMainPhase</method>
      <line>112</line>
    </frame>
    <frame>
      <class>com.kms.katalon.core.main.TestSuiteExecutor</class>
      <method>execute</method>
      <line>81</line>
    </frame>
    <frame>
      <class>com.kms.katalon.core.main.TestCaseMain</class>
      <method>startTestSuite</method>
      <line>157</line>
    </frame>
    <frame>
      <class>com.kms.katalon.core.main.TestCaseMain$startTestSuite$0</class>
      <method>call</method>
    </frame>
    <frame>
      <class>TempTestSuite1562565474419</class>
      <method>run</method>
      <line>35</line>
    </frame>
  </exception>
  <nestedLevel>0</nestedLevel>
</record>
<record>
  <date>2019-07-08T11:29:49</date>
  <millis>1562565589644</millis>
  <sequence>442</sequence>
  <level>END</level>
  <class>com.kms.katalon.core.logging.XmlKeywordLogger</class>
  <method>endTest</method>
  <thread>1</thread>
  <message>End Test Case : Test Cases/REALratings/CIL/Login</message>
  <nestedLevel>0</nestedLevel>
</record>
<record>
  <date>2019-07-08T11:29:50</date>
  <millis>1562565590363</millis>
  <sequence>443</sequence>
  <level>END</level>
  <class>com.kms.katalon.core.logging.XmlKeywordLogger</class>
  <method>endSuite</method>
  <thread>1</thread>
  <message>End Test Suite : Test Suites/REALratings/CIL</message>
  <nestedLevel>0</nestedLevel>
</record>
</log>